A:(A,0) (CC,1) (AB,1) (AA,0) (AD,-2)
AA:(AA,0) (AD,-2)
AB:(AB,0) (AA,-1) (CC,0) (AD,-3)
AD:(AD,0) (AE,1)
AE:(AE,0) (AB,1) (F,-50) (AA,0) (CC,1) (AD,-2)
B:(B,0) (A,1) (CC,2) (AB,2) (AA,1) (AD,-1)
C:(C,0) (B,1) (A,2) (CC,3) (AB,3) (AA,2) (AD,0)
CC:(CC,0) (AB,0) (AA,-1) (AD,-3)
D:(D,0) (C,1) (B,2) (A,3) (CC,4) (AB,4) (AA,3) (AD,1)
E:(E,0) (D,1) (C,2) (B,3) (A,4) (CC,5) (AB,5) (AA,4) (AD,2)
F:(F,-100) (E,1) (AE,-50) (AB,-49) (AA,-50) (CC,-49) (AD,-52) (D,2) (C,3) (B,4) (A,5)
G:(G,0) (F,1) (E,2) (AE,-49) (AB,-48) (AA,-49) (CC,-48) (AD,-51) (D,3) (C,4) (B,5) (A,6)
H:(H,0) (G,1) (F,2) (E,3) (AE,-48) (AB,-47) (AA,-48) (CC,-47) (AD,-50) (D,4) (C,5) (B,6) (A,7)
I:(I,0) (H,1) (G,2) (F,3) (E,4) (AE,-47) (AB,-46) (AA,-47) (CC,-46) (AD,-49) (D,5) (C,6) (B,7) (A,8)
J:(J,0) (I,1) (H,2) (G,3) (F,4) (E,5) (AE,-46) (AB,-45) (AA,-46) (CC,-45) (AD,-48) (D,6) (C,7) (B,8) (A,9)
K:(K,0) (J,1) (I,2) (H,3) (G,4) (F,5) (E,6) (AE,-45) (AB,-44) (AA,-45) (CC,-44) (AD,-47) (D,7) (C,8) (B,9) (A,10)
L:(L,0) (K,1) (J,2) (I,3) (H,4) (G,5) (F,6) (E,7) (AE,-44) (AB,-43) (AA,-44) (CC,-43) (AD,-46) (D,8) (C,9) (B,10) (A,11)
M:(M,0) (L,1) (K,2) (J,3) (I,4) (H,5) (G,6) (F,7) (E,8) (AE,-43) (AB,-42) (AA,-43) (CC,-42) (AD,-45) (D,9) (C,10) (B,11) (A,12)
-----
A:(A,0) (CC,1) (AB,1) (AA,0) (AD,-2) (AE,-1)
AA:(AA,0) (AD,-2) (AE,-1)
AB:(AB,0) (AA,-1) (CC,0) (AD,-3) (AE,-2)
AD:(AD,0) (AE,1) (AB,2) (F,-49) (AA,1) (CC,2)
AE:(AE,-100) (AB,1) (F,-50) (AA,-100) (CC,1) (AD,-102) (E,-49) (D,-48) (C,-47) (B,-46) (A,-45)
B:(B,0) (A,1) (CC,2) (AB,2) (AA,1) (AD,-1) (AE,0)
C:(C,0) (B,1) (A,2) (CC,3) (AB,3) (AA,2) (AD,0) (AE,1)
CC:(CC,0) (AB,0) (AA,-1) (AD,-3) (AE,-2)
D:(D,0) (C,1) (B,2) (A,3) (CC,4) (AB,4) (AA,3) (AD,1) (AE,2)
E:(E,0) (D,1) (C,2) (B,3) (A,4) (CC,5) (AB,5) (AA,4) (AD,2) (AE,3)
F:(F,-100) (E,1) (AE,-50) (AB,-49) (AA,-50) (CC,-49) (AD,-52) (D,2) (C,3) (B,4) (A,5)
G:(G,0) (F,1) (E,2) (AE,-49) (AB,-48) (AA,-49) (CC,-48) (AD,-51) (D,3) (C,4) (B,5) (A,6)
H:(H,0) (G,1) (F,2) (E,3) (AE,-48) (AB,-47) (AA,-48) (CC,-47) (AD,-50) (D,4) (C,5) (B,6) (A,7)
I:(I,0) (H,1) (G,2) (F,3) (E,4) (AE,-47) (AB,-46) (AA,-47) (CC,-46) (AD,-49) (D,5) (C,6) (B,7) (A,8)
J:(J,0) (I,1) (H,2) (G,3) (F,4) (E,5) (AE,-46) (AB,-45) (AA,-46) (CC,-45) (AD,-48) (D,6) (C,7) (B,8) (A,9)
K:(K,0) (J,1) (I,2) (H,3) (G,4) (F,5) (E,6) (AE,-45) (AB,-44) (AA,-45) (CC,-44) (AD,-47) (D,7) (C,8) (B,9) (A,10)
L:(L,0) (K,1) (J,2) (I,3) (H,4) (G,5) (F,6) (E,7) (AE,-44) (AB,-43) (AA,-44) (CC,-43) (AD,-46) (D,8) (C,9) (B,10) (A,11)
M:(M,0) (L,1) (K,2) (J,3) (I,4) (H,5) (G,6) (F,7) (E,8) (AE,-43) (AB,-42) (AA,-43) (CC,-42) (AD,-45) (D,9) (C,10) (B,11) (A,12)
-----
A:(A,0) (CC,1) (AB,1) (AA,0) (AD,-2) (AE,-1) (F,-51)
AA:(AA,0) (AD,-2) (AE,-1) (AB,0) (F,-51) (CC,0)
AB:(AB,0) (AA,-1) (CC,0) (AD,-3) (AE,-2) (F,-52)
AD:(AD,0) (AE,1) (AB,2) (F,-49) (AA,1) (CC,2) (E,-48) (D,-47) (C,-46) (B,-45) (A,-44)
AE:(AE,-100) (AB,1) (F,-50) (AA,-100) (CC,1) (AD,-102) (E,-49) (D,-48) (C,-47) (B,-46) (A,-45)
B:(B,0) (A,1) (CC,2) (AB,2) (AA,1) (AD,-1) (AE,0) (F,-50)
C:(C,0) (B,1) (A,2) (CC,3) (AB,3) (AA,2) (AD,0) (AE,1) (F,-49)
CC:(CC,0) (AB,0) (AA,-1) (AD,-3) (AE,-2) (F,-52)
D:(D,0) (C,1) (B,2) (A,3) (CC,4) (AB,4) (AA,3) (AD,1) (AE,2) (F,-48)
E:(E,0) (D,1) (C,2) (B,3) (A,4) (CC,5) (AB,5) (AA,4) (AD,2) (AE,3) (F,-47)
F:(F,-100) (E,1) (AE,-50) (AB,-49) (AA,-50) (CC,-49) (AD,-52) (D,2) (C,3) (B,4) (A,5)
G:(G,0) (F,1) (E,2) (AE,-49) (AB,-48) (AA,-49) (CC,-48) (AD,-51) (D,3) (C,4) (B,5) (A,6)
H:(H,0) (G,1) (F,2) (E,3) (AE,-48) (AB,-47) (AA,-48) (CC,-47) (AD,-50) (D,4) (C,5) (B,6) (A,7)
I:(I,0) (H,1) (G,2) (F,3) (E,4) (AE,-47) (AB,-46) (AA,-47) (CC,-46) (AD,-49) (D,5) (C,6) (B,7) (A,8)
J:(J,0) (I,1) (H,2) (G,3) (F,4) (E,5) (AE,-46) (AB,-45) (AA,-46) (CC,-45) (AD,-48) (D,6) (C,7) (B,8) (A,9)
K:(K,0) (J,1) (I,2) (H,3) (G,4) (F,5) (E,6) (AE,-45) (AB,-44) (AA,-45) (CC,-44) (AD,-47) (D,7) (C,8) (B,9) (A,10)
L:(L,0) (K,1) (J,2) (I,3) (H,4) (G,5) (F,6) (E,7) (AE,-44) (AB,-43) (AA,-44) (CC,-43) (AD,-46) (D,8) (C,9) (B,10) (A,11)
M:(M,0) (L,1) (K,2) (J,3) (I,4) (H,5) (G,6) (F,7) (E,8) (AE,-43) (AB,-42) (AA,-43) (CC,-42) (AD,-45) (D,9) (C,10) (B,11) (A,12)
-----
A:(A,0) (CC,1) (AB,1) (AA,0) (AD,-2) (AE,-1) (F,-51) (E,-50) (D,-49) (C,-48) (B,-47)
AA:(AA,0) (AD,-2) (AE,-1) (AB,0) (F,-51) (CC,0) (E,-50) (D,-49) (C,-48) (B,-47) (A,-46)
AB:(AB,0) (AA,-1) (CC,0) (AD,-3) (AE,-2) (F,-52) (E,-51) (D,-50) (C,-49) (B,-48) (A,-47)
AD:(AD,0) (AE,1) (AB,2) (F,-49) (AA,1) (CC,2) (E,-48) (D,-47) (C,-46) (B,-45) (A,-44)
AE:(AE,-100) (AB,1) (F,-50) (AA,-100) (CC,1) (AD,-102) (E,-49) (D,-48) (C,-47) (B,-46) (A,-45)
B:(B,0) (A,1) (CC,2) (AB,2) (AA,1) (AD,-1) (AE,0) (F,-50) (E,-49) (D,-48) (C,-47)
C:(C,0) (B,1) (A,2) (CC,3) (AB,3) (AA,2) (AD,0) (AE,1) (F,-49) (E,-48) (D,-47)
CC:(CC,0) (AB,0) (AA,-1) (AD,-3) (AE,-2) (F,-52) (E,-51) (D,-50) (C,-49) (B,-48) (A,-47)
D:(D,0) (C,1) (B,2) (A,3) (CC,4) (AB,4) (AA,3) (AD,1) (AE,2) (F,-48) (E,-47)
E:(E,0) (D,1) (C,2) (B,3) (A,4) (CC,5) (AB,5) (AA,4) (AD,2) (AE,3) (F,-47)
F:(F,-100) (E,1) (AE,-50) (AB,-49) (AA,-50) (CC,-49) (AD,-52) (D,2) (C,3) (B,4) (A,5)
G:(G,0) (F,1) (E,2) (AE,-49) (AB,-48) (AA,-49) (CC,-48) (AD,-51) (D,3) (C,4) (B,5) (A,6)
H:(H,0) (G,1) (F,2) (E,3) (AE,-48) (AB,-47) (AA,-48) (CC,-47) (AD,-50) (D,4) (C,5) (B,6) (A,7)
I:(I,0) (H,1) (G,2) (F,3) (E,4) (AE,-47) (AB,-46) (AA,-47) (CC,-46) (AD,-49) (D,5) (C,6) (B,7) (A,8)
J:(J,0) (I,1) (H,2) (G,3) (F,4) (E,5) (AE,-46) (AB,-45) (AA,-46) (CC,-45) (AD,-48) (D,6) (C,7) (B,8) (A,9)
K:(K,0) (J,1) (I,2) (H,3) (G,4) (F,5) (E,6) (AE,-45) (AB,-44) (AA,-45) (CC,-44) (AD,-47) (D,7) (C,8) (B,9) (A,10)
L:(L,0) (K,1) (J,2) (I,3) (H,4) (G,5) (F,6) (E,7) (AE,-44) (AB,-43) (AA,-44) (CC,-43) (AD,-46) (D,8) (C,9) (B,10) (A,11)
M:(M,0) (L,1) (K,2) (J,3) (I,4) (H,5) (G,6) (F,7) (E,8) (AE,-43) (AB,-42) (AA,-43) (CC,-42) (AD,-45) (D,9) (C,10) (B,11) (A,12)
-----
A:(A,0) (CC,1) (AB,1) (AA,0) (AD,-2) (AE,-1) (F,-51) (E,-50) (D,-49) (C,-48) (B,-47)
AA:(AA,0) (AD,-2) (AE,-1) (AB,0) (F,-51) (CC,0) (E,-50) (D,-49) (C,-48) (B,-47) (A,-46)
AB:(AB,0) (AA,-1) (CC,0) (AD,-3) (AE,-2) (F,-52) (E,-51) (D,-50) (C,-49) (B,-48) (A,-47)
AD:(AD,0) (AE,1) (AB,2) (F,-49) (AA,1) (CC,2) (E,-48) (D,-47) (C,-46) (B,-45) (A,-44)
AE:(AE,-100) (AB,1) (F,-50) (AA,-100) (CC,1) (AD,-102) (E,-49) (D,-48) (C,-47) (B,-46) (A,-45)
B:(B,0) (A,1) (CC,2) (AB,2) (AA,1) (AD,-1) (AE,0) (F,-50) (E,-49) (D,-48) (C,-47)
C:(C,0) (B,1) (A,2) (CC,3) (AB,3) (AA,2) (AD,0) (AE,1) (F,-49) (E,-48) (D,-47)
CC:(CC,0) (AB,0) (AA,-1) (AD,-3) (AE,-2) (F,-52) (E,-51) (D,-50) (C,-49) (B,-48) (A,-47)
D:(D,0) (C,1) (B,2) (A,3) (CC,4) (AB,4) (AA,3) (AD,1) (AE,2) (F,-48) (E,-47)
E:(E,0) (D,1) (C,2) (B,3) (A,4) (CC,5) (AB,5) (AA,4) (AD,2) (AE,3) (F,-47)
F:(F,-100) (E,1) (AE,-50) (AB,-49) (AA,-50) (CC,-49) (AD,-52) (D,2) (C,3) (B,4) (A,5)
G:(G,0) (F,1) (E,2) (AE,-49) (AB,-48) (AA,-49) (CC,-48) (AD,-51) (D,3) (C,4) (B,5) (A,6)
H:(H,0) (G,1) (F,2) (E,3) (AE,-48) (AB,-47) (AA,-48) (CC,-47) (AD,-50) (D,4) (C,5) (B,6) (A,7)
I:(I,0) (H,1) (G,2) (F,3) (E,4) (AE,-47) (AB,-46) (AA,-47) (CC,-46) (AD,-49) (D,5) (C,6) (B,7) (A,8)
J:(J,0) (I,1) (H,2) (G,3) (F,4) (E,5) (AE,-46) (AB,-45) (AA,-46) (CC,-45) (AD,-48) (D,6) (C,7) (B,8) (A,9)
K:(K,0) (J,1) (I,2) (H,3) (G,4) (F,5) (E,6) (AE,-45) (AB,-44) (AA,-45) (CC,-44) (AD,-47) (D,7) (C,8) (B,9) (A,10)
L:(L,0) (K,1) (J,2) (I,3) (H,4) (G,5) (F,6) (E,7) (AE,-44) (AB,-43) (AA,-44) (CC,-43) (AD,-46) (D,8) (C,9) (B,10) (A,11)
M:(M,0) (L,1) (K,2) (J,3) (I,4) (H,5) (G,6) (F,7) (E,8) (AE,-43) (AB,-42) (AA,-43) (CC,-42) (AD,-45) (D,9) (C,10) (B,11) (A,12)
-----
