A:(A,0) (B,3)
B:(B,0) (C,-6) (D,4)
C:(C,0) (A,2) (E,5) (B,5)
D:(D,0)
E:(E,0)
F:(F,0) (G,2)
G:(G,0) (H,2)
H:(H,0) (I,2)
I:(I,0) (J,2)
J:(J,0) (K,2)
K:(K,0)
S:(S,0) (A,5) (E,20) (F,10) (G,20) (H,30) (I,40) (J,50) (K,60)
-----
A:(A,0) (B,3) (C,-3) (D,7)
B:(B,0) (C,-6) (D,4) (A,-4) (E,-1)
C:(C,0) (A,2) (E,5) (B,5) (D,9)
D:(D,0)
E:(E,0)
F:(F,0) (G,2) (H,4)
G:(G,0) (H,2) (I,4)
H:(H,0) (I,2) (J,4)
I:(I,0) (J,2) (K,4)
J:(J,0) (K,2)
K:(K,0)
S:(S,0) (A,5) (E,20) (F,10) (G,20) (H,30) (I,40) (J,50) (K,60) (B,8)
-----
A:(A,0) (B,3) (C,-3) (D,7) (E,2)
B:(B,0) (C,-6) (D,4) (A,-4) (E,-1)
C:(C,0) (A,2) (E,5) (B,5) (D,9)
D:(D,0)
E:(E,0)
F:(F,0) (G,2) (H,4) (I,6)
G:(G,0) (H,2) (I,4) (J,6)
H:(H,0) (I,2) (J,4) (K,6)
I:(I,0) (J,2) (K,4)
J:(J,0) (K,2)
K:(K,0)
S:(S,0) (A,5) (E,20) (F,10) (G,20) (H,30) (I,40) (J,50) (K,60) (B,8) (C,2) (D,12)
-----
A:(A,0) (B,3) (C,-3) (D,7) (E,2)
B:(B,0) (C,-6) (D,4) (A,-4) (E,-1)
C:(C,0) (A,2) (E,5) (B,5) (D,9)
D:(D,0)
E:(E,0)
F:(F,0) (G,2) (H,4) (I,6) (J,8)
G:(G,0) (H,2) (I,4) (J,6) (K,8)
H:(H,0) (I,2) (J,4) (K,6)
I:(I,0) (J,2) (K,4)
J:(J,0) (K,2)
K:(K,0)
S:(S,0) (A,5) (E,20) (F,10) (G,20) (H,30) (I,40) (J,50) (K,60) (B,8) (C,2) (D,12)
-----
A:(A,0) (B,3) (C,-3) (D,7) (E,2)
B:(B,0) (C,-6) (D,4) (A,-4) (E,-1)
C:(C,0) (A,2) (E,5) (B,5) (D,9)
D:(D,0)
E:(E,0)
F:(F,0) (G,2) (H,4) (I,6) (J,8) (K,10)
G:(G,0) (H,2) (I,4) (J,6) (K,8)
H:(H,0) (I,2) (J,4) (K,6)
I:(I,0) (J,2) (K,4)
J:(J,0) (K,2)
K:(K,0)
S:(S,0) (A,5) (E,20) (F,10) (G,20) (H,30) (I,40) (J,50) (K,60) (B,8) (C,2) (D,12)
-----
A:(A,0) (B,3) (C,-3) (D,7) (E,2)
B:(B,0) (C,-6) (D,4) (A,-4) (E,-1)
C:(C,0) (A,2) (E,5) (B,5) (D,9)
D:(D,0)
E:(E,0)
F:(F,0) (G,2) (H,4) (I,6) (J,8) (K,10)
G:(G,0) (H,2) (I,4) (J,6) (K,8)
H:(H,0) (I,2) (J,4) (K,6)
I:(I,0) (J,2) (K,4)
J:(J,0) (K,2)
K:(K,0)
S:(S,0) (A,5) (E,20) (F,10) (G,20) (H,30) (I,40) (J,50) (K,60) (B,8) (C,2) (D,12)
-----
