ATT:(ATT,0) (UGA,-50) (GSAT,-8) (CMCT,1) (TWC,1)
CMCT:(CMCT,0) (ATT,1) (TWC,0)
DRPA:(DRPA,0) (EGLN,1) (CMCT,12) (GT,-1) (UC,-1)
EGLN:(EGLN,0) (GT,-2) (DRPA,1) (UC,-2)
GSAT:(GSAT,0) (VONA,-3) (UGA,0) (VZ,5)
GT:(GT,0) (UC,0) (EGLN,2)
OSU:(OSU,0) (UC,0) (PTGN,2) (GT,0) (EGLN,2)
PTGN:(PTGN,0) (OSU,-1) (VONA,3) (UC,-1) (GT,-1) (EGLN,1)
TWC:(TWC,0) (CMCT,0) (VONA,1) (ATT,1)
UC:(UC,0) (GT,0) (OSU,0) (EGLN,2)
UGA:(UGA,0) (ATT,50) (GSAT,50) (CMCT,51) (TWC,51) (VONA,47) (VZ,55)
VONA:(VONA,0) (VZ,8) (GSAT,3)
VZ:(VZ,0) (ATT,2)
-----
ATT:(ATT,0) (UGA,-50) (GSAT,-8) (CMCT,1) (TWC,1) (VONA,-11) (VZ,-3)
CMCT:(CMCT,0) (ATT,1) (TWC,0) (VONA,1) (UGA,-49) (GSAT,-7)
DRPA:(DRPA,0) (EGLN,1) (CMCT,12) (GT,-1) (UC,-1) (ATT,13) (TWC,12) (OSU,-1)
EGLN:(EGLN,0) (GT,-2) (DRPA,1) (UC,-2) (CMCT,13) (OSU,-2)
GSAT:(GSAT,0) (VONA,-3) (UGA,0) (VZ,5) (ATT,50) (CMCT,51) (TWC,51)
GT:(GT,0) (UC,0) (EGLN,2) (OSU,0) (DRPA,3)
OSU:(OSU,0) (UC,0) (PTGN,2) (GT,0) (EGLN,2) (VONA,5) (DRPA,3)
PTGN:(PTGN,0) (OSU,-1) (VONA,3) (UC,-1) (GT,-1) (EGLN,1) (VZ,11) (GSAT,6) (DRPA,2)
TWC:(TWC,0) (CMCT,0) (VONA,1) (ATT,1) (VZ,9) (GSAT,4) (UGA,-49)
UC:(UC,0) (GT,0) (OSU,0) (EGLN,2) (PTGN,2) (DRPA,3)
UGA:(UGA,0) (ATT,50) (GSAT,50) (CMCT,51) (TWC,51) (VONA,47) (VZ,55)
VONA:(VONA,0) (VZ,8) (GSAT,3) (ATT,10) (UGA,3)
VZ:(VZ,0) (ATT,2) (UGA,-48) (GSAT,-6) (CMCT,3) (TWC,3)
-----
ATT:(ATT,0) (UGA,-50) (GSAT,-8) (CMCT,1) (TWC,1) (VONA,-11) (VZ,-3)
CMCT:(CMCT,0) (ATT,1) (TWC,0) (VONA,1) (UGA,-49) (GSAT,-7) (VZ,9)
DRPA:(DRPA,0) (EGLN,1) (CMCT,12) (GT,-1) (UC,-1) (ATT,13) (TWC,12) (OSU,-1) (VONA,13) (UGA,-37) (GSAT,5) (PTGN,1)
EGLN:(EGLN,0) (GT,-2) (DRPA,1) (UC,-2) (CMCT,13) (OSU,-2) (ATT,14) (TWC,13) (PTGN,0)
GSAT:(GSAT,0) (VONA,-3) (UGA,0) (VZ,5) (ATT,50) (CMCT,51) (TWC,51)
GT:(GT,0) (UC,0) (EGLN,2) (OSU,0) (DRPA,3) (PTGN,2) (CMCT,15)
OSU:(OSU,0) (UC,0) (PTGN,2) (GT,0) (EGLN,2) (VONA,5) (DRPA,3) (VZ,13) (GSAT,8) (CMCT,15)
PTGN:(PTGN,0) (OSU,-1) (VONA,3) (UC,-1) (GT,-1) (EGLN,1) (VZ,11) (GSAT,6) (DRPA,2) (ATT,13) (UGA,6) (CMCT,14)
TWC:(TWC,0) (CMCT,0) (VONA,1) (ATT,1) (VZ,9) (GSAT,4) (UGA,-49)
UC:(UC,0) (GT,0) (OSU,0) (EGLN,2) (PTGN,2) (DRPA,3) (VONA,5) (CMCT,15)
UGA:(UGA,0) (ATT,50) (GSAT,50) (CMCT,51) (TWC,51) (VONA,47) (VZ,55)
VONA:(VONA,0) (VZ,8) (GSAT,3) (ATT,10) (UGA,3) (CMCT,11) (TWC,11)
VZ:(VZ,0) (ATT,2) (UGA,-48) (GSAT,-6) (CMCT,3) (TWC,3) (VONA,-9)
-----
ATT:(ATT,0) (UGA,-50) (GSAT,-8) (CMCT,1) (TWC,1) (VONA,-11) (VZ,-3)
CMCT:(CMCT,0) (ATT,1) (TWC,0) (VONA,1) (UGA,-49) (GSAT,-7) (VZ,9)
DRPA:(DRPA,0) (EGLN,1) (CMCT,12) (GT,-1) (UC,-1) (ATT,13) (TWC,12) (OSU,-1) (VONA,13) (UGA,-37) (GSAT,5) (PTGN,1) (VZ,21)
EGLN:(EGLN,0) (GT,-2) (DRPA,1) (UC,-2) (CMCT,13) (OSU,-2) (ATT,14) (TWC,13) (PTGN,0) (VONA,14) (UGA,-36) (GSAT,6)
GSAT:(GSAT,0) (VONA,-3) (UGA,0) (VZ,5) (ATT,50) (CMCT,51) (TWC,51)
GT:(GT,0) (UC,0) (EGLN,2) (OSU,0) (DRPA,3) (PTGN,2) (CMCT,15) (VONA,5) (ATT,16) (TWC,15)
OSU:(OSU,0) (UC,0) (PTGN,2) (GT,0) (EGLN,2) (VONA,5) (DRPA,3) (VZ,13) (GSAT,8) (CMCT,15) (ATT,15) (UGA,8) (TWC,15)
PTGN:(PTGN,0) (OSU,-1) (VONA,3) (UC,-1) (GT,-1) (EGLN,1) (VZ,11) (GSAT,6) (DRPA,2) (ATT,13) (UGA,6) (CMCT,14) (TWC,14)
TWC:(TWC,0) (CMCT,0) (VONA,1) (ATT,1) (VZ,9) (GSAT,4) (UGA,-49)
UC:(UC,0) (GT,0) (OSU,0) (EGLN,2) (PTGN,2) (DRPA,3) (VONA,5) (CMCT,15) (VZ,13) (GSAT,8) (ATT,16) (TWC,15)
UGA:(UGA,0) (ATT,50) (GSAT,50) (CMCT,51) (TWC,51) (VONA,47) (VZ,55)
VONA:(VONA,0) (VZ,8) (GSAT,3) (ATT,10) (UGA,3) (CMCT,11) (TWC,11)
VZ:(VZ,0) (ATT,2) (UGA,-48) (GSAT,-6) (CMCT,3) (TWC,3) (VONA,-9)
-----
ATT:(ATT,0) (UGA,-50) (GSAT,-8) (CMCT,1) (TWC,1) (VONA,-11) (VZ,-3)
CMCT:(CMCT,0) (ATT,1) (TWC,0) (VONA,1) (UGA,-49) (GSAT,-7) (VZ,9)
DRPA:(DRPA,0) (EGLN,1) (CMCT,12) (GT,-1) (UC,-1) (ATT,13) (TWC,12) (OSU,-1) (VONA,13) (UGA,-37) (GSAT,5) (PTGN,1) (VZ,21)
EGLN:(EGLN,0) (GT,-2) (DRPA,1) (UC,-2) (CMCT,13) (OSU,-2) (ATT,14) (TWC,13) (PTGN,0) (VONA,14) (UGA,-36) (GSAT,6) (VZ,22)
GSAT:(GSAT,0) (VONA,-3) (UGA,0) (VZ,5) (ATT,50) (CMCT,51) (TWC,51)
GT:(GT,0) (UC,0) (EGLN,2) (OSU,0) (DRPA,3) (PTGN,2) (CMCT,15) (VONA,5) (ATT,16) (TWC,15) (VZ,13) (GSAT,8) (UGA,-34)
OSU:(OSU,0) (UC,0) (PTGN,2) (GT,0) (EGLN,2) (VONA,5) (DRPA,3) (VZ,13) (GSAT,8) (CMCT,15) (ATT,15) (UGA,8) (TWC,15)
PTGN:(PTGN,0) (OSU,-1) (VONA,3) (UC,-1) (GT,-1) (EGLN,1) (VZ,11) (GSAT,6) (DRPA,2) (ATT,13) (UGA,6) (CMCT,14) (TWC,14)
TWC:(TWC,0) (CMCT,0) (VONA,1) (ATT,1) (VZ,9) (GSAT,4) (UGA,-49)
UC:(UC,0) (GT,0) (OSU,0) (EGLN,2) (PTGN,2) (DRPA,3) (VONA,5) (CMCT,15) (VZ,13) (GSAT,8) (ATT,16) (TWC,15) (UGA,8)
UGA:(UGA,0) (ATT,50) (GSAT,50) (CMCT,51) (TWC,51) (VONA,47) (VZ,55)
VONA:(VONA,0) (VZ,8) (GSAT,3) (ATT,10) (UGA,3) (CMCT,11) (TWC,11)
VZ:(VZ,0) (ATT,2) (UGA,-48) (GSAT,-6) (CMCT,3) (TWC,3) (VONA,-9)
-----
ATT:(ATT,0) (UGA,-50) (GSAT,-8) (CMCT,1) (TWC,1) (VONA,-11) (VZ,-3)
CMCT:(CMCT,0) (ATT,1) (TWC,0) (VONA,1) (UGA,-49) (GSAT,-7) (VZ,9)
DRPA:(DRPA,0) (EGLN,1) (CMCT,12) (GT,-1) (UC,-1) (ATT,13) (TWC,12) (OSU,-1) (VONA,13) (UGA,-37) (GSAT,5) (PTGN,1) (VZ,21)
EGLN:(EGLN,0) (GT,-2) (DRPA,1) (UC,-2) (CMCT,13) (OSU,-2) (ATT,14) (TWC,13) (PTGN,0) (VONA,14) (UGA,-36) (GSAT,6) (VZ,22)
GSAT:(GSAT,0) (VONA,-3) (UGA,0) (VZ,5) (ATT,50) (CMCT,51) (TWC,51)
GT:(GT,0) (UC,0) (EGLN,2) (OSU,0) (DRPA,3) (PTGN,2) (CMCT,15) (VONA,5) (ATT,16) (TWC,15) (VZ,13) (GSAT,8) (UGA,-34)
OSU:(OSU,0) (UC,0) (PTGN,2) (GT,0) (EGLN,2) (VONA,5) (DRPA,3) (VZ,13) (GSAT,8) (CMCT,15) (ATT,15) (UGA,8) (TWC,15)
PTGN:(PTGN,0) (OSU,-1) (VONA,3) (UC,-1) (GT,-1) (EGLN,1) (VZ,11) (GSAT,6) (DRPA,2) (ATT,13) (UGA,6) (CMCT,14) (TWC,14)
TWC:(TWC,0) (CMCT,0) (VONA,1) (ATT,1) (VZ,9) (GSAT,4) (UGA,-49)
UC:(UC,0) (GT,0) (OSU,0) (EGLN,2) (PTGN,2) (DRPA,3) (VONA,5) (CMCT,15) (VZ,13) (GSAT,8) (ATT,16) (TWC,15) (UGA,8)
UGA:(UGA,0) (ATT,50) (GSAT,50) (CMCT,51) (TWC,51) (VONA,47) (VZ,55)
VONA:(VONA,0) (VZ,8) (GSAT,3) (ATT,10) (UGA,3) (CMCT,11) (TWC,11)
VZ:(VZ,0) (ATT,2) (UGA,-48) (GSAT,-6) (CMCT,3) (TWC,3) (VONA,-9)
-----
