A:(A,0)
AA:(AA,0)
B:(B,0)
BA:(BA,0)
BAA:(BAA,0)
BAB:(BAB,0)
BAC:(BAC,0)
BAD:(BAD,0)
BAE:(BAE,0)
BAF:(BAF,0)
BAG:(BAG,0)
BAH:(BAH,0)
BAI:(BAI,0)
BAJ:(BAJ,0)
BB:(BB,0)
BBA:(BBA,0)
BBB:(BBB,0)
BBC:(BBC,0)
BBD:(BBD,0)
BBE:(BBE,0)
BBF:(BBF,0)
BBG:(BBG,0)
BBH:(BBH,0)
BBI:(BBI,0)
BBJ:(BBJ,0)
BC:(BC,0)
BCA:(BCA,0)
BCB:(BCB,0)
BCC:(BCC,0)
BCD:(BCD,0)
BCE:(BCE,0)
BCF:(BCF,0)
BCG:(BCG,0)
BCH:(BCH,0)
BCI:(BCI,0)
BCJ:(BCJ,0)
BD:(BD,0)
BDA:(BDA,0)
BDB:(BDB,0)
BDC:(BDC,0)
BDD:(BDD,0)
BDE:(BDE,0)
BDF:(BDF,0)
BDG:(BDG,0)
BDH:(BDH,0)
BDI:(BDI,0)
BDJ:(BDJ,0)
BE:(BE,0)
BEA:(BEA,0)
BEB:(BEB,0)
BEC:(BEC,0)
BED:(BED,0)
BEE:(BEE,0)
BEF:(BEF,0)
BEG:(BEG,0)
BEH:(BEH,0)
BEI:(BEI,0)
BEJ:(BEJ,0)
BF:(BF,0)
BFA:(BFA,0)
BFB:(BFB,0)
BFC:(BFC,0)
BFD:(BFD,0)
BFE:(BFE,0)
BFF:(BFF,0)
BFG:(BFG,0)
BFH:(BFH,0)
BFI:(BFI,0)
BFJ:(BFJ,0)
BG:(BG,0)
BGA:(BGA,0)
BGB:(BGB,0)
BGC:(BGC,0)
BGD:(BGD,0)
BGE:(BGE,0)
BGF:(BGF,0)
BGG:(BGG,0)
BGH:(BGH,0)
BGI:(BGI,0)
BGJ:(BGJ,0)
BH:(BH,0)
BHA:(BHA,0)
BHB:(BHB,0)
BHC:(BHC,0)
BHD:(BHD,0)
BHE:(BHE,0)
BHF:(BHF,0)
BHG:(BHG,0)
BHH:(BHH,0)
BHI:(BHI,0)
BHJ:(BHJ,0)
BI:(BI,0)
BIA:(BIA,0)
BIB:(BIB,0)
BIC:(BIC,0)
BID:(BID,0)
BIE:(BIE,0)
BIF:(BIF,0)
BIG:(BIG,0)
BIH:(BIH,0)
BII:(BII,0)
BIJ:(BIJ,0)
BJ:(BJ,0)
BJA:(BJA,0)
BJB:(BJB,0)
BJC:(BJC,0)
BJD:(BJD,0)
BJE:(BJE,0)
BJF:(BJF,0)
BJG:(BJG,0)
BJH:(BJH,0)
BJI:(BJI,0)
BJJ:(BJJ,0)
C:(C,0)
CA:(CA,0)
CAA:(CAA,0)
CAB:(CAB,0)
CAC:(CAC,0)
CAD:(CAD,0)
CAE:(CAE,0)
CAF:(CAF,0)
CAG:(CAG,0)
CAH:(CAH,0)
CAI:(CAI,0)
CAJ:(CAJ,0)
CB:(CB,0)
CBA:(CBA,0)
CBB:(CBB,0)
CBC:(CBC,0)
CBD:(CBD,0)
CBE:(CBE,0)
CBF:(CBF,0)
CBG:(CBG,0)
CBH:(CBH,0)
CBI:(CBI,0)
CBJ:(CBJ,0)
CC:(CC,0)
CCA:(CCA,0)
CCB:(CCB,0)
CCC:(CCC,0)
CCD:(CCD,0)
CCE:(CCE,0)
CCF:(CCF,0)
CCG:(CCG,0)
CCH:(CCH,0)
CCI:(CCI,0)
CCJ:(CCJ,0)
CD:(CD,0)
CDA:(CDA,0)
CDB:(CDB,0)
CDC:(CDC,0)
CDD:(CDD,0)
CDE:(CDE,0)
CDF:(CDF,0)
CDG:(CDG,0)
CDH:(CDH,0)
CDI:(CDI,0)
CDJ:(CDJ,0)
CE:(CE,0)
CEA:(CEA,0)
CEB:(CEB,0)
CEC:(CEC,0)
CED:(CED,0)
CEE:(CEE,0)
CEF:(CEF,0)
CEG:(CEG,0)
CEH:(CEH,0)
CEI:(CEI,0)
CEJ:(CEJ,0)
CF:(CF,0)
CFA:(CFA,0)
CFB:(CFB,0)
CFC:(CFC,0)
CFD:(CFD,0)
CFE:(CFE,0)
CFF:(CFF,0)
CFG:(CFG,0)
CFH:(CFH,0)
CFI:(CFI,0)
CFJ:(CFJ,0)
CG:(CG,0)
CGA:(CGA,0)
CGB:(CGB,0)
CGC:(CGC,0)
CGD:(CGD,0)
CGE:(CGE,0)
CGF:(CGF,0)
CGG:(CGG,0)
CGH:(CGH,0)
CGI:(CGI,0)
CGJ:(CGJ,0)
CH:(CH,0)
CHA:(CHA,0)
CHB:(CHB,0)
CHC:(CHC,0)
CHD:(CHD,0)
CHE:(CHE,0)
CHF:(CHF,0)
CHG:(CHG,0)
CHH:(CHH,0)
CHI:(CHI,0)
CHJ:(CHJ,0)
CI:(CI,0)
CIA:(CIA,0)
CIB:(CIB,0)
CIC:(CIC,0)
CID:(CID,0)
CIE:(CIE,0)
CIF:(CIF,0)
CIG:(CIG,0)
CIH:(CIH,0)
CII:(CII,0)
CIJ:(CIJ,0)
CJ:(CJ,0)
CJA:(CJA,0)
CJB:(CJB,0)
CJC:(CJC,0)
CJD:(CJD,0)
CJE:(CJE,0)
CJF:(CJF,0)
CJG:(CJG,0)
CJH:(CJH,0)
CJI:(CJI,0)
CJJ:(CJJ,0)
D:(D,0)
DA:(DA,0)
DAA:(DAA,0)
DAB:(DAB,0)
DAC:(DAC,0)
DAD:(DAD,0)
DAE:(DAE,0)
DAF:(DAF,0)
DAG:(DAG,0)
DAH:(DAH,0)
DAI:(DAI,0)
DAJ:(DAJ,0)
DB:(DB,0)
DBA:(DBA,0)
DBB:(DBB,0)
DBC:(DBC,0)
DBD:(DBD,0)
DBE:(DBE,0)
DBF:(DBF,0)
DBG:(DBG,0)
DBH:(DBH,0)
DBI:(DBI,0)
DBJ:(DBJ,0)
DC:(DC,0)
DCA:(DCA,0)
DCB:(DCB,0)
DCC:(DCC,0)
DCD:(DCD,0)
DCE:(DCE,0)
DCF:(DCF,0)
DCG:(DCG,0)
DCH:(DCH,0)
DCI:(DCI,0)
DCJ:(DCJ,0)
DD:(DD,0)
DDA:(DDA,0)
DDB:(DDB,0)
DDC:(DDC,0)
DDD:(DDD,0)
DDE:(DDE,0)
DDF:(DDF,0)
DDG:(DDG,0)
DDH:(DDH,0)
DDI:(DDI,0)
DDJ:(DDJ,0)
DE:(DE,0)
DEA:(DEA,0)
DEB:(DEB,0)
DEC:(DEC,0)
DED:(DED,0)
DEE:(DEE,0)
DEF:(DEF,0)
DEG:(DEG,0)
DEH:(DEH,0)
DEI:(DEI,0)
DEJ:(DEJ,0)
DF:(DF,0)
DFA:(DFA,0)
DFB:(DFB,0)
DFC:(DFC,0)
DFD:(DFD,0)
DFE:(DFE,0)
DFF:(DFF,0)
DFG:(DFG,0)
DFH:(DFH,0)
DFI:(DFI,0)
DFJ:(DFJ,0)
DG:(DG,0)
DGA:(DGA,0)
DGB:(DGB,0)
DGC:(DGC,0)
DGD:(DGD,0)
DGE:(DGE,0)
DGF:(DGF,0)
DGG:(DGG,0)
DGH:(DGH,0)
DGI:(DGI,0)
DGJ:(DGJ,0)
DH:(DH,0)
DHA:(DHA,0)
DHB:(DHB,0)
DHC:(DHC,0)
DHD:(DHD,0)
DHE:(DHE,0)
DHF:(DHF,0)
DHG:(DHG,0)
DHH:(DHH,0)
DHI:(DHI,0)
DHJ:(DHJ,0)
DI:(DI,0)
DIA:(DIA,0)
DIB:(DIB,0)
DIC:(DIC,0)
DID:(DID,0)
DIE:(DIE,0)
DIF:(DIF,0)
DIG:(DIG,0)
DIH:(DIH,0)
DII:(DII,0)
DIJ:(DIJ,0)
DJ:(DJ,0)
DJA:(DJA,0)
DJB:(DJB,0)
DJC:(DJC,0)
DJD:(DJD,0)
DJE:(DJE,0)
DJF:(DJF,0)
DJG:(DJG,0)
DJH:(DJH,0)
DJI:(DJI,0)
DJJ:(DJJ,0)
E:(E,0)
EA:(EA,0)
EAA:(EAA,0)
EAB:(EAB,0)
EAC:(EAC,0)
EAD:(EAD,0)
EAE:(EAE,0)
EAF:(EAF,0)
EAG:(EAG,0)
EAH:(EAH,0)
EAI:(EAI,0)
EAJ:(EAJ,0)
EB:(EB,0)
EBA:(EBA,0)
EBB:(EBB,0)
EBC:(EBC,0)
EBD:(EBD,0)
EBE:(EBE,0)
EBF:(EBF,0)
EBG:(EBG,0)
EBH:(EBH,0)
EBI:(EBI,0)
EBJ:(EBJ,0)
EC:(EC,0)
ECA:(ECA,0)
ECB:(ECB,0)
ECC:(ECC,0)
ECD:(ECD,0)
ECE:(ECE,0)
ECF:(ECF,0)
ECG:(ECG,0)
ECH:(ECH,0)
ECI:(ECI,0)
ECJ:(ECJ,0)
ED:(ED,0)
EDA:(EDA,0)
EDB:(EDB,0)
EDC:(EDC,0)
EDD:(EDD,0)
EDE:(EDE,0)
EDF:(EDF,0)
EDG:(EDG,0)
EDH:(EDH,0)
EDI:(EDI,0)
EDJ:(EDJ,0)
EE:(EE,0)
EEA:(EEA,0)
EEB:(EEB,0)
EEC:(EEC,0)
EED:(EED,0)
EEE:(EEE,0)
EEF:(EEF,0)
EEG:(EEG,0)
EEH:(EEH,0)
EEI:(EEI,0)
EEJ:(EEJ,0)
EF:(EF,0)
EFA:(EFA,0)
EFB:(EFB,0)
EFC:(EFC,0)
EFD:(EFD,0)
EFE:(EFE,0)
EFF:(EFF,0)
EFG:(EFG,0)
EFH:(EFH,0)
EFI:(EFI,0)
EFJ:(EFJ,0)
EG:(EG,0)
EGA:(EGA,0)
EGB:(EGB,0)
EGC:(EGC,0)
EGD:(EGD,0)
EGE:(EGE,0)
EGF:(EGF,0)
EGG:(EGG,0)
EGH:(EGH,0)
EGI:(EGI,0)
EGJ:(EGJ,0)
EH:(EH,0)
EHA:(EHA,0)
EHB:(EHB,0)
EHC:(EHC,0)
EHD:(EHD,0)
EHE:(EHE,0)
EHF:(EHF,0)
EHG:(EHG,0)
EHH:(EHH,0)
EHI:(EHI,0)
EHJ:(EHJ,0)
EI:(EI,0)
EIA:(EIA,0)
EIB:(EIB,0)
EIC:(EIC,0)
EID:(EID,0)
EIE:(EIE,0)
EIF:(EIF,0)
EIG:(EIG,0)
EIH:(EIH,0)
EII:(EII,0)
EIJ:(EIJ,0)
EJ:(EJ,0)
EJA:(EJA,0)
EJB:(EJB,0)
EJC:(EJC,0)
EJD:(EJD,0)
EJE:(EJE,0)
EJF:(EJF,0)
EJG:(EJG,0)
EJH:(EJH,0)
EJI:(EJI,0)
EJJ:(EJJ,0)
F:(F,0)
FA:(FA,0)
FAA:(FAA,0)
FAB:(FAB,0)
FAC:(FAC,0)
FAD:(FAD,0)
FAE:(FAE,0)
FAF:(FAF,0)
FAG:(FAG,0)
FAH:(FAH,0)
FAI:(FAI,0)
FAJ:(FAJ,0)
FB:(FB,0)
FBA:(FBA,0)
FBB:(FBB,0)
FBC:(FBC,0)
FBD:(FBD,0)
FBE:(FBE,0)
FBF:(FBF,0)
FBG:(FBG,0)
FBH:(FBH,0)
FBI:(FBI,0)
FBJ:(FBJ,0)
FC:(FC,0)
FCA:(FCA,0)
FCB:(FCB,0)
FCC:(FCC,0)
FCD:(FCD,0)
FCE:(FCE,0)
FCF:(FCF,0)
FCG:(FCG,0)
FCH:(FCH,0)
FCI:(FCI,0)
FCJ:(FCJ,0)
FD:(FD,0)
FDA:(FDA,0)
FDB:(FDB,0)
FDC:(FDC,0)
FDD:(FDD,0)
FDE:(FDE,0)
FDF:(FDF,0)
FDG:(FDG,0)
FDH:(FDH,0)
FDI:(FDI,0)
FDJ:(FDJ,0)
FE:(FE,0)
FEA:(FEA,0)
FEB:(FEB,0)
FEC:(FEC,0)
FED:(FED,0)
FEE:(FEE,0)
FEF:(FEF,0)
FEG:(FEG,0)
FEH:(FEH,0)
FEI:(FEI,0)
FEJ:(FEJ,0)
FF:(FF,0)
FFA:(FFA,0)
FFB:(FFB,0)
FFC:(FFC,0)
FFD:(FFD,0)
FFE:(FFE,0)
FFF:(FFF,0)
FFG:(FFG,0)
FFH:(FFH,0)
FFI:(FFI,0)
FFJ:(FFJ,0)
FG:(FG,0)
FGA:(FGA,0)
FGB:(FGB,0)
FGC:(FGC,0)
FGD:(FGD,0)
FGE:(FGE,0)
FGF:(FGF,0)
FGG:(FGG,0)
FGH:(FGH,0)
FGI:(FGI,0)
FGJ:(FGJ,0)
FH:(FH,0)
FHA:(FHA,0)
FHB:(FHB,0)
FHC:(FHC,0)
FHD:(FHD,0)
FHE:(FHE,0)
FHF:(FHF,0)
FHG:(FHG,0)
FHH:(FHH,0)
FHI:(FHI,0)
FHJ:(FHJ,0)
FI:(FI,0)
FIA:(FIA,0)
FIB:(FIB,0)
FIC:(FIC,0)
FID:(FID,0)
FIE:(FIE,0)
FIF:(FIF,0)
FIG:(FIG,0)
FIH:(FIH,0)
FII:(FII,0)
FIJ:(FIJ,0)
FJ:(FJ,0)
FJA:(FJA,0)
FJB:(FJB,0)
FJC:(FJC,0)
FJD:(FJD,0)
FJE:(FJE,0)
FJF:(FJF,0)
FJG:(FJG,0)
FJH:(FJH,0)
FJI:(FJI,0)
FJJ:(FJJ,0)
G:(G,0)
GA:(GA,0)
GB:(GB,0)
GC:(GC,0)
GD:(GD,0)
GE:(GE,0)
GF:(GF,0)
GG:(GG,0)
GH:(GH,0)
GI:(GI,0)
GJ:(GJ,0)
H:(H,0)
HA:(HA,0)
HB:(HB,0)
HC:(HC,0)
HD:(HD,0)
HE:(HE,0)
HF:(HF,0)
HG:(HG,0)
HH:(HH,0)
HI:(HI,0)
HJ:(HJ,0)
I:(I,0)
IA:(IA,0)
IB:(IB,0)
IC:(IC,0)
ID:(ID,0)
IE:(IE,0)
IF:(IF,0)
IG:(IG,0)
IH:(IH,0)
II:(II,0)
IJ:(IJ,0)
J:(J,0)
JA:(JA,0)
JB:(JB,0)
JC:(JC,0)
JD:(JD,0)
JE:(JE,0)
JF:(JF,0)
JG:(JG,0)
JH:(JH,0)
JI:(JI,0)
JJ:(JJ,0)
-----
