a:(a,0)
aa:(aa,0)
ab:(ab,0)
ac:(ac,0)
ad:(ad,0)
ae:(ae,0)
af:(af,0)
ag:(ag,0)
ah:(ah,0)
ai:(ai,0)
aj:(aj,0)
ak:(ak,0)
al:(al,0)
am:(am,0)
an:(an,0)
ao:(ao,0)
ap:(ap,0)
aq:(aq,0)
ar:(ar,0)
as:(as,0)
at:(at,0)
au:(au,0)
av:(av,0)
aw:(aw,0)
ax:(ax,0)
ay:(ay,0)
az:(az,0)
b:(b,0)
ba:(ba,0)
bb:(bb,0)
bc:(bc,0)
bd:(bd,0)
be:(be,0)
bf:(bf,0)
bg:(bg,0)
bh:(bh,0)
bi:(bi,0)
bj:(bj,0)
bk:(bk,0)
bl:(bl,0)
bm:(bm,0)
bn:(bn,0)
bo:(bo,0)
bp:(bp,0)
bq:(bq,0)
br:(br,0)
bs:(bs,0)
bt:(bt,0)
bu:(bu,0)
bv:(bv,0)
bw:(bw,0)
bx:(bx,0)
by:(by,0)
bz:(bz,0)
c:(c,0)
ca:(ca,0)
cb:(cb,0)
cc:(cc,0)
cd:(cd,0)
ce:(ce,0)
cf:(cf,0)
cg:(cg,0)
ch:(ch,0)
ci:(ci,0)
cj:(cj,0)
ck:(ck,0)
cl:(cl,0)
cm:(cm,0)
cn:(cn,0)
co:(co,0)
cp:(cp,0)
cq:(cq,0)
cr:(cr,0)
cs:(cs,0)
ct:(ct,0)
cu:(cu,0)
cv:(cv,0)
cw:(cw,0)
cx:(cx,0)
cy:(cy,0)
cz:(cz,0)
d:(d,0)
da:(da,0)
db:(db,0)
dc:(dc,0)
dd:(dd,0)
de:(de,0)
df:(df,0)
dg:(dg,0)
dh:(dh,0)
di:(di,0)
dj:(dj,0)
dk:(dk,0)
dl:(dl,0)
dm:(dm,0)
dn:(dn,0)
do:(do,0)
dp:(dp,0)
dq:(dq,0)
dr:(dr,0)
ds:(ds,0)
dt:(dt,0)
du:(du,0)
dv:(dv,0)
dw:(dw,0)
dx:(dx,0)
dy:(dy,0)
dz:(dz,0)
e:(e,0)
ea:(ea,0)
eb:(eb,0)
ec:(ec,0)
ed:(ed,0)
ee:(ee,0)
ef:(ef,0)
eg:(eg,0)
eh:(eh,0)
ei:(ei,0)
ej:(ej,0)
ek:(ek,0)
el:(el,0)
em:(em,0)
en:(en,0)
eo:(eo,0)
ep:(ep,0)
eq:(eq,0)
er:(er,0)
es:(es,0)
et:(et,0)
eu:(eu,0)
ev:(ev,0)
ew:(ew,0)
ex:(ex,0)
ey:(ey,0)
ez:(ez,0)
f:(f,0)
fa:(fa,0)
fb:(fb,0)
fc:(fc,0)
fd:(fd,0)
fe:(fe,0)
ff:(ff,0)
fg:(fg,0)
fh:(fh,0)
fi:(fi,0)
fj:(fj,0)
fk:(fk,0)
fl:(fl,0)
fm:(fm,0)
fn:(fn,0)
fo:(fo,0)
fp:(fp,0)
fq:(fq,0)
fr:(fr,0)
fs:(fs,0)
ft:(ft,0)
fu:(fu,0)
fv:(fv,0)
fw:(fw,0)
fx:(fx,0)
fy:(fy,0)
fz:(fz,0)
g:(g,0)
ga:(ga,0)
gb:(gb,0)
gc:(gc,0)
gd:(gd,0)
ge:(ge,0)
gf:(gf,0)
gg:(gg,0)
h:(h,0)
i:(i,0)
j:(j,0)
k:(k,0)
l:(l,0)
m:(m,0)
n:(n,0)
o:(o,0)
p:(p,0)
q:(q,0)
r:(r,0)
s:(s,0)
t:(t,0)
u:(u,0)
v:(v,0)
w:(w,0)
x:(x,0)
y:(y,0)
z:(z,0)
-----
