AA:(AA,0) (AD,-2)
AB:(AB,0) (AA,-1) (CC,0) (AD,-3)
AD:(AD,0) (AE,1)
AE:(AE,0) (AB,1) (F,-50) (AA,0) (CC,1) (AD,-2)
CC:(CC,0) (AB,0) (AA,-1) (AD,-3)
F:(F,-100) (AB,1) (AE,-50) (AA,0) (CC,1) (AD,-2)
G:(G,0) (F,1) (AB,2) (AE,-49) (AA,1) (CC,2) (AD,-1)
-----
AA:(AA,0) (AD,-2) (AE,-1)
AB:(AB,0) (AA,-1) (CC,0) (AD,-3) (AE,-2)
AD:(AD,0) (AE,1) (AB,2) (F,-49) (AA,1) (CC,2)
AE:(AE,-100) (AB,1) (F,-50) (AA,0) (CC,1) (AD,-2)
CC:(CC,0) (AB,0) (AA,-1) (AD,-3) (AE,-2)
F:(F,-100) (AB,1) (AE,-50) (AA,0) (CC,1) (AD,-2)
G:(G,0) (F,1) (AB,2) (AE,-49) (AA,1) (CC,2) (AD,-1)
-----
AA:(AA,0) (AD,-2) (AE,-1) (AB,0) (F,-51) (CC,0)
AB:(AB,0) (AA,-1) (CC,0) (AD,-3) (AE,-2) (F,-52)
AD:(AD,0) (AE,1) (AB,2) (F,-49) (AA,1) (CC,2)
AE:(AE,-100) (AB,1) (F,-50) (AA,0) (CC,1) (AD,-2)
CC:(CC,0) (AB,0) (AA,-1) (AD,-3) (AE,-2) (F,-52)
F:(F,-100) (AB,1) (AE,-50) (AA,0) (CC,1) (AD,-2)
G:(G,0) (F,1) (AB,2) (AE,-49) (AA,1) (CC,2) (AD,-1)
-----
AA:(AA,0) (AD,-2) (AE,-1) (AB,0) (F,-51) (CC,0)
AB:(AB,0) (AA,-1) (CC,0) (AD,-3) (AE,-2) (F,-52)
AD:(AD,0) (AE,1) (AB,2) (F,-49) (AA,1) (CC,2)
AE:(AE,-100) (AB,1) (F,-50) (AA,0) (CC,1) (AD,-2)
CC:(CC,0) (AB,0) (AA,-1) (AD,-3) (AE,-2) (F,-52)
F:(F,-100) (AB,1) (AE,-50) (AA,0) (CC,1) (AD,-2)
G:(G,0) (F,1) (AB,2) (AE,-49) (AA,1) (CC,2) (AD,-1)
-----
