ATT:(ATT,0)
ATTa:(ATTa,0)
ATTb:(ATTb,0)
ATTc:(ATTc,0)
CMCT:(CMCT,0)
CMCTa:(CMCTa,0)
CMCTb:(CMCTb,0)
CMCTc:(CMCTc,0)
DRPA:(DRPA,0)
DRPAa:(DRPAa,0)
DRPAb:(DRPAb,0)
DRPAc:(DRPAc,0)
EGLN:(EGLN,0)
EGLNa:(EGLNa,0)
EGLNb:(EGLNb,0)
EGLNc:(EGLNc,0)
GSAT:(GSAT,0)
GSATa:(GSATa,0)
GSATb:(GSATb,0)
GSATc:(GSATc,0)
GT:(GT,0)
GTa:(GTa,0)
GTb:(GTb,0)
GTc:(GTc,0)
OSU:(OSU,0)
OSUa:(OSUa,0)
OSUb:(OSUb,0)
OSUc:(OSUc,0)
PTGN:(PTGN,0)
PTGNa:(PTGNa,0)
PTGNb:(PTGNb,0)
PTGNc:(PTGNc,0)
TWC:(TWC,0)
TWCa:(TWCa,0)
TWCb:(TWCb,0)
TWCc:(TWCc,0)
UC:(UC,0)
UCa:(UCa,0)
UCb:(UCb,0)
UCc:(UCc,0)
UGA:(UGA,0)
UGAa:(UGAa,0)
UGAb:(UGAb,0)
UGAc:(UGAc,0)
VONA:(VONA,0)
VONAa:(VONAa,0)
VONAb:(VONAb,0)
VONAc:(VONAc,0)
VZ:(VZ,0)
VZa:(VZa,0)
VZb:(VZb,0)
VZc:(VZc,0)
-----
