ATT:(ATT,0) (UGA,-50) (GSAT,-8)
GSAT:(GSAT,0) (VONA,-3) (UGA,0) (VZ,5)
UGA:(UGA,0) (ATT,50) (GSAT,50) (VONA,47) (VZ,55)
VONA:(VONA,0) (VZ,8)
VZ:(VZ,0) (ATT,2)
-----
ATT:(ATT,0) (UGA,-50) (GSAT,-8) (VONA,-11) (VZ,-3)
GSAT:(GSAT,0) (VONA,-3) (UGA,0) (VZ,5) (ATT,50)
UGA:(UGA,0) (ATT,50) (GSAT,50) (VONA,47) (VZ,55)
VONA:(VONA,0) (VZ,8) (ATT,10)
VZ:(VZ,0) (ATT,2) (UGA,-48) (GSAT,-6)
-----
ATT:(ATT,0) (UGA,-50) (GSAT,-8) (VONA,-11) (VZ,-3)
GSAT:(GSAT,0) (VONA,-3) (UGA,0) (VZ,5) (ATT,50)
UGA:(UGA,0) (ATT,50) (GSAT,50) (VONA,47) (VZ,55)
VONA:(VONA,0) (VZ,8) (ATT,10) (UGA,-40) (GSAT,2)
VZ:(VZ,0) (ATT,2) (UGA,-48) (GSAT,-6) (VONA,-9)
-----
ATT:(ATT,0) (UGA,-50) (GSAT,-8) (VONA,-11) (VZ,-3)
GSAT:(GSAT,0) (VONA,-3) (UGA,0) (VZ,5) (ATT,50)
UGA:(UGA,0) (ATT,50) (GSAT,50) (VONA,47) (VZ,55)
VONA:(VONA,0) (VZ,8) (ATT,10) (UGA,-40) (GSAT,2)
VZ:(VZ,0) (ATT,2) (UGA,-48) (GSAT,-6) (VONA,-9)
-----
