A:(A,0) (B,3)
B:(B,0) (C,-6) (D,4)
C:(C,0) (A,2) (B,5) (E,5)
D:(D,0)
E:(E,0)
F:(F,0) (G,2)
G:(G,0) (H,2)
H:(H,0) (I,2)
I:(I,0) (J,2)
J:(J,0) (K,2)
K:(K,0)
S:(S,0) (A,5) (E,20) (F,10) (G,20) (H,30) (I,40) (J,50) (K,60)
-----
A:(A,0) (B,3) (C,-3) (D,7)
B:(B,0) (C,-6) (D,4) (A,-4) (E,-1)
C:(C,0) (A,2) (B,5) (E,5) (D,9)
D:(D,0)
E:(E,0)
F:(F,0) (G,2) (H,4)
G:(G,0) (H,2) (I,4)
H:(H,0) (I,2) (J,4)
I:(I,0) (J,2) (K,4)
J:(J,0) (K,2)
K:(K,0)
S:(S,0) (A,5) (E,20) (F,10) (G,12) (H,22) (I,32) (J,42) (K,52) (B,8)
-----
A:(A,0) (B,3) (C,-3) (D,7) (E,2)
B:(B,0) (C,-6) (D,3) (A,-4) (E,-1)
C:(C,0) (A,2) (B,5) (E,4) (D,9)
D:(D,0)
E:(E,0)
F:(F,0) (G,2) (H,4) (I,6)
G:(G,0) (H,2) (I,4) (J,6)
H:(H,0) (I,2) (J,4) (K,6)
I:(I,0) (J,2) (K,4)
J:(J,0) (K,2)
K:(K,0)
S:(S,0) (A,5) (E,20) (F,10) (G,12) (H,14) (I,24) (J,34) (K,44) (B,8) (C,2) (D,12)
-----
A:(A,0) (B,3) (C,-3) (D,6) (E,2)
B:(B,0) (C,-6) (D,3) (A,-4) (E,-2)
C:(C,0) (A,2) (B,5) (E,4) (D,8)
D:(D,0)
E:(E,0)
F:(F,0) (G,2) (H,4) (I,6) (J,8)
G:(G,0) (H,2) (I,4) (J,6) (K,8)
H:(H,0) (I,2) (J,4) (K,6)
I:(I,0) (J,2) (K,4)
J:(J,0) (K,2)
K:(K,0)
S:(S,0) (A,5) (E,7) (F,10) (G,12) (H,14) (I,16) (J,26) (K,36) (B,8) (C,2) (D,12)
-----
A:(A,0) (B,3) (C,-3) (D,6) (E,1)
B:(B,0) (C,-6) (D,2) (A,-4) (E,-2)
C:(C,0) (A,2) (B,5) (E,3) (D,8)
D:(D,0)
E:(E,0)
F:(F,0) (G,2) (H,4) (I,6) (J,8) (K,10)
G:(G,0) (H,2) (I,4) (J,6) (K,8)
H:(H,0) (I,2) (J,4) (K,6)
I:(I,0) (J,2) (K,4)
J:(J,0) (K,2)
K:(K,0)
S:(S,0) (A,5) (E,7) (F,10) (G,12) (H,14) (I,16) (J,18) (K,28) (B,8) (C,2) (D,11)
-----
A:(A,0) (B,3) (C,-3) (D,5) (E,1)
B:(B,0) (C,-6) (D,2) (A,-4) (E,-3)
C:(C,0) (A,2) (B,5) (E,3) (D,7)
D:(D,0)
E:(E,0)
F:(F,0) (G,2) (H,4) (I,6) (J,8) (K,10)
G:(G,0) (H,2) (I,4) (J,6) (K,8)
H:(H,0) (I,2) (J,4) (K,6)
I:(I,0) (J,2) (K,4)
J:(J,0) (K,2)
K:(K,0)
S:(S,0) (A,5) (E,6) (F,10) (G,12) (H,14) (I,16) (J,18) (K,20) (B,8) (C,2) (D,11)
-----
A:(A,0) (B,3) (C,-3) (D,5) (E,0)
B:(B,0) (C,-6) (D,1) (A,-4) (E,-3)
C:(C,0) (A,2) (B,5) (E,2) (D,7)
D:(D,0)
E:(E,0)
F:(F,0) (G,2) (H,4) (I,6) (J,8) (K,10)
G:(G,0) (H,2) (I,4) (J,6) (K,8)
H:(H,0) (I,2) (J,4) (K,6)
I:(I,0) (J,2) (K,4)
J:(J,0) (K,2)
K:(K,0)
S:(S,0) (A,5) (E,6) (F,10) (G,12) (H,14) (I,16) (J,18) (K,20) (B,8) (C,2) (D,10)
-----
A:(A,0) (B,3) (C,-3) (D,4) (E,0)
B:(B,0) (C,-6) (D,1) (A,-4) (E,-4)
C:(C,0) (A,2) (B,5) (E,2) (D,6)
D:(D,0)
E:(E,0)
F:(F,0) (G,2) (H,4) (I,6) (J,8) (K,10)
G:(G,0) (H,2) (I,4) (J,6) (K,8)
H:(H,0) (I,2) (J,4) (K,6)
I:(I,0) (J,2) (K,4)
J:(J,0) (K,2)
K:(K,0)
S:(S,0) (A,5) (E,5) (F,10) (G,12) (H,14) (I,16) (J,18) (K,20) (B,8) (C,2) (D,10)
-----
A:(A,0) (B,3) (C,-3) (D,4) (E,-1)
B:(B,0) (C,-6) (D,0) (A,-4) (E,-4)
C:(C,0) (A,2) (B,5) (E,1) (D,6)
D:(D,0)
E:(E,0)
F:(F,0) (G,2) (H,4) (I,6) (J,8) (K,10)
G:(G,0) (H,2) (I,4) (J,6) (K,8)
H:(H,0) (I,2) (J,4) (K,6)
I:(I,0) (J,2) (K,4)
J:(J,0) (K,2)
K:(K,0)
S:(S,0) (A,5) (E,5) (F,10) (G,12) (H,14) (I,16) (J,18) (K,20) (B,8) (C,2) (D,9)
-----
A:(A,0) (B,3) (C,-3) (D,3) (E,-1)
B:(B,0) (C,-6) (D,0) (A,-4) (E,-5)
C:(C,0) (A,2) (B,5) (E,1) (D,5)
D:(D,0)
E:(E,0)
F:(F,0) (G,2) (H,4) (I,6) (J,8) (K,10)
G:(G,0) (H,2) (I,4) (J,6) (K,8)
H:(H,0) (I,2) (J,4) (K,6)
I:(I,0) (J,2) (K,4)
J:(J,0) (K,2)
K:(K,0)
S:(S,0) (A,5) (E,4) (F,10) (G,12) (H,14) (I,16) (J,18) (K,20) (B,8) (C,2) (D,9)
-----
A:(A,0) (B,3) (C,-3) (D,3) (E,-2)
B:(B,0) (C,-6) (D,-1) (A,-4) (E,-5)
C:(C,0) (A,2) (B,5) (E,0) (D,5)
D:(D,0)
E:(E,0)
F:(F,0) (G,2) (H,4) (I,6) (J,8) (K,10)
G:(G,0) (H,2) (I,4) (J,6) (K,8)
H:(H,0) (I,2) (J,4) (K,6)
I:(I,0) (J,2) (K,4)
J:(J,0) (K,2)
K:(K,0)
S:(S,0) (A,5) (E,4) (F,10) (G,12) (H,14) (I,16) (J,18) (K,20) (B,8) (C,2) (D,8)
-----
A:(A,0) (B,3) (C,-3) (D,2) (E,-2)
B:(B,0) (C,-6) (D,-1) (A,-4) (E,-6)
C:(C,0) (A,2) (B,5) (E,0) (D,4)
D:(D,0)
E:(E,0)
F:(F,0) (G,2) (H,4) (I,6) (J,8) (K,10)
G:(G,0) (H,2) (I,4) (J,6) (K,8)
H:(H,0) (I,2) (J,4) (K,6)
I:(I,0) (J,2) (K,4)
J:(J,0) (K,2)
K:(K,0)
S:(S,0) (A,5) (E,3) (F,10) (G,12) (H,14) (I,16) (J,18) (K,20) (B,8) (C,2) (D,8)
-----
A:(A,0) (B,3) (C,-3) (D,2) (E,-3)
B:(B,0) (C,-6) (D,-2) (A,-4) (E,-6)
C:(C,0) (A,2) (B,5) (E,-1) (D,4)
D:(D,0)
E:(E,0)
F:(F,0) (G,2) (H,4) (I,6) (J,8) (K,10)
G:(G,0) (H,2) (I,4) (J,6) (K,8)
H:(H,0) (I,2) (J,4) (K,6)
I:(I,0) (J,2) (K,4)
J:(J,0) (K,2)
K:(K,0)
S:(S,0) (A,5) (E,3) (F,10) (G,12) (H,14) (I,16) (J,18) (K,20) (B,8) (C,2) (D,7)
-----
A:(A,0) (B,3) (C,-3) (D,1) (E,-3)
B:(B,0) (C,-6) (D,-2) (A,-4) (E,-7)
C:(C,0) (A,2) (B,5) (E,-1) (D,3)
D:(D,0)
E:(E,0)
F:(F,0) (G,2) (H,4) (I,6) (J,8) (K,10)
G:(G,0) (H,2) (I,4) (J,6) (K,8)
H:(H,0) (I,2) (J,4) (K,6)
I:(I,0) (J,2) (K,4)
J:(J,0) (K,2)
K:(K,0)
S:(S,0) (A,5) (E,2) (F,10) (G,12) (H,14) (I,16) (J,18) (K,20) (B,8) (C,2) (D,7)
-----
A:(A,0) (B,3) (C,-3) (D,1) (E,-4)
B:(B,0) (C,-6) (D,-3) (A,-4) (E,-7)
C:(C,0) (A,2) (B,5) (E,-2) (D,3)
D:(D,0)
E:(E,0)
F:(F,0) (G,2) (H,4) (I,6) (J,8) (K,10)
G:(G,0) (H,2) (I,4) (J,6) (K,8)
H:(H,0) (I,2) (J,4) (K,6)
I:(I,0) (J,2) (K,4)
J:(J,0) (K,2)
K:(K,0)
S:(S,0) (A,5) (E,2) (F,10) (G,12) (H,14) (I,16) (J,18) (K,20) (B,8) (C,2) (D,6)
-----
A:(A,0) (B,3) (C,-3) (D,0) (E,-4)
B:(B,0) (C,-6) (D,-3) (A,-4) (E,-8)
C:(C,0) (A,2) (B,5) (E,-2) (D,2)
D:(D,0)
E:(E,0)
F:(F,0) (G,2) (H,4) (I,6) (J,8) (K,10)
G:(G,0) (H,2) (I,4) (J,6) (K,8)
H:(H,0) (I,2) (J,4) (K,6)
I:(I,0) (J,2) (K,4)
J:(J,0) (K,2)
K:(K,0)
S:(S,0) (A,5) (E,1) (F,10) (G,12) (H,14) (I,16) (J,18) (K,20) (B,8) (C,2) (D,6)
-----
A:(A,0) (B,3) (C,-3) (D,0) (E,-5)
B:(B,0) (C,-6) (D,-4) (A,-4) (E,-8)
C:(C,0) (A,2) (B,5) (E,-3) (D,2)
D:(D,0)
E:(E,0)
F:(F,0) (G,2) (H,4) (I,6) (J,8) (K,10)
G:(G,0) (H,2) (I,4) (J,6) (K,8)
H:(H,0) (I,2) (J,4) (K,6)
I:(I,0) (J,2) (K,4)
J:(J,0) (K,2)
K:(K,0)
S:(S,0) (A,5) (E,1) (F,10) (G,12) (H,14) (I,16) (J,18) (K,20) (B,8) (C,2) (D,5)
-----
A:(A,0) (B,3) (C,-3) (D,-1) (E,-5)
B:(B,0) (C,-6) (D,-4) (A,-4) (E,-9)
C:(C,0) (A,2) (B,5) (E,-3) (D,1)
D:(D,0)
E:(E,0)
F:(F,0) (G,2) (H,4) (I,6) (J,8) (K,10)
G:(G,0) (H,2) (I,4) (J,6) (K,8)
H:(H,0) (I,2) (J,4) (K,6)
I:(I,0) (J,2) (K,4)
J:(J,0) (K,2)
K:(K,0)
S:(S,0) (A,5) (E,0) (F,10) (G,12) (H,14) (I,16) (J,18) (K,20) (B,8) (C,2) (D,5)
-----
A:(A,0) (B,3) (C,-3) (D,-1) (E,-6)
B:(B,0) (C,-6) (D,-5) (A,-4) (E,-9)
C:(C,0) (A,2) (B,5) (E,-4) (D,1)
D:(D,0)
E:(E,0)
F:(F,0) (G,2) (H,4) (I,6) (J,8) (K,10)
G:(G,0) (H,2) (I,4) (J,6) (K,8)
H:(H,0) (I,2) (J,4) (K,6)
I:(I,0) (J,2) (K,4)
J:(J,0) (K,2)
K:(K,0)
S:(S,0) (A,5) (E,0) (F,10) (G,12) (H,14) (I,16) (J,18) (K,20) (B,8) (C,2) (D,4)
-----
A:(A,0) (B,3) (C,-3) (D,-2) (E,-6)
B:(B,0) (C,-6) (D,-5) (A,-4) (E,-10)
C:(C,0) (A,2) (B,5) (E,-4) (D,0)
D:(D,0)
E:(E,0)
F:(F,0) (G,2) (H,4) (I,6) (J,8) (K,10)
G:(G,0) (H,2) (I,4) (J,6) (K,8)
H:(H,0) (I,2) (J,4) (K,6)
I:(I,0) (J,2) (K,4)
J:(J,0) (K,2)
K:(K,0)
S:(S,0) (A,5) (E,-1) (F,10) (G,12) (H,14) (I,16) (J,18) (K,20) (B,8) (C,2) (D,4)
-----
A:(A,0) (B,3) (C,-3) (D,-2) (E,-7)
B:(B,0) (C,-6) (D,-6) (A,-4) (E,-10)
C:(C,0) (A,2) (B,5) (E,-5) (D,0)
D:(D,0)
E:(E,0)
F:(F,0) (G,2) (H,4) (I,6) (J,8) (K,10)
G:(G,0) (H,2) (I,4) (J,6) (K,8)
H:(H,0) (I,2) (J,4) (K,6)
I:(I,0) (J,2) (K,4)
J:(J,0) (K,2)
K:(K,0)
S:(S,0) (A,5) (E,-1) (F,10) (G,12) (H,14) (I,16) (J,18) (K,20) (B,8) (C,2) (D,3)
-----
A:(A,0) (B,3) (C,-3) (D,-3) (E,-7)
B:(B,0) (C,-6) (D,-6) (A,-4) (E,-11)
C:(C,0) (A,2) (B,5) (E,-5) (D,-1)
D:(D,0)
E:(E,0)
F:(F,0) (G,2) (H,4) (I,6) (J,8) (K,10)
G:(G,0) (H,2) (I,4) (J,6) (K,8)
H:(H,0) (I,2) (J,4) (K,6)
I:(I,0) (J,2) (K,4)
J:(J,0) (K,2)
K:(K,0)
S:(S,0) (A,5) (E,-2) (F,10) (G,12) (H,14) (I,16) (J,18) (K,20) (B,8) (C,2) (D,3)
-----
A:(A,0) (B,3) (C,-3) (D,-3) (E,-8)
B:(B,0) (C,-6) (D,-7) (A,-4) (E,-11)
C:(C,0) (A,2) (B,5) (E,-6) (D,-1)
D:(D,0)
E:(E,0)
F:(F,0) (G,2) (H,4) (I,6) (J,8) (K,10)
G:(G,0) (H,2) (I,4) (J,6) (K,8)
H:(H,0) (I,2) (J,4) (K,6)
I:(I,0) (J,2) (K,4)
J:(J,0) (K,2)
K:(K,0)
S:(S,0) (A,5) (E,-2) (F,10) (G,12) (H,14) (I,16) (J,18) (K,20) (B,8) (C,2) (D,2)
-----
A:(A,0) (B,3) (C,-3) (D,-4) (E,-8)
B:(B,0) (C,-6) (D,-7) (A,-4) (E,-12)
C:(C,0) (A,2) (B,5) (E,-6) (D,-2)
D:(D,0)
E:(E,0)
F:(F,0) (G,2) (H,4) (I,6) (J,8) (K,10)
G:(G,0) (H,2) (I,4) (J,6) (K,8)
H:(H,0) (I,2) (J,4) (K,6)
I:(I,0) (J,2) (K,4)
J:(J,0) (K,2)
K:(K,0)
S:(S,0) (A,5) (E,-3) (F,10) (G,12) (H,14) (I,16) (J,18) (K,20) (B,8) (C,2) (D,2)
-----
A:(A,0) (B,3) (C,-3) (D,-4) (E,-9)
B:(B,0) (C,-6) (D,-8) (A,-4) (E,-12)
C:(C,0) (A,2) (B,5) (E,-7) (D,-2)
D:(D,0)
E:(E,0)
F:(F,0) (G,2) (H,4) (I,6) (J,8) (K,10)
G:(G,0) (H,2) (I,4) (J,6) (K,8)
H:(H,0) (I,2) (J,4) (K,6)
I:(I,0) (J,2) (K,4)
J:(J,0) (K,2)
K:(K,0)
S:(S,0) (A,5) (E,-3) (F,10) (G,12) (H,14) (I,16) (J,18) (K,20) (B,8) (C,2) (D,1)
-----
A:(A,0) (B,3) (C,-3) (D,-5) (E,-9)
B:(B,0) (C,-6) (D,-8) (A,-4) (E,-13)
C:(C,0) (A,2) (B,5) (E,-7) (D,-3)
D:(D,0)
E:(E,0)
F:(F,0) (G,2) (H,4) (I,6) (J,8) (K,10)
G:(G,0) (H,2) (I,4) (J,6) (K,8)
H:(H,0) (I,2) (J,4) (K,6)
I:(I,0) (J,2) (K,4)
J:(J,0) (K,2)
K:(K,0)
S:(S,0) (A,5) (E,-4) (F,10) (G,12) (H,14) (I,16) (J,18) (K,20) (B,8) (C,2) (D,1)
-----
A:(A,0) (B,3) (C,-3) (D,-5) (E,-10)
B:(B,0) (C,-6) (D,-9) (A,-4) (E,-13)
C:(C,0) (A,2) (B,5) (E,-8) (D,-3)
D:(D,0)
E:(E,0)
F:(F,0) (G,2) (H,4) (I,6) (J,8) (K,10)
G:(G,0) (H,2) (I,4) (J,6) (K,8)
H:(H,0) (I,2) (J,4) (K,6)
I:(I,0) (J,2) (K,4)
J:(J,0) (K,2)
K:(K,0)
S:(S,0) (A,5) (E,-4) (F,10) (G,12) (H,14) (I,16) (J,18) (K,20) (B,8) (C,2) (D,0)
-----
A:(A,0) (B,3) (C,-3) (D,-6) (E,-10)
B:(B,0) (C,-6) (D,-9) (A,-4) (E,-14)
C:(C,0) (A,2) (B,5) (E,-8) (D,-4)
D:(D,0)
E:(E,0)
F:(F,0) (G,2) (H,4) (I,6) (J,8) (K,10)
G:(G,0) (H,2) (I,4) (J,6) (K,8)
H:(H,0) (I,2) (J,4) (K,6)
I:(I,0) (J,2) (K,4)
J:(J,0) (K,2)
K:(K,0)
S:(S,0) (A,5) (E,-5) (F,10) (G,12) (H,14) (I,16) (J,18) (K,20) (B,8) (C,2) (D,0)
-----
A:(A,0) (B,3) (C,-3) (D,-6) (E,-11)
B:(B,0) (C,-6) (D,-10) (A,-4) (E,-14)
C:(C,0) (A,2) (B,5) (E,-9) (D,-4)
D:(D,0)
E:(E,0)
F:(F,0) (G,2) (H,4) (I,6) (J,8) (K,10)
G:(G,0) (H,2) (I,4) (J,6) (K,8)
H:(H,0) (I,2) (J,4) (K,6)
I:(I,0) (J,2) (K,4)
J:(J,0) (K,2)
K:(K,0)
S:(S,0) (A,5) (E,-5) (F,10) (G,12) (H,14) (I,16) (J,18) (K,20) (B,8) (C,2) (D,-1)
-----
A:(A,0) (B,3) (C,-3) (D,-7) (E,-11)
B:(B,0) (C,-6) (D,-10) (A,-4) (E,-15)
C:(C,0) (A,2) (B,5) (E,-9) (D,-5)
D:(D,0)
E:(E,0)
F:(F,0) (G,2) (H,4) (I,6) (J,8) (K,10)
G:(G,0) (H,2) (I,4) (J,6) (K,8)
H:(H,0) (I,2) (J,4) (K,6)
I:(I,0) (J,2) (K,4)
J:(J,0) (K,2)
K:(K,0)
S:(S,0) (A,5) (E,-6) (F,10) (G,12) (H,14) (I,16) (J,18) (K,20) (B,8) (C,2) (D,-1)
-----
A:(A,0) (B,3) (C,-3) (D,-7) (E,-12)
B:(B,0) (C,-6) (D,-11) (A,-4) (E,-15)
C:(C,0) (A,2) (B,5) (E,-10) (D,-5)
D:(D,0)
E:(E,0)
F:(F,0) (G,2) (H,4) (I,6) (J,8) (K,10)
G:(G,0) (H,2) (I,4) (J,6) (K,8)
H:(H,0) (I,2) (J,4) (K,6)
I:(I,0) (J,2) (K,4)
J:(J,0) (K,2)
K:(K,0)
S:(S,0) (A,5) (E,-6) (F,10) (G,12) (H,14) (I,16) (J,18) (K,20) (B,8) (C,2) (D,-2)
-----
A:(A,0) (B,3) (C,-3) (D,-8) (E,-12)
B:(B,0) (C,-6) (D,-11) (A,-4) (E,-16)
C:(C,0) (A,2) (B,5) (E,-10) (D,-6)
D:(D,0)
E:(E,0)
F:(F,0) (G,2) (H,4) (I,6) (J,8) (K,10)
G:(G,0) (H,2) (I,4) (J,6) (K,8)
H:(H,0) (I,2) (J,4) (K,6)
I:(I,0) (J,2) (K,4)
J:(J,0) (K,2)
K:(K,0)
S:(S,0) (A,5) (E,-7) (F,10) (G,12) (H,14) (I,16) (J,18) (K,20) (B,8) (C,2) (D,-2)
-----
A:(A,0) (B,3) (C,-3) (D,-8) (E,-13)
B:(B,0) (C,-6) (D,-12) (A,-4) (E,-16)
C:(C,0) (A,2) (B,5) (E,-11) (D,-6)
D:(D,0)
E:(E,0)
F:(F,0) (G,2) (H,4) (I,6) (J,8) (K,10)
G:(G,0) (H,2) (I,4) (J,6) (K,8)
H:(H,0) (I,2) (J,4) (K,6)
I:(I,0) (J,2) (K,4)
J:(J,0) (K,2)
K:(K,0)
S:(S,0) (A,5) (E,-7) (F,10) (G,12) (H,14) (I,16) (J,18) (K,20) (B,8) (C,2) (D,-3)
-----
A:(A,0) (B,3) (C,-3) (D,-9) (E,-13)
B:(B,0) (C,-6) (D,-12) (A,-4) (E,-17)
C:(C,0) (A,2) (B,5) (E,-11) (D,-7)
D:(D,0)
E:(E,0)
F:(F,0) (G,2) (H,4) (I,6) (J,8) (K,10)
G:(G,0) (H,2) (I,4) (J,6) (K,8)
H:(H,0) (I,2) (J,4) (K,6)
I:(I,0) (J,2) (K,4)
J:(J,0) (K,2)
K:(K,0)
S:(S,0) (A,5) (E,-8) (F,10) (G,12) (H,14) (I,16) (J,18) (K,20) (B,8) (C,2) (D,-3)
-----
A:(A,0) (B,3) (C,-3) (D,-9) (E,-14)
B:(B,0) (C,-6) (D,-13) (A,-4) (E,-17)
C:(C,0) (A,2) (B,5) (E,-12) (D,-7)
D:(D,0)
E:(E,0)
F:(F,0) (G,2) (H,4) (I,6) (J,8) (K,10)
G:(G,0) (H,2) (I,4) (J,6) (K,8)
H:(H,0) (I,2) (J,4) (K,6)
I:(I,0) (J,2) (K,4)
J:(J,0) (K,2)
K:(K,0)
S:(S,0) (A,5) (E,-8) (F,10) (G,12) (H,14) (I,16) (J,18) (K,20) (B,8) (C,2) (D,-4)
-----
A:(A,0) (B,3) (C,-3) (D,-10) (E,-14)
B:(B,0) (C,-6) (D,-13) (A,-4) (E,-18)
C:(C,0) (A,2) (B,5) (E,-12) (D,-8)
D:(D,0)
E:(E,0)
F:(F,0) (G,2) (H,4) (I,6) (J,8) (K,10)
G:(G,0) (H,2) (I,4) (J,6) (K,8)
H:(H,0) (I,2) (J,4) (K,6)
I:(I,0) (J,2) (K,4)
J:(J,0) (K,2)
K:(K,0)
S:(S,0) (A,5) (E,-9) (F,10) (G,12) (H,14) (I,16) (J,18) (K,20) (B,8) (C,2) (D,-4)
-----
A:(A,0) (B,3) (C,-3) (D,-10) (E,-15)
B:(B,0) (C,-6) (D,-14) (A,-4) (E,-18)
C:(C,0) (A,2) (B,5) (E,-13) (D,-8)
D:(D,0)
E:(E,0)
F:(F,0) (G,2) (H,4) (I,6) (J,8) (K,10)
G:(G,0) (H,2) (I,4) (J,6) (K,8)
H:(H,0) (I,2) (J,4) (K,6)
I:(I,0) (J,2) (K,4)
J:(J,0) (K,2)
K:(K,0)
S:(S,0) (A,5) (E,-9) (F,10) (G,12) (H,14) (I,16) (J,18) (K,20) (B,8) (C,2) (D,-5)
-----
A:(A,0) (B,3) (C,-3) (D,-11) (E,-15)
B:(B,0) (C,-6) (D,-14) (A,-4) (E,-19)
C:(C,0) (A,2) (B,5) (E,-13) (D,-9)
D:(D,0)
E:(E,0)
F:(F,0) (G,2) (H,4) (I,6) (J,8) (K,10)
G:(G,0) (H,2) (I,4) (J,6) (K,8)
H:(H,0) (I,2) (J,4) (K,6)
I:(I,0) (J,2) (K,4)
J:(J,0) (K,2)
K:(K,0)
S:(S,0) (A,5) (E,-10) (F,10) (G,12) (H,14) (I,16) (J,18) (K,20) (B,8) (C,2) (D,-5)
-----
A:(A,0) (B,3) (C,-3) (D,-11) (E,-16)
B:(B,0) (C,-6) (D,-15) (A,-4) (E,-19)
C:(C,0) (A,2) (B,5) (E,-14) (D,-9)
D:(D,0)
E:(E,0)
F:(F,0) (G,2) (H,4) (I,6) (J,8) (K,10)
G:(G,0) (H,2) (I,4) (J,6) (K,8)
H:(H,0) (I,2) (J,4) (K,6)
I:(I,0) (J,2) (K,4)
J:(J,0) (K,2)
K:(K,0)
S:(S,0) (A,5) (E,-10) (F,10) (G,12) (H,14) (I,16) (J,18) (K,20) (B,8) (C,2) (D,-6)
-----
A:(A,0) (B,3) (C,-3) (D,-12) (E,-16)
B:(B,0) (C,-6) (D,-15) (A,-4) (E,-20)
C:(C,0) (A,2) (B,5) (E,-14) (D,-10)
D:(D,0)
E:(E,0)
F:(F,0) (G,2) (H,4) (I,6) (J,8) (K,10)
G:(G,0) (H,2) (I,4) (J,6) (K,8)
H:(H,0) (I,2) (J,4) (K,6)
I:(I,0) (J,2) (K,4)
J:(J,0) (K,2)
K:(K,0)
S:(S,0) (A,5) (E,-11) (F,10) (G,12) (H,14) (I,16) (J,18) (K,20) (B,8) (C,2) (D,-6)
-----
A:(A,0) (B,3) (C,-3) (D,-12) (E,-17)
B:(B,0) (C,-6) (D,-16) (A,-4) (E,-20)
C:(C,0) (A,2) (B,5) (E,-15) (D,-10)
D:(D,0)
E:(E,0)
F:(F,0) (G,2) (H,4) (I,6) (J,8) (K,10)
G:(G,0) (H,2) (I,4) (J,6) (K,8)
H:(H,0) (I,2) (J,4) (K,6)
I:(I,0) (J,2) (K,4)
J:(J,0) (K,2)
K:(K,0)
S:(S,0) (A,5) (E,-11) (F,10) (G,12) (H,14) (I,16) (J,18) (K,20) (B,8) (C,2) (D,-7)
-----
A:(A,0) (B,3) (C,-3) (D,-13) (E,-17)
B:(B,0) (C,-6) (D,-16) (A,-4) (E,-21)
C:(C,0) (A,2) (B,5) (E,-15) (D,-11)
D:(D,0)
E:(E,0)
F:(F,0) (G,2) (H,4) (I,6) (J,8) (K,10)
G:(G,0) (H,2) (I,4) (J,6) (K,8)
H:(H,0) (I,2) (J,4) (K,6)
I:(I,0) (J,2) (K,4)
J:(J,0) (K,2)
K:(K,0)
S:(S,0) (A,5) (E,-12) (F,10) (G,12) (H,14) (I,16) (J,18) (K,20) (B,8) (C,2) (D,-7)
-----
A:(A,0) (B,3) (C,-3) (D,-13) (E,-18)
B:(B,0) (C,-6) (D,-17) (A,-4) (E,-21)
C:(C,0) (A,2) (B,5) (E,-16) (D,-11)
D:(D,0)
E:(E,0)
F:(F,0) (G,2) (H,4) (I,6) (J,8) (K,10)
G:(G,0) (H,2) (I,4) (J,6) (K,8)
H:(H,0) (I,2) (J,4) (K,6)
I:(I,0) (J,2) (K,4)
J:(J,0) (K,2)
K:(K,0)
S:(S,0) (A,5) (E,-12) (F,10) (G,12) (H,14) (I,16) (J,18) (K,20) (B,8) (C,2) (D,-8)
-----
A:(A,0) (B,3) (C,-3) (D,-14) (E,-18)
B:(B,0) (C,-6) (D,-17) (A,-4) (E,-22)
C:(C,0) (A,2) (B,5) (E,-16) (D,-12)
D:(D,0)
E:(E,0)
F:(F,0) (G,2) (H,4) (I,6) (J,8) (K,10)
G:(G,0) (H,2) (I,4) (J,6) (K,8)
H:(H,0) (I,2) (J,4) (K,6)
I:(I,0) (J,2) (K,4)
J:(J,0) (K,2)
K:(K,0)
S:(S,0) (A,5) (E,-13) (F,10) (G,12) (H,14) (I,16) (J,18) (K,20) (B,8) (C,2) (D,-8)
-----
A:(A,0) (B,3) (C,-3) (D,-14) (E,-19)
B:(B,0) (C,-6) (D,-18) (A,-4) (E,-22)
C:(C,0) (A,2) (B,5) (E,-17) (D,-12)
D:(D,0)
E:(E,0)
F:(F,0) (G,2) (H,4) (I,6) (J,8) (K,10)
G:(G,0) (H,2) (I,4) (J,6) (K,8)
H:(H,0) (I,2) (J,4) (K,6)
I:(I,0) (J,2) (K,4)
J:(J,0) (K,2)
K:(K,0)
S:(S,0) (A,5) (E,-13) (F,10) (G,12) (H,14) (I,16) (J,18) (K,20) (B,8) (C,2) (D,-9)
-----
A:(A,0) (B,3) (C,-3) (D,-15) (E,-19)
B:(B,0) (C,-6) (D,-18) (A,-4) (E,-23)
C:(C,0) (A,2) (B,5) (E,-17) (D,-13)
D:(D,0)
E:(E,0)
F:(F,0) (G,2) (H,4) (I,6) (J,8) (K,10)
G:(G,0) (H,2) (I,4) (J,6) (K,8)
H:(H,0) (I,2) (J,4) (K,6)
I:(I,0) (J,2) (K,4)
J:(J,0) (K,2)
K:(K,0)
S:(S,0) (A,5) (E,-14) (F,10) (G,12) (H,14) (I,16) (J,18) (K,20) (B,8) (C,2) (D,-9)
-----
A:(A,0) (B,3) (C,-3) (D,-15) (E,-20)
B:(B,0) (C,-6) (D,-19) (A,-4) (E,-23)
C:(C,0) (A,2) (B,5) (E,-18) (D,-13)
D:(D,0)
E:(E,0)
F:(F,0) (G,2) (H,4) (I,6) (J,8) (K,10)
G:(G,0) (H,2) (I,4) (J,6) (K,8)
H:(H,0) (I,2) (J,4) (K,6)
I:(I,0) (J,2) (K,4)
J:(J,0) (K,2)
K:(K,0)
S:(S,0) (A,5) (E,-14) (F,10) (G,12) (H,14) (I,16) (J,18) (K,20) (B,8) (C,2) (D,-10)
-----
A:(A,0) (B,3) (C,-3) (D,-16) (E,-20)
B:(B,0) (C,-6) (D,-19) (A,-4) (E,-24)
C:(C,0) (A,2) (B,5) (E,-18) (D,-14)
D:(D,0)
E:(E,0)
F:(F,0) (G,2) (H,4) (I,6) (J,8) (K,10)
G:(G,0) (H,2) (I,4) (J,6) (K,8)
H:(H,0) (I,2) (J,4) (K,6)
I:(I,0) (J,2) (K,4)
J:(J,0) (K,2)
K:(K,0)
S:(S,0) (A,5) (E,-15) (F,10) (G,12) (H,14) (I,16) (J,18) (K,20) (B,8) (C,2) (D,-10)
-----
A:(A,0) (B,3) (C,-3) (D,-16) (E,-21)
B:(B,0) (C,-6) (D,-20) (A,-4) (E,-24)
C:(C,0) (A,2) (B,5) (E,-19) (D,-14)
D:(D,0)
E:(E,0)
F:(F,0) (G,2) (H,4) (I,6) (J,8) (K,10)
G:(G,0) (H,2) (I,4) (J,6) (K,8)
H:(H,0) (I,2) (J,4) (K,6)
I:(I,0) (J,2) (K,4)
J:(J,0) (K,2)
K:(K,0)
S:(S,0) (A,5) (E,-15) (F,10) (G,12) (H,14) (I,16) (J,18) (K,20) (B,8) (C,2) (D,-11)
-----
A:(A,0) (B,3) (C,-3) (D,-17) (E,-21)
B:(B,0) (C,-6) (D,-20) (A,-4) (E,-25)
C:(C,0) (A,2) (B,5) (E,-19) (D,-15)
D:(D,0)
E:(E,0)
F:(F,0) (G,2) (H,4) (I,6) (J,8) (K,10)
G:(G,0) (H,2) (I,4) (J,6) (K,8)
H:(H,0) (I,2) (J,4) (K,6)
I:(I,0) (J,2) (K,4)
J:(J,0) (K,2)
K:(K,0)
S:(S,0) (A,5) (E,-16) (F,10) (G,12) (H,14) (I,16) (J,18) (K,20) (B,8) (C,2) (D,-11)
-----
A:(A,0) (B,3) (C,-3) (D,-17) (E,-22)
B:(B,0) (C,-6) (D,-21) (A,-4) (E,-25)
C:(C,0) (A,2) (B,5) (E,-20) (D,-15)
D:(D,0)
E:(E,0)
F:(F,0) (G,2) (H,4) (I,6) (J,8) (K,10)
G:(G,0) (H,2) (I,4) (J,6) (K,8)
H:(H,0) (I,2) (J,4) (K,6)
I:(I,0) (J,2) (K,4)
J:(J,0) (K,2)
K:(K,0)
S:(S,0) (A,5) (E,-16) (F,10) (G,12) (H,14) (I,16) (J,18) (K,20) (B,8) (C,2) (D,-12)
-----
A:(A,0) (B,3) (C,-3) (D,-18) (E,-22)
B:(B,0) (C,-6) (D,-21) (A,-4) (E,-26)
C:(C,0) (A,2) (B,5) (E,-20) (D,-16)
D:(D,0)
E:(E,0)
F:(F,0) (G,2) (H,4) (I,6) (J,8) (K,10)
G:(G,0) (H,2) (I,4) (J,6) (K,8)
H:(H,0) (I,2) (J,4) (K,6)
I:(I,0) (J,2) (K,4)
J:(J,0) (K,2)
K:(K,0)
S:(S,0) (A,5) (E,-17) (F,10) (G,12) (H,14) (I,16) (J,18) (K,20) (B,8) (C,2) (D,-12)
-----
A:(A,0) (B,3) (C,-3) (D,-18) (E,-23)
B:(B,0) (C,-6) (D,-22) (A,-4) (E,-26)
C:(C,0) (A,2) (B,5) (E,-21) (D,-16)
D:(D,0)
E:(E,0)
F:(F,0) (G,2) (H,4) (I,6) (J,8) (K,10)
G:(G,0) (H,2) (I,4) (J,6) (K,8)
H:(H,0) (I,2) (J,4) (K,6)
I:(I,0) (J,2) (K,4)
J:(J,0) (K,2)
K:(K,0)
S:(S,0) (A,5) (E,-17) (F,10) (G,12) (H,14) (I,16) (J,18) (K,20) (B,8) (C,2) (D,-13)
-----
A:(A,0) (B,3) (C,-3) (D,-19) (E,-23)
B:(B,0) (C,-6) (D,-22) (A,-4) (E,-27)
C:(C,0) (A,2) (B,5) (E,-21) (D,-17)
D:(D,0)
E:(E,0)
F:(F,0) (G,2) (H,4) (I,6) (J,8) (K,10)
G:(G,0) (H,2) (I,4) (J,6) (K,8)
H:(H,0) (I,2) (J,4) (K,6)
I:(I,0) (J,2) (K,4)
J:(J,0) (K,2)
K:(K,0)
S:(S,0) (A,5) (E,-18) (F,10) (G,12) (H,14) (I,16) (J,18) (K,20) (B,8) (C,2) (D,-13)
-----
A:(A,0) (B,3) (C,-3) (D,-19) (E,-24)
B:(B,0) (C,-6) (D,-23) (A,-4) (E,-27)
C:(C,0) (A,2) (B,5) (E,-22) (D,-17)
D:(D,0)
E:(E,0)
F:(F,0) (G,2) (H,4) (I,6) (J,8) (K,10)
G:(G,0) (H,2) (I,4) (J,6) (K,8)
H:(H,0) (I,2) (J,4) (K,6)
I:(I,0) (J,2) (K,4)
J:(J,0) (K,2)
K:(K,0)
S:(S,0) (A,5) (E,-18) (F,10) (G,12) (H,14) (I,16) (J,18) (K,20) (B,8) (C,2) (D,-14)
-----
A:(A,0) (B,3) (C,-3) (D,-20) (E,-24)
B:(B,0) (C,-6) (D,-23) (A,-4) (E,-28)
C:(C,0) (A,2) (B,5) (E,-22) (D,-18)
D:(D,0)
E:(E,0)
F:(F,0) (G,2) (H,4) (I,6) (J,8) (K,10)
G:(G,0) (H,2) (I,4) (J,6) (K,8)
H:(H,0) (I,2) (J,4) (K,6)
I:(I,0) (J,2) (K,4)
J:(J,0) (K,2)
K:(K,0)
S:(S,0) (A,5) (E,-19) (F,10) (G,12) (H,14) (I,16) (J,18) (K,20) (B,8) (C,2) (D,-14)
-----
A:(A,0) (B,3) (C,-3) (D,-20) (E,-25)
B:(B,0) (C,-6) (D,-24) (A,-4) (E,-28)
C:(C,0) (A,2) (B,5) (E,-23) (D,-18)
D:(D,0)
E:(E,0)
F:(F,0) (G,2) (H,4) (I,6) (J,8) (K,10)
G:(G,0) (H,2) (I,4) (J,6) (K,8)
H:(H,0) (I,2) (J,4) (K,6)
I:(I,0) (J,2) (K,4)
J:(J,0) (K,2)
K:(K,0)
S:(S,0) (A,5) (E,-19) (F,10) (G,12) (H,14) (I,16) (J,18) (K,20) (B,8) (C,2) (D,-15)
-----
A:(A,0) (B,3) (C,-3) (D,-21) (E,-25)
B:(B,0) (C,-6) (D,-24) (A,-4) (E,-29)
C:(C,0) (A,2) (B,5) (E,-23) (D,-19)
D:(D,0)
E:(E,0)
F:(F,0) (G,2) (H,4) (I,6) (J,8) (K,10)
G:(G,0) (H,2) (I,4) (J,6) (K,8)
H:(H,0) (I,2) (J,4) (K,6)
I:(I,0) (J,2) (K,4)
J:(J,0) (K,2)
K:(K,0)
S:(S,0) (A,5) (E,-20) (F,10) (G,12) (H,14) (I,16) (J,18) (K,20) (B,8) (C,2) (D,-15)
-----
A:(A,0) (B,3) (C,-3) (D,-21) (E,-26)
B:(B,0) (C,-6) (D,-25) (A,-4) (E,-29)
C:(C,0) (A,2) (B,5) (E,-24) (D,-19)
D:(D,0)
E:(E,0)
F:(F,0) (G,2) (H,4) (I,6) (J,8) (K,10)
G:(G,0) (H,2) (I,4) (J,6) (K,8)
H:(H,0) (I,2) (J,4) (K,6)
I:(I,0) (J,2) (K,4)
J:(J,0) (K,2)
K:(K,0)
S:(S,0) (A,5) (E,-20) (F,10) (G,12) (H,14) (I,16) (J,18) (K,20) (B,8) (C,2) (D,-16)
-----
A:(A,0) (B,3) (C,-3) (D,-22) (E,-26)
B:(B,0) (C,-6) (D,-25) (A,-4) (E,-30)
C:(C,0) (A,2) (B,5) (E,-24) (D,-20)
D:(D,0)
E:(E,0)
F:(F,0) (G,2) (H,4) (I,6) (J,8) (K,10)
G:(G,0) (H,2) (I,4) (J,6) (K,8)
H:(H,0) (I,2) (J,4) (K,6)
I:(I,0) (J,2) (K,4)
J:(J,0) (K,2)
K:(K,0)
S:(S,0) (A,5) (E,-21) (F,10) (G,12) (H,14) (I,16) (J,18) (K,20) (B,8) (C,2) (D,-16)
-----
A:(A,0) (B,3) (C,-3) (D,-22) (E,-27)
B:(B,0) (C,-6) (D,-26) (A,-4) (E,-30)
C:(C,0) (A,2) (B,5) (E,-25) (D,-20)
D:(D,0)
E:(E,0)
F:(F,0) (G,2) (H,4) (I,6) (J,8) (K,10)
G:(G,0) (H,2) (I,4) (J,6) (K,8)
H:(H,0) (I,2) (J,4) (K,6)
I:(I,0) (J,2) (K,4)
J:(J,0) (K,2)
K:(K,0)
S:(S,0) (A,5) (E,-21) (F,10) (G,12) (H,14) (I,16) (J,18) (K,20) (B,8) (C,2) (D,-17)
-----
A:(A,0) (B,3) (C,-3) (D,-23) (E,-27)
B:(B,0) (C,-6) (D,-26) (A,-4) (E,-31)
C:(C,0) (A,2) (B,5) (E,-25) (D,-21)
D:(D,0)
E:(E,0)
F:(F,0) (G,2) (H,4) (I,6) (J,8) (K,10)
G:(G,0) (H,2) (I,4) (J,6) (K,8)
H:(H,0) (I,2) (J,4) (K,6)
I:(I,0) (J,2) (K,4)
J:(J,0) (K,2)
K:(K,0)
S:(S,0) (A,5) (E,-22) (F,10) (G,12) (H,14) (I,16) (J,18) (K,20) (B,8) (C,2) (D,-17)
-----
A:(A,0) (B,3) (C,-3) (D,-23) (E,-28)
B:(B,0) (C,-6) (D,-27) (A,-4) (E,-31)
C:(C,0) (A,2) (B,5) (E,-26) (D,-21)
D:(D,0)
E:(E,0)
F:(F,0) (G,2) (H,4) (I,6) (J,8) (K,10)
G:(G,0) (H,2) (I,4) (J,6) (K,8)
H:(H,0) (I,2) (J,4) (K,6)
I:(I,0) (J,2) (K,4)
J:(J,0) (K,2)
K:(K,0)
S:(S,0) (A,5) (E,-22) (F,10) (G,12) (H,14) (I,16) (J,18) (K,20) (B,8) (C,2) (D,-18)
-----
A:(A,0) (B,3) (C,-3) (D,-24) (E,-28)
B:(B,0) (C,-6) (D,-27) (A,-4) (E,-32)
C:(C,0) (A,2) (B,5) (E,-26) (D,-22)
D:(D,0)
E:(E,0)
F:(F,0) (G,2) (H,4) (I,6) (J,8) (K,10)
G:(G,0) (H,2) (I,4) (J,6) (K,8)
H:(H,0) (I,2) (J,4) (K,6)
I:(I,0) (J,2) (K,4)
J:(J,0) (K,2)
K:(K,0)
S:(S,0) (A,5) (E,-23) (F,10) (G,12) (H,14) (I,16) (J,18) (K,20) (B,8) (C,2) (D,-18)
-----
A:(A,0) (B,3) (C,-3) (D,-24) (E,-29)
B:(B,0) (C,-6) (D,-28) (A,-4) (E,-32)
C:(C,0) (A,2) (B,5) (E,-27) (D,-22)
D:(D,0)
E:(E,0)
F:(F,0) (G,2) (H,4) (I,6) (J,8) (K,10)
G:(G,0) (H,2) (I,4) (J,6) (K,8)
H:(H,0) (I,2) (J,4) (K,6)
I:(I,0) (J,2) (K,4)
J:(J,0) (K,2)
K:(K,0)
S:(S,0) (A,5) (E,-23) (F,10) (G,12) (H,14) (I,16) (J,18) (K,20) (B,8) (C,2) (D,-19)
-----
A:(A,0) (B,3) (C,-3) (D,-25) (E,-29)
B:(B,0) (C,-6) (D,-28) (A,-4) (E,-33)
C:(C,0) (A,2) (B,5) (E,-27) (D,-23)
D:(D,0)
E:(E,0)
F:(F,0) (G,2) (H,4) (I,6) (J,8) (K,10)
G:(G,0) (H,2) (I,4) (J,6) (K,8)
H:(H,0) (I,2) (J,4) (K,6)
I:(I,0) (J,2) (K,4)
J:(J,0) (K,2)
K:(K,0)
S:(S,0) (A,5) (E,-24) (F,10) (G,12) (H,14) (I,16) (J,18) (K,20) (B,8) (C,2) (D,-19)
-----
A:(A,0) (B,3) (C,-3) (D,-25) (E,-30)
B:(B,0) (C,-6) (D,-29) (A,-4) (E,-33)
C:(C,0) (A,2) (B,5) (E,-28) (D,-23)
D:(D,0)
E:(E,0)
F:(F,0) (G,2) (H,4) (I,6) (J,8) (K,10)
G:(G,0) (H,2) (I,4) (J,6) (K,8)
H:(H,0) (I,2) (J,4) (K,6)
I:(I,0) (J,2) (K,4)
J:(J,0) (K,2)
K:(K,0)
S:(S,0) (A,5) (E,-24) (F,10) (G,12) (H,14) (I,16) (J,18) (K,20) (B,8) (C,2) (D,-20)
-----
A:(A,0) (B,3) (C,-3) (D,-26) (E,-30)
B:(B,0) (C,-6) (D,-29) (A,-4) (E,-34)
C:(C,0) (A,2) (B,5) (E,-28) (D,-24)
D:(D,0)
E:(E,0)
F:(F,0) (G,2) (H,4) (I,6) (J,8) (K,10)
G:(G,0) (H,2) (I,4) (J,6) (K,8)
H:(H,0) (I,2) (J,4) (K,6)
I:(I,0) (J,2) (K,4)
J:(J,0) (K,2)
K:(K,0)
S:(S,0) (A,5) (E,-25) (F,10) (G,12) (H,14) (I,16) (J,18) (K,20) (B,8) (C,2) (D,-20)
-----
A:(A,0) (B,3) (C,-3) (D,-26) (E,-31)
B:(B,0) (C,-6) (D,-30) (A,-4) (E,-34)
C:(C,0) (A,2) (B,5) (E,-29) (D,-24)
D:(D,0)
E:(E,0)
F:(F,0) (G,2) (H,4) (I,6) (J,8) (K,10)
G:(G,0) (H,2) (I,4) (J,6) (K,8)
H:(H,0) (I,2) (J,4) (K,6)
I:(I,0) (J,2) (K,4)
J:(J,0) (K,2)
K:(K,0)
S:(S,0) (A,5) (E,-25) (F,10) (G,12) (H,14) (I,16) (J,18) (K,20) (B,8) (C,2) (D,-21)
-----
A:(A,0) (B,3) (C,-3) (D,-27) (E,-31)
B:(B,0) (C,-6) (D,-30) (A,-4) (E,-35)
C:(C,0) (A,2) (B,5) (E,-29) (D,-25)
D:(D,0)
E:(E,0)
F:(F,0) (G,2) (H,4) (I,6) (J,8) (K,10)
G:(G,0) (H,2) (I,4) (J,6) (K,8)
H:(H,0) (I,2) (J,4) (K,6)
I:(I,0) (J,2) (K,4)
J:(J,0) (K,2)
K:(K,0)
S:(S,0) (A,5) (E,-26) (F,10) (G,12) (H,14) (I,16) (J,18) (K,20) (B,8) (C,2) (D,-21)
-----
A:(A,0) (B,3) (C,-3) (D,-27) (E,-32)
B:(B,0) (C,-6) (D,-31) (A,-4) (E,-35)
C:(C,0) (A,2) (B,5) (E,-30) (D,-25)
D:(D,0)
E:(E,0)
F:(F,0) (G,2) (H,4) (I,6) (J,8) (K,10)
G:(G,0) (H,2) (I,4) (J,6) (K,8)
H:(H,0) (I,2) (J,4) (K,6)
I:(I,0) (J,2) (K,4)
J:(J,0) (K,2)
K:(K,0)
S:(S,0) (A,5) (E,-26) (F,10) (G,12) (H,14) (I,16) (J,18) (K,20) (B,8) (C,2) (D,-22)
-----
A:(A,0) (B,3) (C,-3) (D,-28) (E,-32)
B:(B,0) (C,-6) (D,-31) (A,-4) (E,-36)
C:(C,0) (A,2) (B,5) (E,-30) (D,-26)
D:(D,0)
E:(E,0)
F:(F,0) (G,2) (H,4) (I,6) (J,8) (K,10)
G:(G,0) (H,2) (I,4) (J,6) (K,8)
H:(H,0) (I,2) (J,4) (K,6)
I:(I,0) (J,2) (K,4)
J:(J,0) (K,2)
K:(K,0)
S:(S,0) (A,5) (E,-27) (F,10) (G,12) (H,14) (I,16) (J,18) (K,20) (B,8) (C,2) (D,-22)
-----
A:(A,0) (B,3) (C,-3) (D,-28) (E,-33)
B:(B,0) (C,-6) (D,-32) (A,-4) (E,-36)
C:(C,0) (A,2) (B,5) (E,-31) (D,-26)
D:(D,0)
E:(E,0)
F:(F,0) (G,2) (H,4) (I,6) (J,8) (K,10)
G:(G,0) (H,2) (I,4) (J,6) (K,8)
H:(H,0) (I,2) (J,4) (K,6)
I:(I,0) (J,2) (K,4)
J:(J,0) (K,2)
K:(K,0)
S:(S,0) (A,5) (E,-27) (F,10) (G,12) (H,14) (I,16) (J,18) (K,20) (B,8) (C,2) (D,-23)
-----
A:(A,0) (B,3) (C,-3) (D,-29) (E,-33)
B:(B,0) (C,-6) (D,-32) (A,-4) (E,-37)
C:(C,0) (A,2) (B,5) (E,-31) (D,-27)
D:(D,0)
E:(E,0)
F:(F,0) (G,2) (H,4) (I,6) (J,8) (K,10)
G:(G,0) (H,2) (I,4) (J,6) (K,8)
H:(H,0) (I,2) (J,4) (K,6)
I:(I,0) (J,2) (K,4)
J:(J,0) (K,2)
K:(K,0)
S:(S,0) (A,5) (E,-28) (F,10) (G,12) (H,14) (I,16) (J,18) (K,20) (B,8) (C,2) (D,-23)
-----
A:(A,0) (B,3) (C,-3) (D,-29) (E,-34)
B:(B,0) (C,-6) (D,-33) (A,-4) (E,-37)
C:(C,0) (A,2) (B,5) (E,-32) (D,-27)
D:(D,0)
E:(E,0)
F:(F,0) (G,2) (H,4) (I,6) (J,8) (K,10)
G:(G,0) (H,2) (I,4) (J,6) (K,8)
H:(H,0) (I,2) (J,4) (K,6)
I:(I,0) (J,2) (K,4)
J:(J,0) (K,2)
K:(K,0)
S:(S,0) (A,5) (E,-28) (F,10) (G,12) (H,14) (I,16) (J,18) (K,20) (B,8) (C,2) (D,-24)
-----
A:(A,0) (B,3) (C,-3) (D,-30) (E,-34)
B:(B,0) (C,-6) (D,-33) (A,-4) (E,-38)
C:(C,0) (A,2) (B,5) (E,-32) (D,-28)
D:(D,0)
E:(E,0)
F:(F,0) (G,2) (H,4) (I,6) (J,8) (K,10)
G:(G,0) (H,2) (I,4) (J,6) (K,8)
H:(H,0) (I,2) (J,4) (K,6)
I:(I,0) (J,2) (K,4)
J:(J,0) (K,2)
K:(K,0)
S:(S,0) (A,5) (E,-29) (F,10) (G,12) (H,14) (I,16) (J,18) (K,20) (B,8) (C,2) (D,-24)
-----
A:(A,0) (B,3) (C,-3) (D,-30) (E,-35)
B:(B,0) (C,-6) (D,-34) (A,-4) (E,-38)
C:(C,0) (A,2) (B,5) (E,-33) (D,-28)
D:(D,0)
E:(E,0)
F:(F,0) (G,2) (H,4) (I,6) (J,8) (K,10)
G:(G,0) (H,2) (I,4) (J,6) (K,8)
H:(H,0) (I,2) (J,4) (K,6)
I:(I,0) (J,2) (K,4)
J:(J,0) (K,2)
K:(K,0)
S:(S,0) (A,5) (E,-29) (F,10) (G,12) (H,14) (I,16) (J,18) (K,20) (B,8) (C,2) (D,-25)
-----
A:(A,0) (B,3) (C,-3) (D,-31) (E,-35)
B:(B,0) (C,-6) (D,-34) (A,-4) (E,-39)
C:(C,0) (A,2) (B,5) (E,-33) (D,-29)
D:(D,0)
E:(E,0)
F:(F,0) (G,2) (H,4) (I,6) (J,8) (K,10)
G:(G,0) (H,2) (I,4) (J,6) (K,8)
H:(H,0) (I,2) (J,4) (K,6)
I:(I,0) (J,2) (K,4)
J:(J,0) (K,2)
K:(K,0)
S:(S,0) (A,5) (E,-30) (F,10) (G,12) (H,14) (I,16) (J,18) (K,20) (B,8) (C,2) (D,-25)
-----
A:(A,0) (B,3) (C,-3) (D,-31) (E,-36)
B:(B,0) (C,-6) (D,-35) (A,-4) (E,-39)
C:(C,0) (A,2) (B,5) (E,-34) (D,-29)
D:(D,0)
E:(E,0)
F:(F,0) (G,2) (H,4) (I,6) (J,8) (K,10)
G:(G,0) (H,2) (I,4) (J,6) (K,8)
H:(H,0) (I,2) (J,4) (K,6)
I:(I,0) (J,2) (K,4)
J:(J,0) (K,2)
K:(K,0)
S:(S,0) (A,5) (E,-30) (F,10) (G,12) (H,14) (I,16) (J,18) (K,20) (B,8) (C,2) (D,-26)
-----
A:(A,0) (B,3) (C,-3) (D,-32) (E,-36)
B:(B,0) (C,-6) (D,-35) (A,-4) (E,-40)
C:(C,0) (A,2) (B,5) (E,-34) (D,-30)
D:(D,0)
E:(E,0)
F:(F,0) (G,2) (H,4) (I,6) (J,8) (K,10)
G:(G,0) (H,2) (I,4) (J,6) (K,8)
H:(H,0) (I,2) (J,4) (K,6)
I:(I,0) (J,2) (K,4)
J:(J,0) (K,2)
K:(K,0)
S:(S,0) (A,5) (E,-31) (F,10) (G,12) (H,14) (I,16) (J,18) (K,20) (B,8) (C,2) (D,-26)
-----
A:(A,0) (B,3) (C,-3) (D,-32) (E,-37)
B:(B,0) (C,-6) (D,-36) (A,-4) (E,-40)
C:(C,0) (A,2) (B,5) (E,-35) (D,-30)
D:(D,0)
E:(E,0)
F:(F,0) (G,2) (H,4) (I,6) (J,8) (K,10)
G:(G,0) (H,2) (I,4) (J,6) (K,8)
H:(H,0) (I,2) (J,4) (K,6)
I:(I,0) (J,2) (K,4)
J:(J,0) (K,2)
K:(K,0)
S:(S,0) (A,5) (E,-31) (F,10) (G,12) (H,14) (I,16) (J,18) (K,20) (B,8) (C,2) (D,-27)
-----
A:(A,0) (B,3) (C,-3) (D,-33) (E,-37)
B:(B,0) (C,-6) (D,-36) (A,-4) (E,-41)
C:(C,0) (A,2) (B,5) (E,-35) (D,-31)
D:(D,0)
E:(E,0)
F:(F,0) (G,2) (H,4) (I,6) (J,8) (K,10)
G:(G,0) (H,2) (I,4) (J,6) (K,8)
H:(H,0) (I,2) (J,4) (K,6)
I:(I,0) (J,2) (K,4)
J:(J,0) (K,2)
K:(K,0)
S:(S,0) (A,5) (E,-32) (F,10) (G,12) (H,14) (I,16) (J,18) (K,20) (B,8) (C,2) (D,-27)
-----
A:(A,0) (B,3) (C,-3) (D,-33) (E,-38)
B:(B,0) (C,-6) (D,-37) (A,-4) (E,-41)
C:(C,0) (A,2) (B,5) (E,-36) (D,-31)
D:(D,0)
E:(E,0)
F:(F,0) (G,2) (H,4) (I,6) (J,8) (K,10)
G:(G,0) (H,2) (I,4) (J,6) (K,8)
H:(H,0) (I,2) (J,4) (K,6)
I:(I,0) (J,2) (K,4)
J:(J,0) (K,2)
K:(K,0)
S:(S,0) (A,5) (E,-32) (F,10) (G,12) (H,14) (I,16) (J,18) (K,20) (B,8) (C,2) (D,-28)
-----
A:(A,0) (B,3) (C,-3) (D,-34) (E,-38)
B:(B,0) (C,-6) (D,-37) (A,-4) (E,-42)
C:(C,0) (A,2) (B,5) (E,-36) (D,-32)
D:(D,0)
E:(E,0)
F:(F,0) (G,2) (H,4) (I,6) (J,8) (K,10)
G:(G,0) (H,2) (I,4) (J,6) (K,8)
H:(H,0) (I,2) (J,4) (K,6)
I:(I,0) (J,2) (K,4)
J:(J,0) (K,2)
K:(K,0)
S:(S,0) (A,5) (E,-33) (F,10) (G,12) (H,14) (I,16) (J,18) (K,20) (B,8) (C,2) (D,-28)
-----
A:(A,0) (B,3) (C,-3) (D,-34) (E,-39)
B:(B,0) (C,-6) (D,-38) (A,-4) (E,-42)
C:(C,0) (A,2) (B,5) (E,-37) (D,-32)
D:(D,0)
E:(E,0)
F:(F,0) (G,2) (H,4) (I,6) (J,8) (K,10)
G:(G,0) (H,2) (I,4) (J,6) (K,8)
H:(H,0) (I,2) (J,4) (K,6)
I:(I,0) (J,2) (K,4)
J:(J,0) (K,2)
K:(K,0)
S:(S,0) (A,5) (E,-33) (F,10) (G,12) (H,14) (I,16) (J,18) (K,20) (B,8) (C,2) (D,-29)
-----
A:(A,0) (B,3) (C,-3) (D,-35) (E,-39)
B:(B,0) (C,-6) (D,-38) (A,-4) (E,-43)
C:(C,0) (A,2) (B,5) (E,-37) (D,-33)
D:(D,0)
E:(E,0)
F:(F,0) (G,2) (H,4) (I,6) (J,8) (K,10)
G:(G,0) (H,2) (I,4) (J,6) (K,8)
H:(H,0) (I,2) (J,4) (K,6)
I:(I,0) (J,2) (K,4)
J:(J,0) (K,2)
K:(K,0)
S:(S,0) (A,5) (E,-34) (F,10) (G,12) (H,14) (I,16) (J,18) (K,20) (B,8) (C,2) (D,-29)
-----
A:(A,0) (B,3) (C,-3) (D,-35) (E,-40)
B:(B,0) (C,-6) (D,-39) (A,-4) (E,-43)
C:(C,0) (A,2) (B,5) (E,-38) (D,-33)
D:(D,0)
E:(E,0)
F:(F,0) (G,2) (H,4) (I,6) (J,8) (K,10)
G:(G,0) (H,2) (I,4) (J,6) (K,8)
H:(H,0) (I,2) (J,4) (K,6)
I:(I,0) (J,2) (K,4)
J:(J,0) (K,2)
K:(K,0)
S:(S,0) (A,5) (E,-34) (F,10) (G,12) (H,14) (I,16) (J,18) (K,20) (B,8) (C,2) (D,-30)
-----
A:(A,0) (B,3) (C,-3) (D,-36) (E,-40)
B:(B,0) (C,-6) (D,-39) (A,-4) (E,-44)
C:(C,0) (A,2) (B,5) (E,-38) (D,-34)
D:(D,0)
E:(E,0)
F:(F,0) (G,2) (H,4) (I,6) (J,8) (K,10)
G:(G,0) (H,2) (I,4) (J,6) (K,8)
H:(H,0) (I,2) (J,4) (K,6)
I:(I,0) (J,2) (K,4)
J:(J,0) (K,2)
K:(K,0)
S:(S,0) (A,5) (E,-35) (F,10) (G,12) (H,14) (I,16) (J,18) (K,20) (B,8) (C,2) (D,-30)
-----
A:(A,0) (B,3) (C,-3) (D,-36) (E,-41)
B:(B,0) (C,-6) (D,-40) (A,-4) (E,-44)
C:(C,0) (A,2) (B,5) (E,-39) (D,-34)
D:(D,0)
E:(E,0)
F:(F,0) (G,2) (H,4) (I,6) (J,8) (K,10)
G:(G,0) (H,2) (I,4) (J,6) (K,8)
H:(H,0) (I,2) (J,4) (K,6)
I:(I,0) (J,2) (K,4)
J:(J,0) (K,2)
K:(K,0)
S:(S,0) (A,5) (E,-35) (F,10) (G,12) (H,14) (I,16) (J,18) (K,20) (B,8) (C,2) (D,-31)
-----
A:(A,0) (B,3) (C,-3) (D,-37) (E,-41)
B:(B,0) (C,-6) (D,-40) (A,-4) (E,-45)
C:(C,0) (A,2) (B,5) (E,-39) (D,-35)
D:(D,0)
E:(E,0)
F:(F,0) (G,2) (H,4) (I,6) (J,8) (K,10)
G:(G,0) (H,2) (I,4) (J,6) (K,8)
H:(H,0) (I,2) (J,4) (K,6)
I:(I,0) (J,2) (K,4)
J:(J,0) (K,2)
K:(K,0)
S:(S,0) (A,5) (E,-36) (F,10) (G,12) (H,14) (I,16) (J,18) (K,20) (B,8) (C,2) (D,-31)
-----
A:(A,0) (B,3) (C,-3) (D,-37) (E,-42)
B:(B,0) (C,-6) (D,-41) (A,-4) (E,-45)
C:(C,0) (A,2) (B,5) (E,-40) (D,-35)
D:(D,0)
E:(E,0)
F:(F,0) (G,2) (H,4) (I,6) (J,8) (K,10)
G:(G,0) (H,2) (I,4) (J,6) (K,8)
H:(H,0) (I,2) (J,4) (K,6)
I:(I,0) (J,2) (K,4)
J:(J,0) (K,2)
K:(K,0)
S:(S,0) (A,5) (E,-36) (F,10) (G,12) (H,14) (I,16) (J,18) (K,20) (B,8) (C,2) (D,-32)
-----
A:(A,0) (B,3) (C,-3) (D,-38) (E,-42)
B:(B,0) (C,-6) (D,-41) (A,-4) (E,-46)
C:(C,0) (A,2) (B,5) (E,-40) (D,-36)
D:(D,0)
E:(E,0)
F:(F,0) (G,2) (H,4) (I,6) (J,8) (K,10)
G:(G,0) (H,2) (I,4) (J,6) (K,8)
H:(H,0) (I,2) (J,4) (K,6)
I:(I,0) (J,2) (K,4)
J:(J,0) (K,2)
K:(K,0)
S:(S,0) (A,5) (E,-37) (F,10) (G,12) (H,14) (I,16) (J,18) (K,20) (B,8) (C,2) (D,-32)
-----
A:(A,0) (B,3) (C,-3) (D,-38) (E,-43)
B:(B,0) (C,-6) (D,-42) (A,-4) (E,-46)
C:(C,0) (A,2) (B,5) (E,-41) (D,-36)
D:(D,0)
E:(E,0)
F:(F,0) (G,2) (H,4) (I,6) (J,8) (K,10)
G:(G,0) (H,2) (I,4) (J,6) (K,8)
H:(H,0) (I,2) (J,4) (K,6)
I:(I,0) (J,2) (K,4)
J:(J,0) (K,2)
K:(K,0)
S:(S,0) (A,5) (E,-37) (F,10) (G,12) (H,14) (I,16) (J,18) (K,20) (B,8) (C,2) (D,-33)
-----
A:(A,0) (B,3) (C,-3) (D,-39) (E,-43)
B:(B,0) (C,-6) (D,-42) (A,-4) (E,-47)
C:(C,0) (A,2) (B,5) (E,-41) (D,-37)
D:(D,0)
E:(E,0)
F:(F,0) (G,2) (H,4) (I,6) (J,8) (K,10)
G:(G,0) (H,2) (I,4) (J,6) (K,8)
H:(H,0) (I,2) (J,4) (K,6)
I:(I,0) (J,2) (K,4)
J:(J,0) (K,2)
K:(K,0)
S:(S,0) (A,5) (E,-38) (F,10) (G,12) (H,14) (I,16) (J,18) (K,20) (B,8) (C,2) (D,-33)
-----
A:(A,0) (B,3) (C,-3) (D,-39) (E,-44)
B:(B,0) (C,-6) (D,-43) (A,-4) (E,-47)
C:(C,0) (A,2) (B,5) (E,-42) (D,-37)
D:(D,0)
E:(E,0)
F:(F,0) (G,2) (H,4) (I,6) (J,8) (K,10)
G:(G,0) (H,2) (I,4) (J,6) (K,8)
H:(H,0) (I,2) (J,4) (K,6)
I:(I,0) (J,2) (K,4)
J:(J,0) (K,2)
K:(K,0)
S:(S,0) (A,5) (E,-38) (F,10) (G,12) (H,14) (I,16) (J,18) (K,20) (B,8) (C,2) (D,-34)
-----
A:(A,0) (B,3) (C,-3) (D,-40) (E,-44)
B:(B,0) (C,-6) (D,-43) (A,-4) (E,-48)
C:(C,0) (A,2) (B,5) (E,-42) (D,-38)
D:(D,0)
E:(E,0)
F:(F,0) (G,2) (H,4) (I,6) (J,8) (K,10)
G:(G,0) (H,2) (I,4) (J,6) (K,8)
H:(H,0) (I,2) (J,4) (K,6)
I:(I,0) (J,2) (K,4)
J:(J,0) (K,2)
K:(K,0)
S:(S,0) (A,5) (E,-39) (F,10) (G,12) (H,14) (I,16) (J,18) (K,20) (B,8) (C,2) (D,-34)
-----
A:(A,0) (B,3) (C,-3) (D,-40) (E,-45)
B:(B,0) (C,-6) (D,-44) (A,-4) (E,-48)
C:(C,0) (A,2) (B,5) (E,-43) (D,-38)
D:(D,0)
E:(E,0)
F:(F,0) (G,2) (H,4) (I,6) (J,8) (K,10)
G:(G,0) (H,2) (I,4) (J,6) (K,8)
H:(H,0) (I,2) (J,4) (K,6)
I:(I,0) (J,2) (K,4)
J:(J,0) (K,2)
K:(K,0)
S:(S,0) (A,5) (E,-39) (F,10) (G,12) (H,14) (I,16) (J,18) (K,20) (B,8) (C,2) (D,-35)
-----
A:(A,0) (B,3) (C,-3) (D,-41) (E,-45)
B:(B,0) (C,-6) (D,-44) (A,-4) (E,-49)
C:(C,0) (A,2) (B,5) (E,-43) (D,-39)
D:(D,0)
E:(E,0)
F:(F,0) (G,2) (H,4) (I,6) (J,8) (K,10)
G:(G,0) (H,2) (I,4) (J,6) (K,8)
H:(H,0) (I,2) (J,4) (K,6)
I:(I,0) (J,2) (K,4)
J:(J,0) (K,2)
K:(K,0)
S:(S,0) (A,5) (E,-40) (F,10) (G,12) (H,14) (I,16) (J,18) (K,20) (B,8) (C,2) (D,-35)
-----
A:(A,0) (B,3) (C,-3) (D,-41) (E,-46)
B:(B,0) (C,-6) (D,-45) (A,-4) (E,-49)
C:(C,0) (A,2) (B,5) (E,-44) (D,-39)
D:(D,0)
E:(E,0)
F:(F,0) (G,2) (H,4) (I,6) (J,8) (K,10)
G:(G,0) (H,2) (I,4) (J,6) (K,8)
H:(H,0) (I,2) (J,4) (K,6)
I:(I,0) (J,2) (K,4)
J:(J,0) (K,2)
K:(K,0)
S:(S,0) (A,5) (E,-40) (F,10) (G,12) (H,14) (I,16) (J,18) (K,20) (B,8) (C,2) (D,-36)
-----
A:(A,0) (B,3) (C,-3) (D,-42) (E,-46)
B:(B,0) (C,-6) (D,-45) (A,-4) (E,-50)
C:(C,0) (A,2) (B,5) (E,-44) (D,-40)
D:(D,0)
E:(E,0)
F:(F,0) (G,2) (H,4) (I,6) (J,8) (K,10)
G:(G,0) (H,2) (I,4) (J,6) (K,8)
H:(H,0) (I,2) (J,4) (K,6)
I:(I,0) (J,2) (K,4)
J:(J,0) (K,2)
K:(K,0)
S:(S,0) (A,5) (E,-41) (F,10) (G,12) (H,14) (I,16) (J,18) (K,20) (B,8) (C,2) (D,-36)
-----
A:(A,0) (B,3) (C,-3) (D,-42) (E,-47)
B:(B,0) (C,-6) (D,-46) (A,-4) (E,-50)
C:(C,0) (A,2) (B,5) (E,-45) (D,-40)
D:(D,0)
E:(E,0)
F:(F,0) (G,2) (H,4) (I,6) (J,8) (K,10)
G:(G,0) (H,2) (I,4) (J,6) (K,8)
H:(H,0) (I,2) (J,4) (K,6)
I:(I,0) (J,2) (K,4)
J:(J,0) (K,2)
K:(K,0)
S:(S,0) (A,5) (E,-41) (F,10) (G,12) (H,14) (I,16) (J,18) (K,20) (B,8) (C,2) (D,-37)
-----
A:(A,0) (B,3) (C,-3) (D,-43) (E,-47)
B:(B,0) (C,-6) (D,-46) (A,-4) (E,-51)
C:(C,0) (A,2) (B,5) (E,-45) (D,-41)
D:(D,0)
E:(E,0)
F:(F,0) (G,2) (H,4) (I,6) (J,8) (K,10)
G:(G,0) (H,2) (I,4) (J,6) (K,8)
H:(H,0) (I,2) (J,4) (K,6)
I:(I,0) (J,2) (K,4)
J:(J,0) (K,2)
K:(K,0)
S:(S,0) (A,5) (E,-42) (F,10) (G,12) (H,14) (I,16) (J,18) (K,20) (B,8) (C,2) (D,-37)
-----
A:(A,0) (B,3) (C,-3) (D,-43) (E,-48)
B:(B,0) (C,-6) (D,-47) (A,-4) (E,-51)
C:(C,0) (A,2) (B,5) (E,-46) (D,-41)
D:(D,0)
E:(E,0)
F:(F,0) (G,2) (H,4) (I,6) (J,8) (K,10)
G:(G,0) (H,2) (I,4) (J,6) (K,8)
H:(H,0) (I,2) (J,4) (K,6)
I:(I,0) (J,2) (K,4)
J:(J,0) (K,2)
K:(K,0)
S:(S,0) (A,5) (E,-42) (F,10) (G,12) (H,14) (I,16) (J,18) (K,20) (B,8) (C,2) (D,-38)
-----
A:(A,0) (B,3) (C,-3) (D,-44) (E,-48)
B:(B,0) (C,-6) (D,-47) (A,-4) (E,-52)
C:(C,0) (A,2) (B,5) (E,-46) (D,-42)
D:(D,0)
E:(E,0)
F:(F,0) (G,2) (H,4) (I,6) (J,8) (K,10)
G:(G,0) (H,2) (I,4) (J,6) (K,8)
H:(H,0) (I,2) (J,4) (K,6)
I:(I,0) (J,2) (K,4)
J:(J,0) (K,2)
K:(K,0)
S:(S,0) (A,5) (E,-43) (F,10) (G,12) (H,14) (I,16) (J,18) (K,20) (B,8) (C,2) (D,-38)
-----
A:(A,0) (B,3) (C,-3) (D,-44) (E,-49)
B:(B,0) (C,-6) (D,-48) (A,-4) (E,-52)
C:(C,0) (A,2) (B,5) (E,-47) (D,-42)
D:(D,0)
E:(E,0)
F:(F,0) (G,2) (H,4) (I,6) (J,8) (K,10)
G:(G,0) (H,2) (I,4) (J,6) (K,8)
H:(H,0) (I,2) (J,4) (K,6)
I:(I,0) (J,2) (K,4)
J:(J,0) (K,2)
K:(K,0)
S:(S,0) (A,5) (E,-43) (F,10) (G,12) (H,14) (I,16) (J,18) (K,20) (B,8) (C,2) (D,-39)
-----
A:(A,0) (B,3) (C,-3) (D,-45) (E,-49)
B:(B,0) (C,-6) (D,-48) (A,-4) (E,-53)
C:(C,0) (A,2) (B,5) (E,-47) (D,-43)
D:(D,0)
E:(E,0)
F:(F,0) (G,2) (H,4) (I,6) (J,8) (K,10)
G:(G,0) (H,2) (I,4) (J,6) (K,8)
H:(H,0) (I,2) (J,4) (K,6)
I:(I,0) (J,2) (K,4)
J:(J,0) (K,2)
K:(K,0)
S:(S,0) (A,5) (E,-44) (F,10) (G,12) (H,14) (I,16) (J,18) (K,20) (B,8) (C,2) (D,-39)
-----
A:(A,0) (B,3) (C,-3) (D,-45) (E,-50)
B:(B,0) (C,-6) (D,-49) (A,-4) (E,-53)
C:(C,0) (A,2) (B,5) (E,-48) (D,-43)
D:(D,0)
E:(E,0)
F:(F,0) (G,2) (H,4) (I,6) (J,8) (K,10)
G:(G,0) (H,2) (I,4) (J,6) (K,8)
H:(H,0) (I,2) (J,4) (K,6)
I:(I,0) (J,2) (K,4)
J:(J,0) (K,2)
K:(K,0)
S:(S,0) (A,5) (E,-44) (F,10) (G,12) (H,14) (I,16) (J,18) (K,20) (B,8) (C,2) (D,-40)
-----
A:(A,0) (B,3) (C,-3) (D,-46) (E,-50)
B:(B,0) (C,-6) (D,-49) (A,-4) (E,-54)
C:(C,0) (A,2) (B,5) (E,-48) (D,-44)
D:(D,0)
E:(E,0)
F:(F,0) (G,2) (H,4) (I,6) (J,8) (K,10)
G:(G,0) (H,2) (I,4) (J,6) (K,8)
H:(H,0) (I,2) (J,4) (K,6)
I:(I,0) (J,2) (K,4)
J:(J,0) (K,2)
K:(K,0)
S:(S,0) (A,5) (E,-45) (F,10) (G,12) (H,14) (I,16) (J,18) (K,20) (B,8) (C,2) (D,-40)
-----
A:(A,0) (B,3) (C,-3) (D,-46) (E,-51)
B:(B,0) (C,-6) (D,-50) (A,-4) (E,-54)
C:(C,0) (A,2) (B,5) (E,-49) (D,-44)
D:(D,0)
E:(E,0)
F:(F,0) (G,2) (H,4) (I,6) (J,8) (K,10)
G:(G,0) (H,2) (I,4) (J,6) (K,8)
H:(H,0) (I,2) (J,4) (K,6)
I:(I,0) (J,2) (K,4)
J:(J,0) (K,2)
K:(K,0)
S:(S,0) (A,5) (E,-45) (F,10) (G,12) (H,14) (I,16) (J,18) (K,20) (B,8) (C,2) (D,-41)
-----
A:(A,0) (B,3) (C,-3) (D,-47) (E,-51)
B:(B,0) (C,-6) (D,-50) (A,-4) (E,-55)
C:(C,0) (A,2) (B,5) (E,-49) (D,-45)
D:(D,0)
E:(E,0)
F:(F,0) (G,2) (H,4) (I,6) (J,8) (K,10)
G:(G,0) (H,2) (I,4) (J,6) (K,8)
H:(H,0) (I,2) (J,4) (K,6)
I:(I,0) (J,2) (K,4)
J:(J,0) (K,2)
K:(K,0)
S:(S,0) (A,5) (E,-46) (F,10) (G,12) (H,14) (I,16) (J,18) (K,20) (B,8) (C,2) (D,-41)
-----
A:(A,0) (B,3) (C,-3) (D,-47) (E,-52)
B:(B,0) (C,-6) (D,-51) (A,-4) (E,-55)
C:(C,0) (A,2) (B,5) (E,-50) (D,-45)
D:(D,0)
E:(E,0)
F:(F,0) (G,2) (H,4) (I,6) (J,8) (K,10)
G:(G,0) (H,2) (I,4) (J,6) (K,8)
H:(H,0) (I,2) (J,4) (K,6)
I:(I,0) (J,2) (K,4)
J:(J,0) (K,2)
K:(K,0)
S:(S,0) (A,5) (E,-46) (F,10) (G,12) (H,14) (I,16) (J,18) (K,20) (B,8) (C,2) (D,-42)
-----
A:(A,0) (B,3) (C,-3) (D,-48) (E,-52)
B:(B,0) (C,-6) (D,-51) (A,-4) (E,-56)
C:(C,0) (A,2) (B,5) (E,-50) (D,-46)
D:(D,0)
E:(E,0)
F:(F,0) (G,2) (H,4) (I,6) (J,8) (K,10)
G:(G,0) (H,2) (I,4) (J,6) (K,8)
H:(H,0) (I,2) (J,4) (K,6)
I:(I,0) (J,2) (K,4)
J:(J,0) (K,2)
K:(K,0)
S:(S,0) (A,5) (E,-47) (F,10) (G,12) (H,14) (I,16) (J,18) (K,20) (B,8) (C,2) (D,-42)
-----
A:(A,0) (B,3) (C,-3) (D,-48) (E,-53)
B:(B,0) (C,-6) (D,-52) (A,-4) (E,-56)
C:(C,0) (A,2) (B,5) (E,-51) (D,-46)
D:(D,0)
E:(E,0)
F:(F,0) (G,2) (H,4) (I,6) (J,8) (K,10)
G:(G,0) (H,2) (I,4) (J,6) (K,8)
H:(H,0) (I,2) (J,4) (K,6)
I:(I,0) (J,2) (K,4)
J:(J,0) (K,2)
K:(K,0)
S:(S,0) (A,5) (E,-47) (F,10) (G,12) (H,14) (I,16) (J,18) (K,20) (B,8) (C,2) (D,-43)
-----
A:(A,0) (B,3) (C,-3) (D,-49) (E,-53)
B:(B,0) (C,-6) (D,-52) (A,-4) (E,-57)
C:(C,0) (A,2) (B,5) (E,-51) (D,-47)
D:(D,0)
E:(E,0)
F:(F,0) (G,2) (H,4) (I,6) (J,8) (K,10)
G:(G,0) (H,2) (I,4) (J,6) (K,8)
H:(H,0) (I,2) (J,4) (K,6)
I:(I,0) (J,2) (K,4)
J:(J,0) (K,2)
K:(K,0)
S:(S,0) (A,5) (E,-48) (F,10) (G,12) (H,14) (I,16) (J,18) (K,20) (B,8) (C,2) (D,-43)
-----
A:(A,0) (B,3) (C,-3) (D,-49) (E,-54)
B:(B,0) (C,-6) (D,-53) (A,-4) (E,-57)
C:(C,0) (A,2) (B,5) (E,-52) (D,-47)
D:(D,0)
E:(E,0)
F:(F,0) (G,2) (H,4) (I,6) (J,8) (K,10)
G:(G,0) (H,2) (I,4) (J,6) (K,8)
H:(H,0) (I,2) (J,4) (K,6)
I:(I,0) (J,2) (K,4)
J:(J,0) (K,2)
K:(K,0)
S:(S,0) (A,5) (E,-48) (F,10) (G,12) (H,14) (I,16) (J,18) (K,20) (B,8) (C,2) (D,-44)
-----
A:(A,0) (B,3) (C,-3) (D,-50) (E,-54)
B:(B,0) (C,-6) (D,-53) (A,-4) (E,-58)
C:(C,0) (A,2) (B,5) (E,-52) (D,-48)
D:(D,0)
E:(E,0)
F:(F,0) (G,2) (H,4) (I,6) (J,8) (K,10)
G:(G,0) (H,2) (I,4) (J,6) (K,8)
H:(H,0) (I,2) (J,4) (K,6)
I:(I,0) (J,2) (K,4)
J:(J,0) (K,2)
K:(K,0)
S:(S,0) (A,5) (E,-49) (F,10) (G,12) (H,14) (I,16) (J,18) (K,20) (B,8) (C,2) (D,-44)
-----
A:(A,0) (B,3) (C,-3) (D,-50) (E,-55)
B:(B,0) (C,-6) (D,-54) (A,-4) (E,-58)
C:(C,0) (A,2) (B,5) (E,-53) (D,-48)
D:(D,0)
E:(E,0)
F:(F,0) (G,2) (H,4) (I,6) (J,8) (K,10)
G:(G,0) (H,2) (I,4) (J,6) (K,8)
H:(H,0) (I,2) (J,4) (K,6)
I:(I,0) (J,2) (K,4)
J:(J,0) (K,2)
K:(K,0)
S:(S,0) (A,5) (E,-49) (F,10) (G,12) (H,14) (I,16) (J,18) (K,20) (B,8) (C,2) (D,-45)
-----
A:(A,0) (B,3) (C,-3) (D,-51) (E,-55)
B:(B,0) (C,-6) (D,-54) (A,-4) (E,-59)
C:(C,0) (A,2) (B,5) (E,-53) (D,-49)
D:(D,0)
E:(E,0)
F:(F,0) (G,2) (H,4) (I,6) (J,8) (K,10)
G:(G,0) (H,2) (I,4) (J,6) (K,8)
H:(H,0) (I,2) (J,4) (K,6)
I:(I,0) (J,2) (K,4)
J:(J,0) (K,2)
K:(K,0)
S:(S,0) (A,5) (E,-50) (F,10) (G,12) (H,14) (I,16) (J,18) (K,20) (B,8) (C,2) (D,-45)
-----
A:(A,0) (B,3) (C,-3) (D,-51) (E,-56)
B:(B,0) (C,-6) (D,-55) (A,-4) (E,-59)
C:(C,0) (A,2) (B,5) (E,-54) (D,-49)
D:(D,0)
E:(E,0)
F:(F,0) (G,2) (H,4) (I,6) (J,8) (K,10)
G:(G,0) (H,2) (I,4) (J,6) (K,8)
H:(H,0) (I,2) (J,4) (K,6)
I:(I,0) (J,2) (K,4)
J:(J,0) (K,2)
K:(K,0)
S:(S,0) (A,5) (E,-50) (F,10) (G,12) (H,14) (I,16) (J,18) (K,20) (B,8) (C,2) (D,-46)
-----
A:(A,0) (B,3) (C,-3) (D,-52) (E,-56)
B:(B,0) (C,-6) (D,-55) (A,-4) (E,-60)
C:(C,0) (A,2) (B,5) (E,-54) (D,-50)
D:(D,0)
E:(E,0)
F:(F,0) (G,2) (H,4) (I,6) (J,8) (K,10)
G:(G,0) (H,2) (I,4) (J,6) (K,8)
H:(H,0) (I,2) (J,4) (K,6)
I:(I,0) (J,2) (K,4)
J:(J,0) (K,2)
K:(K,0)
S:(S,0) (A,5) (E,-51) (F,10) (G,12) (H,14) (I,16) (J,18) (K,20) (B,8) (C,2) (D,-46)
-----
A:(A,0) (B,3) (C,-3) (D,-52) (E,-57)
B:(B,0) (C,-6) (D,-56) (A,-4) (E,-60)
C:(C,0) (A,2) (B,5) (E,-55) (D,-50)
D:(D,0)
E:(E,0)
F:(F,0) (G,2) (H,4) (I,6) (J,8) (K,10)
G:(G,0) (H,2) (I,4) (J,6) (K,8)
H:(H,0) (I,2) (J,4) (K,6)
I:(I,0) (J,2) (K,4)
J:(J,0) (K,2)
K:(K,0)
S:(S,0) (A,5) (E,-51) (F,10) (G,12) (H,14) (I,16) (J,18) (K,20) (B,8) (C,2) (D,-47)
-----
A:(A,0) (B,3) (C,-3) (D,-53) (E,-57)
B:(B,0) (C,-6) (D,-56) (A,-4) (E,-61)
C:(C,0) (A,2) (B,5) (E,-55) (D,-51)
D:(D,0)
E:(E,0)
F:(F,0) (G,2) (H,4) (I,6) (J,8) (K,10)
G:(G,0) (H,2) (I,4) (J,6) (K,8)
H:(H,0) (I,2) (J,4) (K,6)
I:(I,0) (J,2) (K,4)
J:(J,0) (K,2)
K:(K,0)
S:(S,0) (A,5) (E,-52) (F,10) (G,12) (H,14) (I,16) (J,18) (K,20) (B,8) (C,2) (D,-47)
-----
A:(A,0) (B,3) (C,-3) (D,-53) (E,-58)
B:(B,0) (C,-6) (D,-57) (A,-4) (E,-61)
C:(C,0) (A,2) (B,5) (E,-56) (D,-51)
D:(D,0)
E:(E,0)
F:(F,0) (G,2) (H,4) (I,6) (J,8) (K,10)
G:(G,0) (H,2) (I,4) (J,6) (K,8)
H:(H,0) (I,2) (J,4) (K,6)
I:(I,0) (J,2) (K,4)
J:(J,0) (K,2)
K:(K,0)
S:(S,0) (A,5) (E,-52) (F,10) (G,12) (H,14) (I,16) (J,18) (K,20) (B,8) (C,2) (D,-48)
-----
A:(A,0) (B,3) (C,-3) (D,-54) (E,-58)
B:(B,0) (C,-6) (D,-57) (A,-4) (E,-62)
C:(C,0) (A,2) (B,5) (E,-56) (D,-52)
D:(D,0)
E:(E,0)
F:(F,0) (G,2) (H,4) (I,6) (J,8) (K,10)
G:(G,0) (H,2) (I,4) (J,6) (K,8)
H:(H,0) (I,2) (J,4) (K,6)
I:(I,0) (J,2) (K,4)
J:(J,0) (K,2)
K:(K,0)
S:(S,0) (A,5) (E,-53) (F,10) (G,12) (H,14) (I,16) (J,18) (K,20) (B,8) (C,2) (D,-48)
-----
A:(A,0) (B,3) (C,-3) (D,-54) (E,-59)
B:(B,0) (C,-6) (D,-58) (A,-4) (E,-62)
C:(C,0) (A,2) (B,5) (E,-57) (D,-52)
D:(D,0)
E:(E,0)
F:(F,0) (G,2) (H,4) (I,6) (J,8) (K,10)
G:(G,0) (H,2) (I,4) (J,6) (K,8)
H:(H,0) (I,2) (J,4) (K,6)
I:(I,0) (J,2) (K,4)
J:(J,0) (K,2)
K:(K,0)
S:(S,0) (A,5) (E,-53) (F,10) (G,12) (H,14) (I,16) (J,18) (K,20) (B,8) (C,2) (D,-49)
-----
A:(A,0) (B,3) (C,-3) (D,-55) (E,-59)
B:(B,0) (C,-6) (D,-58) (A,-4) (E,-63)
C:(C,0) (A,2) (B,5) (E,-57) (D,-53)
D:(D,0)
E:(E,0)
F:(F,0) (G,2) (H,4) (I,6) (J,8) (K,10)
G:(G,0) (H,2) (I,4) (J,6) (K,8)
H:(H,0) (I,2) (J,4) (K,6)
I:(I,0) (J,2) (K,4)
J:(J,0) (K,2)
K:(K,0)
S:(S,0) (A,5) (E,-54) (F,10) (G,12) (H,14) (I,16) (J,18) (K,20) (B,8) (C,2) (D,-49)
-----
A:(A,0) (B,3) (C,-3) (D,-55) (E,-60)
B:(B,0) (C,-6) (D,-59) (A,-4) (E,-63)
C:(C,0) (A,2) (B,5) (E,-58) (D,-53)
D:(D,0)
E:(E,0)
F:(F,0) (G,2) (H,4) (I,6) (J,8) (K,10)
G:(G,0) (H,2) (I,4) (J,6) (K,8)
H:(H,0) (I,2) (J,4) (K,6)
I:(I,0) (J,2) (K,4)
J:(J,0) (K,2)
K:(K,0)
S:(S,0) (A,5) (E,-54) (F,10) (G,12) (H,14) (I,16) (J,18) (K,20) (B,8) (C,2) (D,-50)
-----
A:(A,0) (B,3) (C,-3) (D,-56) (E,-60)
B:(B,0) (C,-6) (D,-59) (A,-4) (E,-64)
C:(C,0) (A,2) (B,5) (E,-58) (D,-54)
D:(D,0)
E:(E,0)
F:(F,0) (G,2) (H,4) (I,6) (J,8) (K,10)
G:(G,0) (H,2) (I,4) (J,6) (K,8)
H:(H,0) (I,2) (J,4) (K,6)
I:(I,0) (J,2) (K,4)
J:(J,0) (K,2)
K:(K,0)
S:(S,0) (A,5) (E,-55) (F,10) (G,12) (H,14) (I,16) (J,18) (K,20) (B,8) (C,2) (D,-50)
-----
A:(A,0) (B,3) (C,-3) (D,-56) (E,-61)
B:(B,0) (C,-6) (D,-60) (A,-4) (E,-64)
C:(C,0) (A,2) (B,5) (E,-59) (D,-54)
D:(D,0)
E:(E,0)
F:(F,0) (G,2) (H,4) (I,6) (J,8) (K,10)
G:(G,0) (H,2) (I,4) (J,6) (K,8)
H:(H,0) (I,2) (J,4) (K,6)
I:(I,0) (J,2) (K,4)
J:(J,0) (K,2)
K:(K,0)
S:(S,0) (A,5) (E,-55) (F,10) (G,12) (H,14) (I,16) (J,18) (K,20) (B,8) (C,2) (D,-51)
-----
A:(A,0) (B,3) (C,-3) (D,-57) (E,-61)
B:(B,0) (C,-6) (D,-60) (A,-4) (E,-65)
C:(C,0) (A,2) (B,5) (E,-59) (D,-55)
D:(D,0)
E:(E,0)
F:(F,0) (G,2) (H,4) (I,6) (J,8) (K,10)
G:(G,0) (H,2) (I,4) (J,6) (K,8)
H:(H,0) (I,2) (J,4) (K,6)
I:(I,0) (J,2) (K,4)
J:(J,0) (K,2)
K:(K,0)
S:(S,0) (A,5) (E,-56) (F,10) (G,12) (H,14) (I,16) (J,18) (K,20) (B,8) (C,2) (D,-51)
-----
A:(A,0) (B,3) (C,-3) (D,-57) (E,-62)
B:(B,0) (C,-6) (D,-61) (A,-4) (E,-65)
C:(C,0) (A,2) (B,5) (E,-60) (D,-55)
D:(D,0)
E:(E,0)
F:(F,0) (G,2) (H,4) (I,6) (J,8) (K,10)
G:(G,0) (H,2) (I,4) (J,6) (K,8)
H:(H,0) (I,2) (J,4) (K,6)
I:(I,0) (J,2) (K,4)
J:(J,0) (K,2)
K:(K,0)
S:(S,0) (A,5) (E,-56) (F,10) (G,12) (H,14) (I,16) (J,18) (K,20) (B,8) (C,2) (D,-52)
-----
A:(A,0) (B,3) (C,-3) (D,-58) (E,-62)
B:(B,0) (C,-6) (D,-61) (A,-4) (E,-66)
C:(C,0) (A,2) (B,5) (E,-60) (D,-56)
D:(D,0)
E:(E,0)
F:(F,0) (G,2) (H,4) (I,6) (J,8) (K,10)
G:(G,0) (H,2) (I,4) (J,6) (K,8)
H:(H,0) (I,2) (J,4) (K,6)
I:(I,0) (J,2) (K,4)
J:(J,0) (K,2)
K:(K,0)
S:(S,0) (A,5) (E,-57) (F,10) (G,12) (H,14) (I,16) (J,18) (K,20) (B,8) (C,2) (D,-52)
-----
A:(A,0) (B,3) (C,-3) (D,-58) (E,-63)
B:(B,0) (C,-6) (D,-62) (A,-4) (E,-66)
C:(C,0) (A,2) (B,5) (E,-61) (D,-56)
D:(D,0)
E:(E,0)
F:(F,0) (G,2) (H,4) (I,6) (J,8) (K,10)
G:(G,0) (H,2) (I,4) (J,6) (K,8)
H:(H,0) (I,2) (J,4) (K,6)
I:(I,0) (J,2) (K,4)
J:(J,0) (K,2)
K:(K,0)
S:(S,0) (A,5) (E,-57) (F,10) (G,12) (H,14) (I,16) (J,18) (K,20) (B,8) (C,2) (D,-53)
-----
A:(A,0) (B,3) (C,-3) (D,-59) (E,-63)
B:(B,0) (C,-6) (D,-62) (A,-4) (E,-67)
C:(C,0) (A,2) (B,5) (E,-61) (D,-57)
D:(D,0)
E:(E,0)
F:(F,0) (G,2) (H,4) (I,6) (J,8) (K,10)
G:(G,0) (H,2) (I,4) (J,6) (K,8)
H:(H,0) (I,2) (J,4) (K,6)
I:(I,0) (J,2) (K,4)
J:(J,0) (K,2)
K:(K,0)
S:(S,0) (A,5) (E,-58) (F,10) (G,12) (H,14) (I,16) (J,18) (K,20) (B,8) (C,2) (D,-53)
-----
A:(A,0) (B,3) (C,-3) (D,-59) (E,-64)
B:(B,0) (C,-6) (D,-63) (A,-4) (E,-67)
C:(C,0) (A,2) (B,5) (E,-62) (D,-57)
D:(D,0)
E:(E,0)
F:(F,0) (G,2) (H,4) (I,6) (J,8) (K,10)
G:(G,0) (H,2) (I,4) (J,6) (K,8)
H:(H,0) (I,2) (J,4) (K,6)
I:(I,0) (J,2) (K,4)
J:(J,0) (K,2)
K:(K,0)
S:(S,0) (A,5) (E,-58) (F,10) (G,12) (H,14) (I,16) (J,18) (K,20) (B,8) (C,2) (D,-54)
-----
A:(A,0) (B,3) (C,-3) (D,-60) (E,-64)
B:(B,0) (C,-6) (D,-63) (A,-4) (E,-68)
C:(C,0) (A,2) (B,5) (E,-62) (D,-58)
D:(D,0)
E:(E,0)
F:(F,0) (G,2) (H,4) (I,6) (J,8) (K,10)
G:(G,0) (H,2) (I,4) (J,6) (K,8)
H:(H,0) (I,2) (J,4) (K,6)
I:(I,0) (J,2) (K,4)
J:(J,0) (K,2)
K:(K,0)
S:(S,0) (A,5) (E,-59) (F,10) (G,12) (H,14) (I,16) (J,18) (K,20) (B,8) (C,2) (D,-54)
-----
A:(A,0) (B,3) (C,-3) (D,-60) (E,-65)
B:(B,0) (C,-6) (D,-64) (A,-4) (E,-68)
C:(C,0) (A,2) (B,5) (E,-63) (D,-58)
D:(D,0)
E:(E,0)
F:(F,0) (G,2) (H,4) (I,6) (J,8) (K,10)
G:(G,0) (H,2) (I,4) (J,6) (K,8)
H:(H,0) (I,2) (J,4) (K,6)
I:(I,0) (J,2) (K,4)
J:(J,0) (K,2)
K:(K,0)
S:(S,0) (A,5) (E,-59) (F,10) (G,12) (H,14) (I,16) (J,18) (K,20) (B,8) (C,2) (D,-55)
-----
A:(A,0) (B,3) (C,-3) (D,-61) (E,-65)
B:(B,0) (C,-6) (D,-64) (A,-4) (E,-69)
C:(C,0) (A,2) (B,5) (E,-63) (D,-59)
D:(D,0)
E:(E,0)
F:(F,0) (G,2) (H,4) (I,6) (J,8) (K,10)
G:(G,0) (H,2) (I,4) (J,6) (K,8)
H:(H,0) (I,2) (J,4) (K,6)
I:(I,0) (J,2) (K,4)
J:(J,0) (K,2)
K:(K,0)
S:(S,0) (A,5) (E,-60) (F,10) (G,12) (H,14) (I,16) (J,18) (K,20) (B,8) (C,2) (D,-55)
-----
A:(A,0) (B,3) (C,-3) (D,-61) (E,-66)
B:(B,0) (C,-6) (D,-65) (A,-4) (E,-69)
C:(C,0) (A,2) (B,5) (E,-64) (D,-59)
D:(D,0)
E:(E,0)
F:(F,0) (G,2) (H,4) (I,6) (J,8) (K,10)
G:(G,0) (H,2) (I,4) (J,6) (K,8)
H:(H,0) (I,2) (J,4) (K,6)
I:(I,0) (J,2) (K,4)
J:(J,0) (K,2)
K:(K,0)
S:(S,0) (A,5) (E,-60) (F,10) (G,12) (H,14) (I,16) (J,18) (K,20) (B,8) (C,2) (D,-56)
-----
A:(A,0) (B,3) (C,-3) (D,-62) (E,-66)
B:(B,0) (C,-6) (D,-65) (A,-4) (E,-70)
C:(C,0) (A,2) (B,5) (E,-64) (D,-60)
D:(D,0)
E:(E,0)
F:(F,0) (G,2) (H,4) (I,6) (J,8) (K,10)
G:(G,0) (H,2) (I,4) (J,6) (K,8)
H:(H,0) (I,2) (J,4) (K,6)
I:(I,0) (J,2) (K,4)
J:(J,0) (K,2)
K:(K,0)
S:(S,0) (A,5) (E,-61) (F,10) (G,12) (H,14) (I,16) (J,18) (K,20) (B,8) (C,2) (D,-56)
-----
A:(A,0) (B,3) (C,-3) (D,-62) (E,-67)
B:(B,0) (C,-6) (D,-66) (A,-4) (E,-70)
C:(C,0) (A,2) (B,5) (E,-65) (D,-60)
D:(D,0)
E:(E,0)
F:(F,0) (G,2) (H,4) (I,6) (J,8) (K,10)
G:(G,0) (H,2) (I,4) (J,6) (K,8)
H:(H,0) (I,2) (J,4) (K,6)
I:(I,0) (J,2) (K,4)
J:(J,0) (K,2)
K:(K,0)
S:(S,0) (A,5) (E,-61) (F,10) (G,12) (H,14) (I,16) (J,18) (K,20) (B,8) (C,2) (D,-57)
-----
A:(A,0) (B,3) (C,-3) (D,-63) (E,-67)
B:(B,0) (C,-6) (D,-66) (A,-4) (E,-71)
C:(C,0) (A,2) (B,5) (E,-65) (D,-61)
D:(D,0)
E:(E,0)
F:(F,0) (G,2) (H,4) (I,6) (J,8) (K,10)
G:(G,0) (H,2) (I,4) (J,6) (K,8)
H:(H,0) (I,2) (J,4) (K,6)
I:(I,0) (J,2) (K,4)
J:(J,0) (K,2)
K:(K,0)
S:(S,0) (A,5) (E,-62) (F,10) (G,12) (H,14) (I,16) (J,18) (K,20) (B,8) (C,2) (D,-57)
-----
A:(A,0) (B,3) (C,-3) (D,-63) (E,-68)
B:(B,0) (C,-6) (D,-67) (A,-4) (E,-71)
C:(C,0) (A,2) (B,5) (E,-66) (D,-61)
D:(D,0)
E:(E,0)
F:(F,0) (G,2) (H,4) (I,6) (J,8) (K,10)
G:(G,0) (H,2) (I,4) (J,6) (K,8)
H:(H,0) (I,2) (J,4) (K,6)
I:(I,0) (J,2) (K,4)
J:(J,0) (K,2)
K:(K,0)
S:(S,0) (A,5) (E,-62) (F,10) (G,12) (H,14) (I,16) (J,18) (K,20) (B,8) (C,2) (D,-58)
-----
A:(A,0) (B,3) (C,-3) (D,-64) (E,-68)
B:(B,0) (C,-6) (D,-67) (A,-4) (E,-72)
C:(C,0) (A,2) (B,5) (E,-66) (D,-62)
D:(D,0)
E:(E,0)
F:(F,0) (G,2) (H,4) (I,6) (J,8) (K,10)
G:(G,0) (H,2) (I,4) (J,6) (K,8)
H:(H,0) (I,2) (J,4) (K,6)
I:(I,0) (J,2) (K,4)
J:(J,0) (K,2)
K:(K,0)
S:(S,0) (A,5) (E,-63) (F,10) (G,12) (H,14) (I,16) (J,18) (K,20) (B,8) (C,2) (D,-58)
-----
A:(A,0) (B,3) (C,-3) (D,-64) (E,-69)
B:(B,0) (C,-6) (D,-68) (A,-4) (E,-72)
C:(C,0) (A,2) (B,5) (E,-67) (D,-62)
D:(D,0)
E:(E,0)
F:(F,0) (G,2) (H,4) (I,6) (J,8) (K,10)
G:(G,0) (H,2) (I,4) (J,6) (K,8)
H:(H,0) (I,2) (J,4) (K,6)
I:(I,0) (J,2) (K,4)
J:(J,0) (K,2)
K:(K,0)
S:(S,0) (A,5) (E,-63) (F,10) (G,12) (H,14) (I,16) (J,18) (K,20) (B,8) (C,2) (D,-59)
-----
A:(A,0) (B,3) (C,-3) (D,-65) (E,-69)
B:(B,0) (C,-6) (D,-68) (A,-4) (E,-73)
C:(C,0) (A,2) (B,5) (E,-67) (D,-63)
D:(D,0)
E:(E,0)
F:(F,0) (G,2) (H,4) (I,6) (J,8) (K,10)
G:(G,0) (H,2) (I,4) (J,6) (K,8)
H:(H,0) (I,2) (J,4) (K,6)
I:(I,0) (J,2) (K,4)
J:(J,0) (K,2)
K:(K,0)
S:(S,0) (A,5) (E,-64) (F,10) (G,12) (H,14) (I,16) (J,18) (K,20) (B,8) (C,2) (D,-59)
-----
A:(A,0) (B,3) (C,-3) (D,-65) (E,-70)
B:(B,0) (C,-6) (D,-69) (A,-4) (E,-73)
C:(C,0) (A,2) (B,5) (E,-68) (D,-63)
D:(D,0)
E:(E,0)
F:(F,0) (G,2) (H,4) (I,6) (J,8) (K,10)
G:(G,0) (H,2) (I,4) (J,6) (K,8)
H:(H,0) (I,2) (J,4) (K,6)
I:(I,0) (J,2) (K,4)
J:(J,0) (K,2)
K:(K,0)
S:(S,0) (A,5) (E,-64) (F,10) (G,12) (H,14) (I,16) (J,18) (K,20) (B,8) (C,2) (D,-60)
-----
A:(A,0) (B,3) (C,-3) (D,-66) (E,-70)
B:(B,0) (C,-6) (D,-69) (A,-4) (E,-74)
C:(C,0) (A,2) (B,5) (E,-68) (D,-64)
D:(D,0)
E:(E,0)
F:(F,0) (G,2) (H,4) (I,6) (J,8) (K,10)
G:(G,0) (H,2) (I,4) (J,6) (K,8)
H:(H,0) (I,2) (J,4) (K,6)
I:(I,0) (J,2) (K,4)
J:(J,0) (K,2)
K:(K,0)
S:(S,0) (A,5) (E,-65) (F,10) (G,12) (H,14) (I,16) (J,18) (K,20) (B,8) (C,2) (D,-60)
-----
A:(A,0) (B,3) (C,-3) (D,-66) (E,-71)
B:(B,0) (C,-6) (D,-70) (A,-4) (E,-74)
C:(C,0) (A,2) (B,5) (E,-69) (D,-64)
D:(D,0)
E:(E,0)
F:(F,0) (G,2) (H,4) (I,6) (J,8) (K,10)
G:(G,0) (H,2) (I,4) (J,6) (K,8)
H:(H,0) (I,2) (J,4) (K,6)
I:(I,0) (J,2) (K,4)
J:(J,0) (K,2)
K:(K,0)
S:(S,0) (A,5) (E,-65) (F,10) (G,12) (H,14) (I,16) (J,18) (K,20) (B,8) (C,2) (D,-61)
-----
A:(A,0) (B,3) (C,-3) (D,-67) (E,-71)
B:(B,0) (C,-6) (D,-70) (A,-4) (E,-75)
C:(C,0) (A,2) (B,5) (E,-69) (D,-65)
D:(D,0)
E:(E,0)
F:(F,0) (G,2) (H,4) (I,6) (J,8) (K,10)
G:(G,0) (H,2) (I,4) (J,6) (K,8)
H:(H,0) (I,2) (J,4) (K,6)
I:(I,0) (J,2) (K,4)
J:(J,0) (K,2)
K:(K,0)
S:(S,0) (A,5) (E,-66) (F,10) (G,12) (H,14) (I,16) (J,18) (K,20) (B,8) (C,2) (D,-61)
-----
A:(A,0) (B,3) (C,-3) (D,-67) (E,-72)
B:(B,0) (C,-6) (D,-71) (A,-4) (E,-75)
C:(C,0) (A,2) (B,5) (E,-70) (D,-65)
D:(D,0)
E:(E,0)
F:(F,0) (G,2) (H,4) (I,6) (J,8) (K,10)
G:(G,0) (H,2) (I,4) (J,6) (K,8)
H:(H,0) (I,2) (J,4) (K,6)
I:(I,0) (J,2) (K,4)
J:(J,0) (K,2)
K:(K,0)
S:(S,0) (A,5) (E,-66) (F,10) (G,12) (H,14) (I,16) (J,18) (K,20) (B,8) (C,2) (D,-62)
-----
A:(A,0) (B,3) (C,-3) (D,-68) (E,-72)
B:(B,0) (C,-6) (D,-71) (A,-4) (E,-76)
C:(C,0) (A,2) (B,5) (E,-70) (D,-66)
D:(D,0)
E:(E,0)
F:(F,0) (G,2) (H,4) (I,6) (J,8) (K,10)
G:(G,0) (H,2) (I,4) (J,6) (K,8)
H:(H,0) (I,2) (J,4) (K,6)
I:(I,0) (J,2) (K,4)
J:(J,0) (K,2)
K:(K,0)
S:(S,0) (A,5) (E,-67) (F,10) (G,12) (H,14) (I,16) (J,18) (K,20) (B,8) (C,2) (D,-62)
-----
A:(A,0) (B,3) (C,-3) (D,-68) (E,-73)
B:(B,0) (C,-6) (D,-72) (A,-4) (E,-76)
C:(C,0) (A,2) (B,5) (E,-71) (D,-66)
D:(D,0)
E:(E,0)
F:(F,0) (G,2) (H,4) (I,6) (J,8) (K,10)
G:(G,0) (H,2) (I,4) (J,6) (K,8)
H:(H,0) (I,2) (J,4) (K,6)
I:(I,0) (J,2) (K,4)
J:(J,0) (K,2)
K:(K,0)
S:(S,0) (A,5) (E,-67) (F,10) (G,12) (H,14) (I,16) (J,18) (K,20) (B,8) (C,2) (D,-63)
-----
A:(A,0) (B,3) (C,-3) (D,-69) (E,-73)
B:(B,0) (C,-6) (D,-72) (A,-4) (E,-77)
C:(C,0) (A,2) (B,5) (E,-71) (D,-67)
D:(D,0)
E:(E,0)
F:(F,0) (G,2) (H,4) (I,6) (J,8) (K,10)
G:(G,0) (H,2) (I,4) (J,6) (K,8)
H:(H,0) (I,2) (J,4) (K,6)
I:(I,0) (J,2) (K,4)
J:(J,0) (K,2)
K:(K,0)
S:(S,0) (A,5) (E,-68) (F,10) (G,12) (H,14) (I,16) (J,18) (K,20) (B,8) (C,2) (D,-63)
-----
A:(A,0) (B,3) (C,-3) (D,-69) (E,-74)
B:(B,0) (C,-6) (D,-73) (A,-4) (E,-77)
C:(C,0) (A,2) (B,5) (E,-72) (D,-67)
D:(D,0)
E:(E,0)
F:(F,0) (G,2) (H,4) (I,6) (J,8) (K,10)
G:(G,0) (H,2) (I,4) (J,6) (K,8)
H:(H,0) (I,2) (J,4) (K,6)
I:(I,0) (J,2) (K,4)
J:(J,0) (K,2)
K:(K,0)
S:(S,0) (A,5) (E,-68) (F,10) (G,12) (H,14) (I,16) (J,18) (K,20) (B,8) (C,2) (D,-64)
-----
A:(A,0) (B,3) (C,-3) (D,-70) (E,-74)
B:(B,0) (C,-6) (D,-73) (A,-4) (E,-78)
C:(C,0) (A,2) (B,5) (E,-72) (D,-68)
D:(D,0)
E:(E,0)
F:(F,0) (G,2) (H,4) (I,6) (J,8) (K,10)
G:(G,0) (H,2) (I,4) (J,6) (K,8)
H:(H,0) (I,2) (J,4) (K,6)
I:(I,0) (J,2) (K,4)
J:(J,0) (K,2)
K:(K,0)
S:(S,0) (A,5) (E,-69) (F,10) (G,12) (H,14) (I,16) (J,18) (K,20) (B,8) (C,2) (D,-64)
-----
A:(A,0) (B,3) (C,-3) (D,-70) (E,-75)
B:(B,0) (C,-6) (D,-74) (A,-4) (E,-78)
C:(C,0) (A,2) (B,5) (E,-73) (D,-68)
D:(D,0)
E:(E,0)
F:(F,0) (G,2) (H,4) (I,6) (J,8) (K,10)
G:(G,0) (H,2) (I,4) (J,6) (K,8)
H:(H,0) (I,2) (J,4) (K,6)
I:(I,0) (J,2) (K,4)
J:(J,0) (K,2)
K:(K,0)
S:(S,0) (A,5) (E,-69) (F,10) (G,12) (H,14) (I,16) (J,18) (K,20) (B,8) (C,2) (D,-65)
-----
A:(A,0) (B,3) (C,-3) (D,-71) (E,-75)
B:(B,0) (C,-6) (D,-74) (A,-4) (E,-79)
C:(C,0) (A,2) (B,5) (E,-73) (D,-69)
D:(D,0)
E:(E,0)
F:(F,0) (G,2) (H,4) (I,6) (J,8) (K,10)
G:(G,0) (H,2) (I,4) (J,6) (K,8)
H:(H,0) (I,2) (J,4) (K,6)
I:(I,0) (J,2) (K,4)
J:(J,0) (K,2)
K:(K,0)
S:(S,0) (A,5) (E,-70) (F,10) (G,12) (H,14) (I,16) (J,18) (K,20) (B,8) (C,2) (D,-65)
-----
A:(A,0) (B,3) (C,-3) (D,-71) (E,-76)
B:(B,0) (C,-6) (D,-75) (A,-4) (E,-79)
C:(C,0) (A,2) (B,5) (E,-74) (D,-69)
D:(D,0)
E:(E,0)
F:(F,0) (G,2) (H,4) (I,6) (J,8) (K,10)
G:(G,0) (H,2) (I,4) (J,6) (K,8)
H:(H,0) (I,2) (J,4) (K,6)
I:(I,0) (J,2) (K,4)
J:(J,0) (K,2)
K:(K,0)
S:(S,0) (A,5) (E,-70) (F,10) (G,12) (H,14) (I,16) (J,18) (K,20) (B,8) (C,2) (D,-66)
-----
A:(A,0) (B,3) (C,-3) (D,-72) (E,-76)
B:(B,0) (C,-6) (D,-75) (A,-4) (E,-80)
C:(C,0) (A,2) (B,5) (E,-74) (D,-70)
D:(D,0)
E:(E,0)
F:(F,0) (G,2) (H,4) (I,6) (J,8) (K,10)
G:(G,0) (H,2) (I,4) (J,6) (K,8)
H:(H,0) (I,2) (J,4) (K,6)
I:(I,0) (J,2) (K,4)
J:(J,0) (K,2)
K:(K,0)
S:(S,0) (A,5) (E,-71) (F,10) (G,12) (H,14) (I,16) (J,18) (K,20) (B,8) (C,2) (D,-66)
-----
A:(A,0) (B,3) (C,-3) (D,-72) (E,-77)
B:(B,0) (C,-6) (D,-76) (A,-4) (E,-80)
C:(C,0) (A,2) (B,5) (E,-75) (D,-70)
D:(D,0)
E:(E,0)
F:(F,0) (G,2) (H,4) (I,6) (J,8) (K,10)
G:(G,0) (H,2) (I,4) (J,6) (K,8)
H:(H,0) (I,2) (J,4) (K,6)
I:(I,0) (J,2) (K,4)
J:(J,0) (K,2)
K:(K,0)
S:(S,0) (A,5) (E,-71) (F,10) (G,12) (H,14) (I,16) (J,18) (K,20) (B,8) (C,2) (D,-67)
-----
A:(A,0) (B,3) (C,-3) (D,-73) (E,-77)
B:(B,0) (C,-6) (D,-76) (A,-4) (E,-81)
C:(C,0) (A,2) (B,5) (E,-75) (D,-71)
D:(D,0)
E:(E,0)
F:(F,0) (G,2) (H,4) (I,6) (J,8) (K,10)
G:(G,0) (H,2) (I,4) (J,6) (K,8)
H:(H,0) (I,2) (J,4) (K,6)
I:(I,0) (J,2) (K,4)
J:(J,0) (K,2)
K:(K,0)
S:(S,0) (A,5) (E,-72) (F,10) (G,12) (H,14) (I,16) (J,18) (K,20) (B,8) (C,2) (D,-67)
-----
A:(A,0) (B,3) (C,-3) (D,-73) (E,-78)
B:(B,0) (C,-6) (D,-77) (A,-4) (E,-81)
C:(C,0) (A,2) (B,5) (E,-76) (D,-71)
D:(D,0)
E:(E,0)
F:(F,0) (G,2) (H,4) (I,6) (J,8) (K,10)
G:(G,0) (H,2) (I,4) (J,6) (K,8)
H:(H,0) (I,2) (J,4) (K,6)
I:(I,0) (J,2) (K,4)
J:(J,0) (K,2)
K:(K,0)
S:(S,0) (A,5) (E,-72) (F,10) (G,12) (H,14) (I,16) (J,18) (K,20) (B,8) (C,2) (D,-68)
-----
A:(A,0) (B,3) (C,-3) (D,-74) (E,-78)
B:(B,0) (C,-6) (D,-77) (A,-4) (E,-82)
C:(C,0) (A,2) (B,5) (E,-76) (D,-72)
D:(D,0)
E:(E,0)
F:(F,0) (G,2) (H,4) (I,6) (J,8) (K,10)
G:(G,0) (H,2) (I,4) (J,6) (K,8)
H:(H,0) (I,2) (J,4) (K,6)
I:(I,0) (J,2) (K,4)
J:(J,0) (K,2)
K:(K,0)
S:(S,0) (A,5) (E,-73) (F,10) (G,12) (H,14) (I,16) (J,18) (K,20) (B,8) (C,2) (D,-68)
-----
A:(A,0) (B,3) (C,-3) (D,-74) (E,-79)
B:(B,0) (C,-6) (D,-78) (A,-4) (E,-82)
C:(C,0) (A,2) (B,5) (E,-77) (D,-72)
D:(D,0)
E:(E,0)
F:(F,0) (G,2) (H,4) (I,6) (J,8) (K,10)
G:(G,0) (H,2) (I,4) (J,6) (K,8)
H:(H,0) (I,2) (J,4) (K,6)
I:(I,0) (J,2) (K,4)
J:(J,0) (K,2)
K:(K,0)
S:(S,0) (A,5) (E,-73) (F,10) (G,12) (H,14) (I,16) (J,18) (K,20) (B,8) (C,2) (D,-69)
-----
A:(A,0) (B,3) (C,-3) (D,-75) (E,-79)
B:(B,0) (C,-6) (D,-78) (A,-4) (E,-83)
C:(C,0) (A,2) (B,5) (E,-77) (D,-73)
D:(D,0)
E:(E,0)
F:(F,0) (G,2) (H,4) (I,6) (J,8) (K,10)
G:(G,0) (H,2) (I,4) (J,6) (K,8)
H:(H,0) (I,2) (J,4) (K,6)
I:(I,0) (J,2) (K,4)
J:(J,0) (K,2)
K:(K,0)
S:(S,0) (A,5) (E,-74) (F,10) (G,12) (H,14) (I,16) (J,18) (K,20) (B,8) (C,2) (D,-69)
-----
A:(A,0) (B,3) (C,-3) (D,-75) (E,-80)
B:(B,0) (C,-6) (D,-79) (A,-4) (E,-83)
C:(C,0) (A,2) (B,5) (E,-78) (D,-73)
D:(D,0)
E:(E,0)
F:(F,0) (G,2) (H,4) (I,6) (J,8) (K,10)
G:(G,0) (H,2) (I,4) (J,6) (K,8)
H:(H,0) (I,2) (J,4) (K,6)
I:(I,0) (J,2) (K,4)
J:(J,0) (K,2)
K:(K,0)
S:(S,0) (A,5) (E,-74) (F,10) (G,12) (H,14) (I,16) (J,18) (K,20) (B,8) (C,2) (D,-70)
-----
A:(A,0) (B,3) (C,-3) (D,-76) (E,-80)
B:(B,0) (C,-6) (D,-79) (A,-4) (E,-84)
C:(C,0) (A,2) (B,5) (E,-78) (D,-74)
D:(D,0)
E:(E,0)
F:(F,0) (G,2) (H,4) (I,6) (J,8) (K,10)
G:(G,0) (H,2) (I,4) (J,6) (K,8)
H:(H,0) (I,2) (J,4) (K,6)
I:(I,0) (J,2) (K,4)
J:(J,0) (K,2)
K:(K,0)
S:(S,0) (A,5) (E,-75) (F,10) (G,12) (H,14) (I,16) (J,18) (K,20) (B,8) (C,2) (D,-70)
-----
A:(A,0) (B,3) (C,-3) (D,-76) (E,-81)
B:(B,0) (C,-6) (D,-80) (A,-4) (E,-84)
C:(C,0) (A,2) (B,5) (E,-79) (D,-74)
D:(D,0)
E:(E,0)
F:(F,0) (G,2) (H,4) (I,6) (J,8) (K,10)
G:(G,0) (H,2) (I,4) (J,6) (K,8)
H:(H,0) (I,2) (J,4) (K,6)
I:(I,0) (J,2) (K,4)
J:(J,0) (K,2)
K:(K,0)
S:(S,0) (A,5) (E,-75) (F,10) (G,12) (H,14) (I,16) (J,18) (K,20) (B,8) (C,2) (D,-71)
-----
A:(A,0) (B,3) (C,-3) (D,-77) (E,-81)
B:(B,0) (C,-6) (D,-80) (A,-4) (E,-85)
C:(C,0) (A,2) (B,5) (E,-79) (D,-75)
D:(D,0)
E:(E,0)
F:(F,0) (G,2) (H,4) (I,6) (J,8) (K,10)
G:(G,0) (H,2) (I,4) (J,6) (K,8)
H:(H,0) (I,2) (J,4) (K,6)
I:(I,0) (J,2) (K,4)
J:(J,0) (K,2)
K:(K,0)
S:(S,0) (A,5) (E,-76) (F,10) (G,12) (H,14) (I,16) (J,18) (K,20) (B,8) (C,2) (D,-71)
-----
A:(A,0) (B,3) (C,-3) (D,-77) (E,-82)
B:(B,0) (C,-6) (D,-81) (A,-4) (E,-85)
C:(C,0) (A,2) (B,5) (E,-80) (D,-75)
D:(D,0)
E:(E,0)
F:(F,0) (G,2) (H,4) (I,6) (J,8) (K,10)
G:(G,0) (H,2) (I,4) (J,6) (K,8)
H:(H,0) (I,2) (J,4) (K,6)
I:(I,0) (J,2) (K,4)
J:(J,0) (K,2)
K:(K,0)
S:(S,0) (A,5) (E,-76) (F,10) (G,12) (H,14) (I,16) (J,18) (K,20) (B,8) (C,2) (D,-72)
-----
A:(A,0) (B,3) (C,-3) (D,-78) (E,-82)
B:(B,0) (C,-6) (D,-81) (A,-4) (E,-86)
C:(C,0) (A,2) (B,5) (E,-80) (D,-76)
D:(D,0)
E:(E,0)
F:(F,0) (G,2) (H,4) (I,6) (J,8) (K,10)
G:(G,0) (H,2) (I,4) (J,6) (K,8)
H:(H,0) (I,2) (J,4) (K,6)
I:(I,0) (J,2) (K,4)
J:(J,0) (K,2)
K:(K,0)
S:(S,0) (A,5) (E,-77) (F,10) (G,12) (H,14) (I,16) (J,18) (K,20) (B,8) (C,2) (D,-72)
-----
A:(A,0) (B,3) (C,-3) (D,-78) (E,-83)
B:(B,0) (C,-6) (D,-82) (A,-4) (E,-86)
C:(C,0) (A,2) (B,5) (E,-81) (D,-76)
D:(D,0)
E:(E,0)
F:(F,0) (G,2) (H,4) (I,6) (J,8) (K,10)
G:(G,0) (H,2) (I,4) (J,6) (K,8)
H:(H,0) (I,2) (J,4) (K,6)
I:(I,0) (J,2) (K,4)
J:(J,0) (K,2)
K:(K,0)
S:(S,0) (A,5) (E,-77) (F,10) (G,12) (H,14) (I,16) (J,18) (K,20) (B,8) (C,2) (D,-73)
-----
A:(A,0) (B,3) (C,-3) (D,-79) (E,-83)
B:(B,0) (C,-6) (D,-82) (A,-4) (E,-87)
C:(C,0) (A,2) (B,5) (E,-81) (D,-77)
D:(D,0)
E:(E,0)
F:(F,0) (G,2) (H,4) (I,6) (J,8) (K,10)
G:(G,0) (H,2) (I,4) (J,6) (K,8)
H:(H,0) (I,2) (J,4) (K,6)
I:(I,0) (J,2) (K,4)
J:(J,0) (K,2)
K:(K,0)
S:(S,0) (A,5) (E,-78) (F,10) (G,12) (H,14) (I,16) (J,18) (K,20) (B,8) (C,2) (D,-73)
-----
A:(A,0) (B,3) (C,-3) (D,-79) (E,-84)
B:(B,0) (C,-6) (D,-83) (A,-4) (E,-87)
C:(C,0) (A,2) (B,5) (E,-82) (D,-77)
D:(D,0)
E:(E,0)
F:(F,0) (G,2) (H,4) (I,6) (J,8) (K,10)
G:(G,0) (H,2) (I,4) (J,6) (K,8)
H:(H,0) (I,2) (J,4) (K,6)
I:(I,0) (J,2) (K,4)
J:(J,0) (K,2)
K:(K,0)
S:(S,0) (A,5) (E,-78) (F,10) (G,12) (H,14) (I,16) (J,18) (K,20) (B,8) (C,2) (D,-74)
-----
A:(A,0) (B,3) (C,-3) (D,-80) (E,-84)
B:(B,0) (C,-6) (D,-83) (A,-4) (E,-88)
C:(C,0) (A,2) (B,5) (E,-82) (D,-78)
D:(D,0)
E:(E,0)
F:(F,0) (G,2) (H,4) (I,6) (J,8) (K,10)
G:(G,0) (H,2) (I,4) (J,6) (K,8)
H:(H,0) (I,2) (J,4) (K,6)
I:(I,0) (J,2) (K,4)
J:(J,0) (K,2)
K:(K,0)
S:(S,0) (A,5) (E,-79) (F,10) (G,12) (H,14) (I,16) (J,18) (K,20) (B,8) (C,2) (D,-74)
-----
A:(A,0) (B,3) (C,-3) (D,-80) (E,-85)
B:(B,0) (C,-6) (D,-84) (A,-4) (E,-88)
C:(C,0) (A,2) (B,5) (E,-83) (D,-78)
D:(D,0)
E:(E,0)
F:(F,0) (G,2) (H,4) (I,6) (J,8) (K,10)
G:(G,0) (H,2) (I,4) (J,6) (K,8)
H:(H,0) (I,2) (J,4) (K,6)
I:(I,0) (J,2) (K,4)
J:(J,0) (K,2)
K:(K,0)
S:(S,0) (A,5) (E,-79) (F,10) (G,12) (H,14) (I,16) (J,18) (K,20) (B,8) (C,2) (D,-75)
-----
A:(A,0) (B,3) (C,-3) (D,-81) (E,-85)
B:(B,0) (C,-6) (D,-84) (A,-4) (E,-89)
C:(C,0) (A,2) (B,5) (E,-83) (D,-79)
D:(D,0)
E:(E,0)
F:(F,0) (G,2) (H,4) (I,6) (J,8) (K,10)
G:(G,0) (H,2) (I,4) (J,6) (K,8)
H:(H,0) (I,2) (J,4) (K,6)
I:(I,0) (J,2) (K,4)
J:(J,0) (K,2)
K:(K,0)
S:(S,0) (A,5) (E,-80) (F,10) (G,12) (H,14) (I,16) (J,18) (K,20) (B,8) (C,2) (D,-75)
-----
A:(A,0) (B,3) (C,-3) (D,-81) (E,-86)
B:(B,0) (C,-6) (D,-85) (A,-4) (E,-89)
C:(C,0) (A,2) (B,5) (E,-84) (D,-79)
D:(D,0)
E:(E,0)
F:(F,0) (G,2) (H,4) (I,6) (J,8) (K,10)
G:(G,0) (H,2) (I,4) (J,6) (K,8)
H:(H,0) (I,2) (J,4) (K,6)
I:(I,0) (J,2) (K,4)
J:(J,0) (K,2)
K:(K,0)
S:(S,0) (A,5) (E,-80) (F,10) (G,12) (H,14) (I,16) (J,18) (K,20) (B,8) (C,2) (D,-76)
-----
A:(A,0) (B,3) (C,-3) (D,-82) (E,-86)
B:(B,0) (C,-6) (D,-85) (A,-4) (E,-90)
C:(C,0) (A,2) (B,5) (E,-84) (D,-80)
D:(D,0)
E:(E,0)
F:(F,0) (G,2) (H,4) (I,6) (J,8) (K,10)
G:(G,0) (H,2) (I,4) (J,6) (K,8)
H:(H,0) (I,2) (J,4) (K,6)
I:(I,0) (J,2) (K,4)
J:(J,0) (K,2)
K:(K,0)
S:(S,0) (A,5) (E,-81) (F,10) (G,12) (H,14) (I,16) (J,18) (K,20) (B,8) (C,2) (D,-76)
-----
A:(A,0) (B,3) (C,-3) (D,-82) (E,-87)
B:(B,0) (C,-6) (D,-86) (A,-4) (E,-90)
C:(C,0) (A,2) (B,5) (E,-85) (D,-80)
D:(D,0)
E:(E,0)
F:(F,0) (G,2) (H,4) (I,6) (J,8) (K,10)
G:(G,0) (H,2) (I,4) (J,6) (K,8)
H:(H,0) (I,2) (J,4) (K,6)
I:(I,0) (J,2) (K,4)
J:(J,0) (K,2)
K:(K,0)
S:(S,0) (A,5) (E,-81) (F,10) (G,12) (H,14) (I,16) (J,18) (K,20) (B,8) (C,2) (D,-77)
-----
A:(A,0) (B,3) (C,-3) (D,-83) (E,-87)
B:(B,0) (C,-6) (D,-86) (A,-4) (E,-91)
C:(C,0) (A,2) (B,5) (E,-85) (D,-81)
D:(D,0)
E:(E,0)
F:(F,0) (G,2) (H,4) (I,6) (J,8) (K,10)
G:(G,0) (H,2) (I,4) (J,6) (K,8)
H:(H,0) (I,2) (J,4) (K,6)
I:(I,0) (J,2) (K,4)
J:(J,0) (K,2)
K:(K,0)
S:(S,0) (A,5) (E,-82) (F,10) (G,12) (H,14) (I,16) (J,18) (K,20) (B,8) (C,2) (D,-77)
-----
A:(A,0) (B,3) (C,-3) (D,-83) (E,-88)
B:(B,0) (C,-6) (D,-87) (A,-4) (E,-91)
C:(C,0) (A,2) (B,5) (E,-86) (D,-81)
D:(D,0)
E:(E,0)
F:(F,0) (G,2) (H,4) (I,6) (J,8) (K,10)
G:(G,0) (H,2) (I,4) (J,6) (K,8)
H:(H,0) (I,2) (J,4) (K,6)
I:(I,0) (J,2) (K,4)
J:(J,0) (K,2)
K:(K,0)
S:(S,0) (A,5) (E,-82) (F,10) (G,12) (H,14) (I,16) (J,18) (K,20) (B,8) (C,2) (D,-78)
-----
A:(A,0) (B,3) (C,-3) (D,-84) (E,-88)
B:(B,0) (C,-6) (D,-87) (A,-4) (E,-92)
C:(C,0) (A,2) (B,5) (E,-86) (D,-82)
D:(D,0)
E:(E,0)
F:(F,0) (G,2) (H,4) (I,6) (J,8) (K,10)
G:(G,0) (H,2) (I,4) (J,6) (K,8)
H:(H,0) (I,2) (J,4) (K,6)
I:(I,0) (J,2) (K,4)
J:(J,0) (K,2)
K:(K,0)
S:(S,0) (A,5) (E,-83) (F,10) (G,12) (H,14) (I,16) (J,18) (K,20) (B,8) (C,2) (D,-78)
-----
A:(A,0) (B,3) (C,-3) (D,-84) (E,-89)
B:(B,0) (C,-6) (D,-88) (A,-4) (E,-92)
C:(C,0) (A,2) (B,5) (E,-87) (D,-82)
D:(D,0)
E:(E,0)
F:(F,0) (G,2) (H,4) (I,6) (J,8) (K,10)
G:(G,0) (H,2) (I,4) (J,6) (K,8)
H:(H,0) (I,2) (J,4) (K,6)
I:(I,0) (J,2) (K,4)
J:(J,0) (K,2)
K:(K,0)
S:(S,0) (A,5) (E,-83) (F,10) (G,12) (H,14) (I,16) (J,18) (K,20) (B,8) (C,2) (D,-79)
-----
A:(A,0) (B,3) (C,-3) (D,-85) (E,-89)
B:(B,0) (C,-6) (D,-88) (A,-4) (E,-93)
C:(C,0) (A,2) (B,5) (E,-87) (D,-83)
D:(D,0)
E:(E,0)
F:(F,0) (G,2) (H,4) (I,6) (J,8) (K,10)
G:(G,0) (H,2) (I,4) (J,6) (K,8)
H:(H,0) (I,2) (J,4) (K,6)
I:(I,0) (J,2) (K,4)
J:(J,0) (K,2)
K:(K,0)
S:(S,0) (A,5) (E,-84) (F,10) (G,12) (H,14) (I,16) (J,18) (K,20) (B,8) (C,2) (D,-79)
-----
A:(A,0) (B,3) (C,-3) (D,-85) (E,-90)
B:(B,0) (C,-6) (D,-89) (A,-4) (E,-93)
C:(C,0) (A,2) (B,5) (E,-88) (D,-83)
D:(D,0)
E:(E,0)
F:(F,0) (G,2) (H,4) (I,6) (J,8) (K,10)
G:(G,0) (H,2) (I,4) (J,6) (K,8)
H:(H,0) (I,2) (J,4) (K,6)
I:(I,0) (J,2) (K,4)
J:(J,0) (K,2)
K:(K,0)
S:(S,0) (A,5) (E,-84) (F,10) (G,12) (H,14) (I,16) (J,18) (K,20) (B,8) (C,2) (D,-80)
-----
A:(A,0) (B,3) (C,-3) (D,-86) (E,-90)
B:(B,0) (C,-6) (D,-89) (A,-4) (E,-94)
C:(C,0) (A,2) (B,5) (E,-88) (D,-84)
D:(D,0)
E:(E,0)
F:(F,0) (G,2) (H,4) (I,6) (J,8) (K,10)
G:(G,0) (H,2) (I,4) (J,6) (K,8)
H:(H,0) (I,2) (J,4) (K,6)
I:(I,0) (J,2) (K,4)
J:(J,0) (K,2)
K:(K,0)
S:(S,0) (A,5) (E,-85) (F,10) (G,12) (H,14) (I,16) (J,18) (K,20) (B,8) (C,2) (D,-80)
-----
A:(A,0) (B,3) (C,-3) (D,-86) (E,-91)
B:(B,0) (C,-6) (D,-90) (A,-4) (E,-94)
C:(C,0) (A,2) (B,5) (E,-89) (D,-84)
D:(D,0)
E:(E,0)
F:(F,0) (G,2) (H,4) (I,6) (J,8) (K,10)
G:(G,0) (H,2) (I,4) (J,6) (K,8)
H:(H,0) (I,2) (J,4) (K,6)
I:(I,0) (J,2) (K,4)
J:(J,0) (K,2)
K:(K,0)
S:(S,0) (A,5) (E,-85) (F,10) (G,12) (H,14) (I,16) (J,18) (K,20) (B,8) (C,2) (D,-81)
-----
A:(A,0) (B,3) (C,-3) (D,-87) (E,-91)
B:(B,0) (C,-6) (D,-90) (A,-4) (E,-95)
C:(C,0) (A,2) (B,5) (E,-89) (D,-85)
D:(D,0)
E:(E,0)
F:(F,0) (G,2) (H,4) (I,6) (J,8) (K,10)
G:(G,0) (H,2) (I,4) (J,6) (K,8)
H:(H,0) (I,2) (J,4) (K,6)
I:(I,0) (J,2) (K,4)
J:(J,0) (K,2)
K:(K,0)
S:(S,0) (A,5) (E,-86) (F,10) (G,12) (H,14) (I,16) (J,18) (K,20) (B,8) (C,2) (D,-81)
-----
A:(A,0) (B,3) (C,-3) (D,-87) (E,-92)
B:(B,0) (C,-6) (D,-91) (A,-4) (E,-95)
C:(C,0) (A,2) (B,5) (E,-90) (D,-85)
D:(D,0)
E:(E,0)
F:(F,0) (G,2) (H,4) (I,6) (J,8) (K,10)
G:(G,0) (H,2) (I,4) (J,6) (K,8)
H:(H,0) (I,2) (J,4) (K,6)
I:(I,0) (J,2) (K,4)
J:(J,0) (K,2)
K:(K,0)
S:(S,0) (A,5) (E,-86) (F,10) (G,12) (H,14) (I,16) (J,18) (K,20) (B,8) (C,2) (D,-82)
-----
A:(A,0) (B,3) (C,-3) (D,-88) (E,-92)
B:(B,0) (C,-6) (D,-91) (A,-4) (E,-96)
C:(C,0) (A,2) (B,5) (E,-90) (D,-86)
D:(D,0)
E:(E,0)
F:(F,0) (G,2) (H,4) (I,6) (J,8) (K,10)
G:(G,0) (H,2) (I,4) (J,6) (K,8)
H:(H,0) (I,2) (J,4) (K,6)
I:(I,0) (J,2) (K,4)
J:(J,0) (K,2)
K:(K,0)
S:(S,0) (A,5) (E,-87) (F,10) (G,12) (H,14) (I,16) (J,18) (K,20) (B,8) (C,2) (D,-82)
-----
A:(A,0) (B,3) (C,-3) (D,-88) (E,-93)
B:(B,0) (C,-6) (D,-92) (A,-4) (E,-96)
C:(C,0) (A,2) (B,5) (E,-91) (D,-86)
D:(D,0)
E:(E,0)
F:(F,0) (G,2) (H,4) (I,6) (J,8) (K,10)
G:(G,0) (H,2) (I,4) (J,6) (K,8)
H:(H,0) (I,2) (J,4) (K,6)
I:(I,0) (J,2) (K,4)
J:(J,0) (K,2)
K:(K,0)
S:(S,0) (A,5) (E,-87) (F,10) (G,12) (H,14) (I,16) (J,18) (K,20) (B,8) (C,2) (D,-83)
-----
A:(A,0) (B,3) (C,-3) (D,-89) (E,-93)
B:(B,0) (C,-6) (D,-92) (A,-4) (E,-97)
C:(C,0) (A,2) (B,5) (E,-91) (D,-87)
D:(D,0)
E:(E,0)
F:(F,0) (G,2) (H,4) (I,6) (J,8) (K,10)
G:(G,0) (H,2) (I,4) (J,6) (K,8)
H:(H,0) (I,2) (J,4) (K,6)
I:(I,0) (J,2) (K,4)
J:(J,0) (K,2)
K:(K,0)
S:(S,0) (A,5) (E,-88) (F,10) (G,12) (H,14) (I,16) (J,18) (K,20) (B,8) (C,2) (D,-83)
-----
A:(A,0) (B,3) (C,-3) (D,-89) (E,-94)
B:(B,0) (C,-6) (D,-93) (A,-4) (E,-97)
C:(C,0) (A,2) (B,5) (E,-92) (D,-87)
D:(D,0)
E:(E,0)
F:(F,0) (G,2) (H,4) (I,6) (J,8) (K,10)
G:(G,0) (H,2) (I,4) (J,6) (K,8)
H:(H,0) (I,2) (J,4) (K,6)
I:(I,0) (J,2) (K,4)
J:(J,0) (K,2)
K:(K,0)
S:(S,0) (A,5) (E,-88) (F,10) (G,12) (H,14) (I,16) (J,18) (K,20) (B,8) (C,2) (D,-84)
-----
A:(A,0) (B,3) (C,-3) (D,-90) (E,-94)
B:(B,0) (C,-6) (D,-93) (A,-4) (E,-98)
C:(C,0) (A,2) (B,5) (E,-92) (D,-88)
D:(D,0)
E:(E,0)
F:(F,0) (G,2) (H,4) (I,6) (J,8) (K,10)
G:(G,0) (H,2) (I,4) (J,6) (K,8)
H:(H,0) (I,2) (J,4) (K,6)
I:(I,0) (J,2) (K,4)
J:(J,0) (K,2)
K:(K,0)
S:(S,0) (A,5) (E,-89) (F,10) (G,12) (H,14) (I,16) (J,18) (K,20) (B,8) (C,2) (D,-84)
-----
A:(A,0) (B,3) (C,-3) (D,-90) (E,-95)
B:(B,0) (C,-6) (D,-94) (A,-4) (E,-98)
C:(C,0) (A,2) (B,5) (E,-93) (D,-88)
D:(D,0)
E:(E,0)
F:(F,0) (G,2) (H,4) (I,6) (J,8) (K,10)
G:(G,0) (H,2) (I,4) (J,6) (K,8)
H:(H,0) (I,2) (J,4) (K,6)
I:(I,0) (J,2) (K,4)
J:(J,0) (K,2)
K:(K,0)
S:(S,0) (A,5) (E,-89) (F,10) (G,12) (H,14) (I,16) (J,18) (K,20) (B,8) (C,2) (D,-85)
-----
A:(A,0) (B,3) (C,-3) (D,-91) (E,-95)
B:(B,0) (C,-6) (D,-94) (A,-4) (E,-99)
C:(C,0) (A,2) (B,5) (E,-93) (D,-89)
D:(D,0)
E:(E,0)
F:(F,0) (G,2) (H,4) (I,6) (J,8) (K,10)
G:(G,0) (H,2) (I,4) (J,6) (K,8)
H:(H,0) (I,2) (J,4) (K,6)
I:(I,0) (J,2) (K,4)
J:(J,0) (K,2)
K:(K,0)
S:(S,0) (A,5) (E,-90) (F,10) (G,12) (H,14) (I,16) (J,18) (K,20) (B,8) (C,2) (D,-85)
-----
A:(A,0) (B,3) (C,-3) (D,-91) (E,-99)
B:(B,0) (C,-6) (D,-95) (A,-4) (E,-99)
C:(C,0) (A,2) (B,5) (E,-99) (D,-89)
D:(D,0)
E:(E,0)
F:(F,0) (G,2) (H,4) (I,6) (J,8) (K,10)
G:(G,0) (H,2) (I,4) (J,6) (K,8)
H:(H,0) (I,2) (J,4) (K,6)
I:(I,0) (J,2) (K,4)
J:(J,0) (K,2)
K:(K,0)
S:(S,0) (A,5) (E,-90) (F,10) (G,12) (H,14) (I,16) (J,18) (K,20) (B,8) (C,2) (D,-86)
-----
A:(A,0) (B,3) (C,-3) (D,-92) (E,-99)
B:(B,0) (C,-6) (D,-95) (A,-4) (E,-99)
C:(C,0) (A,2) (B,5) (E,-99) (D,-90)
D:(D,0)
E:(E,0)
F:(F,0) (G,2) (H,4) (I,6) (J,8) (K,10)
G:(G,0) (H,2) (I,4) (J,6) (K,8)
H:(H,0) (I,2) (J,4) (K,6)
I:(I,0) (J,2) (K,4)
J:(J,0) (K,2)
K:(K,0)
S:(S,0) (A,5) (E,-99) (F,10) (G,12) (H,14) (I,16) (J,18) (K,20) (B,8) (C,2) (D,-86)
-----
A:(A,0) (B,3) (C,-3) (D,-92) (E,-99)
B:(B,0) (C,-6) (D,-96) (A,-4) (E,-99)
C:(C,0) (A,2) (B,5) (E,-99) (D,-90)
D:(D,0)
E:(E,0)
F:(F,0) (G,2) (H,4) (I,6) (J,8) (K,10)
G:(G,0) (H,2) (I,4) (J,6) (K,8)
H:(H,0) (I,2) (J,4) (K,6)
I:(I,0) (J,2) (K,4)
J:(J,0) (K,2)
K:(K,0)
S:(S,0) (A,5) (E,-99) (F,10) (G,12) (H,14) (I,16) (J,18) (K,20) (B,8) (C,2) (D,-87)
-----
A:(A,0) (B,3) (C,-3) (D,-93) (E,-99)
B:(B,0) (C,-6) (D,-96) (A,-4) (E,-99)
C:(C,0) (A,2) (B,5) (E,-99) (D,-91)
D:(D,0)
E:(E,0)
F:(F,0) (G,2) (H,4) (I,6) (J,8) (K,10)
G:(G,0) (H,2) (I,4) (J,6) (K,8)
H:(H,0) (I,2) (J,4) (K,6)
I:(I,0) (J,2) (K,4)
J:(J,0) (K,2)
K:(K,0)
S:(S,0) (A,5) (E,-99) (F,10) (G,12) (H,14) (I,16) (J,18) (K,20) (B,8) (C,2) (D,-87)
-----
A:(A,0) (B,3) (C,-3) (D,-93) (E,-99)
B:(B,0) (C,-6) (D,-97) (A,-4) (E,-99)
C:(C,0) (A,2) (B,5) (E,-99) (D,-91)
D:(D,0)
E:(E,0)
F:(F,0) (G,2) (H,4) (I,6) (J,8) (K,10)
G:(G,0) (H,2) (I,4) (J,6) (K,8)
H:(H,0) (I,2) (J,4) (K,6)
I:(I,0) (J,2) (K,4)
J:(J,0) (K,2)
K:(K,0)
S:(S,0) (A,5) (E,-99) (F,10) (G,12) (H,14) (I,16) (J,18) (K,20) (B,8) (C,2) (D,-88)
-----
A:(A,0) (B,3) (C,-3) (D,-94) (E,-99)
B:(B,0) (C,-6) (D,-97) (A,-4) (E,-99)
C:(C,0) (A,2) (B,5) (E,-99) (D,-92)
D:(D,0)
E:(E,0)
F:(F,0) (G,2) (H,4) (I,6) (J,8) (K,10)
G:(G,0) (H,2) (I,4) (J,6) (K,8)
H:(H,0) (I,2) (J,4) (K,6)
I:(I,0) (J,2) (K,4)
J:(J,0) (K,2)
K:(K,0)
S:(S,0) (A,5) (E,-99) (F,10) (G,12) (H,14) (I,16) (J,18) (K,20) (B,8) (C,2) (D,-88)
-----
A:(A,0) (B,3) (C,-3) (D,-94) (E,-99)
B:(B,0) (C,-6) (D,-98) (A,-4) (E,-99)
C:(C,0) (A,2) (B,5) (E,-99) (D,-92)
D:(D,0)
E:(E,0)
F:(F,0) (G,2) (H,4) (I,6) (J,8) (K,10)
G:(G,0) (H,2) (I,4) (J,6) (K,8)
H:(H,0) (I,2) (J,4) (K,6)
I:(I,0) (J,2) (K,4)
J:(J,0) (K,2)
K:(K,0)
S:(S,0) (A,5) (E,-99) (F,10) (G,12) (H,14) (I,16) (J,18) (K,20) (B,8) (C,2) (D,-89)
-----
A:(A,0) (B,3) (C,-3) (D,-95) (E,-99)
B:(B,0) (C,-6) (D,-98) (A,-4) (E,-99)
C:(C,0) (A,2) (B,5) (E,-99) (D,-93)
D:(D,0)
E:(E,0)
F:(F,0) (G,2) (H,4) (I,6) (J,8) (K,10)
G:(G,0) (H,2) (I,4) (J,6) (K,8)
H:(H,0) (I,2) (J,4) (K,6)
I:(I,0) (J,2) (K,4)
J:(J,0) (K,2)
K:(K,0)
S:(S,0) (A,5) (E,-99) (F,10) (G,12) (H,14) (I,16) (J,18) (K,20) (B,8) (C,2) (D,-89)
-----
A:(A,0) (B,3) (C,-3) (D,-95) (E,-99)
B:(B,0) (C,-6) (D,-99) (A,-4) (E,-99)
C:(C,0) (A,2) (B,5) (E,-99) (D,-93)
D:(D,0)
E:(E,0)
F:(F,0) (G,2) (H,4) (I,6) (J,8) (K,10)
G:(G,0) (H,2) (I,4) (J,6) (K,8)
H:(H,0) (I,2) (J,4) (K,6)
I:(I,0) (J,2) (K,4)
J:(J,0) (K,2)
K:(K,0)
S:(S,0) (A,5) (E,-99) (F,10) (G,12) (H,14) (I,16) (J,18) (K,20) (B,8) (C,2) (D,-90)
-----
A:(A,0) (B,3) (C,-3) (D,-99) (E,-99)
B:(B,0) (C,-6) (D,-99) (A,-4) (E,-99)
C:(C,0) (A,2) (B,5) (E,-99) (D,-99)
D:(D,0)
E:(E,0)
F:(F,0) (G,2) (H,4) (I,6) (J,8) (K,10)
G:(G,0) (H,2) (I,4) (J,6) (K,8)
H:(H,0) (I,2) (J,4) (K,6)
I:(I,0) (J,2) (K,4)
J:(J,0) (K,2)
K:(K,0)
S:(S,0) (A,5) (E,-99) (F,10) (G,12) (H,14) (I,16) (J,18) (K,20) (B,8) (C,2) (D,-90)
-----
A:(A,0) (B,3) (C,-3) (D,-99) (E,-99)
B:(B,0) (C,-6) (D,-99) (A,-4) (E,-99)
C:(C,0) (A,2) (B,5) (E,-99) (D,-99)
D:(D,0)
E:(E,0)
F:(F,0) (G,2) (H,4) (I,6) (J,8) (K,10)
G:(G,0) (H,2) (I,4) (J,6) (K,8)
H:(H,0) (I,2) (J,4) (K,6)
I:(I,0) (J,2) (K,4)
J:(J,0) (K,2)
K:(K,0)
S:(S,0) (A,5) (E,-99) (F,10) (G,12) (H,14) (I,16) (J,18) (K,20) (B,8) (C,2) (D,-99)
-----
