A:(A,0) (B,-1) (D,-2)
B:(B,0) (A,-1) (C,-1) (E,-1) (D,-3)
C:(C,0) (B,-1) (F,-1) (A,-2) (E,-2) (D,-4)
D:(D,0) (A,-1) (E,-1) (B,-2)
E:(E,0) (D,-1) (B,-1) (F,-1) (A,-2) (C,-2)
F:(F,0) (E,-1) (C,-1) (B,-2) (A,-3) (D,-5)
-----
A:(A,0) (B,-1) (D,-2) (C,-2) (E,-2)
B:(B,0) (A,-1) (C,-1) (E,-1) (D,-3) (F,-2)
C:(C,0) (B,-1) (F,-1) (A,-2) (E,-2) (D,-4)
D:(D,0) (A,-1) (E,-1) (B,-2) (F,-2) (C,-3)
E:(E,0) (D,-1) (B,-1) (F,-1) (A,-2) (C,-2)
F:(F,0) (E,-1) (C,-1) (B,-2) (A,-3) (D,-5)
-----
A:(A,0) (B,-1) (D,-2) (C,-2) (E,-2) (F,-3)
B:(B,0) (A,-1) (C,-1) (E,-1) (D,-3) (F,-2)
C:(C,0) (B,-1) (F,-1) (A,-2) (E,-2) (D,-4)
D:(D,0) (A,-1) (E,-1) (B,-2) (F,-2) (C,-3)
E:(E,0) (D,-1) (B,-1) (F,-1) (A,-2) (C,-2)
F:(F,0) (E,-1) (C,-1) (B,-2) (A,-3) (D,-5)
-----
